-- The C compiler identification is GNU 9.4.0
-- The CXX compiler identification is GNU 9.4.0
-- Check for working C compiler: /usr/bin/cc
-- Check for working C compiler: /usr/bin/cc -- works
-- Detecting C compiler ABI info
-- Detecting C compiler ABI info - done
-- Detecting C compile features
-- Detecting C compile features - done
-- Check for working CXX compiler: /usr/bin/c++
-- Check for working CXX compiler: /usr/bin/c++ -- works
-- Detecting CXX compiler ABI info
-- Detecting CXX compiler ABI info - done
-- Detecting CXX compile features
-- Detecting CXX compile features - done
-- Found ament_cmake_ros: 0.9.2 (/opt/ros/foxy/share/ament_cmake_ros/cmake)
-- Found PythonInterp: /usr/bin/python3 (found suitable version "3.8.10", minimum required is "3") 
-- Using PYTHON_EXECUTABLE: /usr/bin/python3
-- Override CMake install command with custom implementation using symlinks instead of copying resources
-- Found async_web_server_cpp: 2.0.0 (/opt/ros/foxy/share/async_web_server_cpp/cmake)
-- Found Boost: /usr/lib/x86_64-linux-gnu/cmake/Boost-1.71.0/BoostConfig.cmake (found suitable version "1.71.0", minimum required is "1.71.0") found components: filesystem regex thread 
-- Found cv_bridge: 3.0.7 (/opt/ros/foxy/share/cv_bridge/cmake)
-- Using all available rosidl_typesupport_c: rosidl_typesupport_fastrtps_c;rosidl_typesupport_introspection_c
-- Found rosidl_adapter: 1.3.0 (/opt/ros/foxy/share/rosidl_adapter/cmake)
-- Found OpenSSL: /usr/lib/x86_64-linux-gnu/libcrypto.so (found version "1.1.1f")  
-- Found FastRTPS: /opt/ros/foxy/include  
-- Using all available rosidl_typesupport_cpp: rosidl_typesupport_fastrtps_cpp;rosidl_typesupport_introspection_cpp
-- Found image_transport: 2.4.0 (/opt/ros/foxy/share/image_transport/cmake)
-- Found rmw_implementation_cmake: 1.0.3 (/opt/ros/foxy/share/rmw_implementation_cmake/cmake)
-- Using RMW implementation 'rmw_fastrtps_cpp' as default
-- Found Threads: TRUE  
-- Found OpenCV: /usr (found version "4.2.0") 
-- Found Boost: /usr/lib/x86_64-linux-gnu/cmake/Boost-1.71.0/BoostConfig.cmake (found version "1.71.0") found components: thread 
-- Found PkgConfig: /usr/bin/pkg-config (found version "0.29.1") 
-- Checking for module 'libavcodec'
--   Found libavcodec, version 58.54.100
-- Checking for module 'libavformat'
--   Found libavformat, version 58.29.100
-- Checking for module 'libavutil'
--   Found libavutil, version 56.31.100
-- Checking for module 'libswscale'
--   Found libswscale, version 5.5.100
-- Configuring done
-- Generating done
-- Build files have been written to: /home/maneesh/dev_ws/build/web_video_server
[35m[1mScanning dependencies of target web_video_server[0m
[ 18%] [32mBuilding CXX object CMakeFiles/web_video_server.dir/src/web_video_server.cpp.o[0m
[ 18%] [32mBuilding CXX object CMakeFiles/web_video_server.dir/src/image_streamer.cpp.o[0m
[ 36%] [32mBuilding CXX object CMakeFiles/web_video_server.dir/src/jpeg_streamers.cpp.o[0m
[ 36%] [32mBuilding CXX object CMakeFiles/web_video_server.dir/src/vp9_streamer.cpp.o[0m
[ 63%] [32mBuilding CXX object CMakeFiles/web_video_server.dir/src/libav_streamer.cpp.o[0m
[ 63%] [32mBuilding CXX object CMakeFiles/web_video_server.dir/src/ros_compressed_streamer.cpp.o[0m
[ 63%] [32mBuilding CXX object CMakeFiles/web_video_server.dir/src/h264_streamer.cpp.o[0m
[ 72%] [32mBuilding CXX object CMakeFiles/web_video_server.dir/src/vp8_streamer.cpp.o[0m
[ 90%] [32mBuilding CXX object CMakeFiles/web_video_server.dir/src/png_streamers.cpp.o[0m
[ 90%] [32mBuilding CXX object CMakeFiles/web_video_server.dir/src/multipart_stream.cpp.o[0m
[01m[K/home/maneesh/dev_ws/src/web_video_server/src/libav_streamer.cpp:[m[K In constructor ‘[01m[Kweb_video_server::LibavStreamer::LibavStreamer(const async_web_server_cpp::HttpRequest&, async_web_server_cpp::HttpConnectionPtr, rclcpp::Node::SharedPtr, const string&, const string&, const string&)[m[K’:
[01m[K/home/maneesh/dev_ws/src/web_video_server/src/libav_streamer.cpp:65:55:[m[K [01;35m[Kwarning: [m[K‘[01m[Kint av_lockmgr_register(int (*)(void**, AVLockOp))[m[K’ is deprecated [[01;35m[K-Wdeprecated-declarations[m[K]
   65 |   av_lockmgr_register(&ffmpeg_boost_mutex_lock_manager[01;35m[K)[m[K;
      |                                                       [01;35m[K^[m[K
In file included from [01m[K/home/maneesh/dev_ws/src/web_video_server/include/web_video_server/libav_streamer.h:11[m[K,
                 from [01m[K/home/maneesh/dev_ws/src/web_video_server/src/libav_streamer.cpp:1[m[K:
[01m[K/usr/include/x86_64-linux-gnu/libavcodec/avcodec.h:6163:5:[m[K [01;36m[Knote: [m[Kdeclared here
 6163 | int [01;36m[Kav_lockmgr_register[m[K(int (*cb)(void **mutex, enum AVLockOp op));
      |     [01;36m[K^~~~~~~~~~~~~~~~~~~[m[K
[01m[K/home/maneesh/dev_ws/src/web_video_server/src/libav_streamer.cpp:65:55:[m[K [01;35m[Kwarning: [m[K‘[01m[Kint av_lockmgr_register(int (*)(void**, AVLockOp))[m[K’ is deprecated [[01;35m[K-Wdeprecated-declarations[m[K]
   65 |   av_lockmgr_register(&ffmpeg_boost_mutex_lock_manager[01;35m[K)[m[K;
      |                                                       [01;35m[K^[m[K
In file included from [01m[K/home/maneesh/dev_ws/src/web_video_server/include/web_video_server/libav_streamer.h:11[m[K,
                 from [01m[K/home/maneesh/dev_ws/src/web_video_server/src/libav_streamer.cpp:1[m[K:
[01m[K/usr/include/x86_64-linux-gnu/libavcodec/avcodec.h:6163:5:[m[K [01;36m[Knote: [m[Kdeclared here
 6163 | int [01;36m[Kav_lockmgr_register[m[K(int (*cb)(void **mutex, enum AVLockOp op));
      |     [01;36m[K^~~~~~~~~~~~~~~~~~~[m[K
[01m[K/home/maneesh/dev_ws/src/web_video_server/src/libav_streamer.cpp:66:19:[m[K [01;35m[Kwarning: [m[K‘[01m[Kvoid av_register_all()[m[K’ is deprecated [[01;35m[K-Wdeprecated-declarations[m[K]
   66 |   av_register_all([01;35m[K)[m[K;
      |                   [01;35m[K^[m[K
In file included from [01m[K/home/maneesh/dev_ws/src/web_video_server/include/web_video_server/libav_streamer.h:12[m[K,
                 from [01m[K/home/maneesh/dev_ws/src/web_video_server/src/libav_streamer.cpp:1[m[K:
[01m[K/usr/include/x86_64-linux-gnu/libavformat/avformat.h:2050:6:[m[K [01;36m[Knote: [m[Kdeclared here
 2050 | void [01;36m[Kav_register_all[m[K(void);
      |      [01;36m[K^~~~~~~~~~~~~~~[m[K
[01m[K/home/maneesh/dev_ws/src/web_video_server/src/libav_streamer.cpp:66:19:[m[K [01;35m[Kwarning: [m[K‘[01m[Kvoid av_register_all()[m[K’ is deprecated [[01;35m[K-Wdeprecated-declarations[m[K]
   66 |   av_register_all([01;35m[K)[m[K;
      |                   [01;35m[K^[m[K
In file included from [01m[K/home/maneesh/dev_ws/src/web_video_server/include/web_video_server/libav_streamer.h:12[m[K,
                 from [01m[K/home/maneesh/dev_ws/src/web_video_server/src/libav_streamer.cpp:1[m[K:
[01m[K/usr/include/x86_64-linux-gnu/libavformat/avformat.h:2050:6:[m[K [01;36m[Knote: [m[Kdeclared here
 2050 | void [01;36m[Kav_register_all[m[K(void);
      |      [01;36m[K^~~~~~~~~~~~~~~[m[K
[01m[K/home/maneesh/dev_ws/src/web_video_server/src/libav_streamer.cpp:[m[K In member function ‘[01m[Kvirtual void web_video_server::LibavStreamer::initialize(const cv::Mat&)[m[K’:
[01m[K/home/maneesh/dev_ws/src/web_video_server/src/libav_streamer.cpp:160:35:[m[K [01;35m[Kwarning: [m[K‘[01m[KAVStream::codec[m[K’ is deprecated [[01;35m[K-Wdeprecated-declarations[m[K]
  160 |   codec_context_ = video_stream_->[01;35m[Kcodec[m[K;
      |                                   [01;35m[K^~~~~[m[K
In file included from [01m[K/home/maneesh/dev_ws/src/web_video_server/include/web_video_server/libav_streamer.h:12[m[K,
                 from [01m[K/home/maneesh/dev_ws/src/web_video_server/src/libav_streamer.cpp:1[m[K:
[01m[K/usr/include/x86_64-linux-gnu/libavformat/avformat.h:885:21:[m[K [01;36m[Knote: [m[Kdeclared here
  885 |     AVCodecContext *[01;36m[Kcodec[m[K;
      |                     [01;36m[K^~~~~[m[K
[01m[K/home/maneesh/dev_ws/src/web_video_server/src/libav_streamer.cpp:160:35:[m[K [01;35m[Kwarning: [m[K‘[01m[KAVStream::codec[m[K’ is deprecated [[01;35m[K-Wdeprecated-declarations[m[K]
  160 |   codec_context_ = video_stream_->[01;35m[Kcodec[m[K;
      |                                   [01;35m[K^~~~~[m[K
In file included from [01m[K/home/maneesh/dev_ws/src/web_video_server/include/web_video_server/libav_streamer.h:12[m[K,
                 from [01m[K/home/maneesh/dev_ws/src/web_video_server/src/libav_streamer.cpp:1[m[K:
[01m[K/usr/include/x86_64-linux-gnu/libavformat/avformat.h:885:21:[m[K [01;36m[Knote: [m[Kdeclared here
  885 |     AVCodecContext *[01;36m[Kcodec[m[K;
      |                     [01;36m[K^~~~~[m[K
[01m[K/home/maneesh/dev_ws/src/web_video_server/src/libav_streamer.cpp:160:35:[m[K [01;35m[Kwarning: [m[K‘[01m[KAVStream::codec[m[K’ is deprecated [[01;35m[K-Wdeprecated-declarations[m[K]
  160 |   codec_context_ = video_stream_->[01;35m[Kcodec[m[K;
      |                                   [01;35m[K^~~~~[m[K
In file included from [01m[K/home/maneesh/dev_ws/src/web_video_server/include/web_video_server/libav_streamer.h:12[m[K,
                 from [01m[K/home/maneesh/dev_ws/src/web_video_server/src/libav_streamer.cpp:1[m[K:
[01m[K/usr/include/x86_64-linux-gnu/libavformat/avformat.h:885:21:[m[K [01;36m[Knote: [m[Kdeclared here
  885 |     AVCodecContext *[01;36m[Kcodec[m[K;
      |                     [01;36m[K^~~~~[m[K
[100%] [32m[1mLinking CXX executable web_video_server[0m
[100%] Built target web_video_server
-- Install configuration: ""
-- Execute custom install script
-- Symlinking: /home/maneesh/dev_ws/install/web_video_server/lib/web_video_server/web_video_server
-- Symlinking: /home/maneesh/dev_ws/install/web_video_server/share/ament_index/resource_index/package_run_dependencies/web_video_server
-- Symlinking: /home/maneesh/dev_ws/install/web_video_server/share/ament_index/resource_index/parent_prefix_path/web_video_server
-- Symlinking: /home/maneesh/dev_ws/install/web_video_server/share/web_video_server/environment/ament_prefix_path.sh
-- Symlinking: /home/maneesh/dev_ws/install/web_video_server/share/web_video_server/environment/ament_prefix_path.dsv
-- Symlinking: /home/maneesh/dev_ws/install/web_video_server/share/web_video_server/environment/path.sh
-- Symlinking: /home/maneesh/dev_ws/install/web_video_server/share/web_video_server/environment/path.dsv
-- Symlinking: /home/maneesh/dev_ws/install/web_video_server/share/web_video_server/local_setup.bash
-- Symlinking: /home/maneesh/dev_ws/install/web_video_server/share/web_video_server/local_setup.sh
-- Symlinking: /home/maneesh/dev_ws/install/web_video_server/share/web_video_server/local_setup.zsh
-- Symlinking: /home/maneesh/dev_ws/install/web_video_server/share/web_video_server/local_setup.dsv
-- Symlinking: /home/maneesh/dev_ws/install/web_video_server/share/web_video_server/package.dsv
-- Symlinking: /home/maneesh/dev_ws/install/web_video_server/share/ament_index/resource_index/packages/web_video_server
-- Symlinking: /home/maneesh/dev_ws/install/web_video_server/share/web_video_server/cmake/web_video_serverConfig.cmake
-- Symlinking: /home/maneesh/dev_ws/install/web_video_server/share/web_video_server/cmake/web_video_serverConfig-version.cmake
-- Symlinking: /home/maneesh/dev_ws/install/web_video_server/share/web_video_server/package.xml
-- Installing: /home/maneesh/dev_ws/install/web_video_server/include/web_video_server
-- Installing: /home/maneesh/dev_ws/install/web_video_server/include/web_video_server/libav_streamer.h
-- Installing: /home/maneesh/dev_ws/install/web_video_server/include/web_video_server/jpeg_streamers.h
-- Installing: /home/maneesh/dev_ws/install/web_video_server/include/web_video_server/ros_compressed_streamer.h
-- Installing: /home/maneesh/dev_ws/install/web_video_server/include/web_video_server/image_streamer.h
-- Installing: /home/maneesh/dev_ws/install/web_video_server/include/web_video_server/h264_streamer.h
-- Installing: /home/maneesh/dev_ws/install/web_video_server/include/web_video_server/vp9_streamer.h
-- Installing: /home/maneesh/dev_ws/install/web_video_server/include/web_video_server/multipart_stream.h
-- Installing: /home/maneesh/dev_ws/install/web_video_server/include/web_video_server/png_streamers.h
-- Installing: /home/maneesh/dev_ws/install/web_video_server/include/web_video_server/web_video_server.h
-- Installing: /home/maneesh/dev_ws/install/web_video_server/include/web_video_server/vp8_streamer.h
