[0.029s] Invoking command in '/home/maneesh/dev_ws/build/web_video_server': CMAKE_PREFIX_PATH=/opt/ros/foxy /usr/bin/cmake /home/maneesh/dev_ws/src/web_video_server -DAMENT_CMAKE_SYMLINK_INSTALL=1 -DCMAKE_INSTALL_PREFIX=/home/maneesh/dev_ws/install/web_video_server
[0.090s] -- The C compiler identification is GNU 9.4.0
[0.144s] -- The CXX compiler identification is GNU 9.4.0
[0.148s] -- Check for working C compiler: /usr/bin/cc
[0.218s] -- Check for working C compiler: /usr/bin/cc -- works
[0.221s] -- Detecting C compiler ABI info
[0.296s] -- Detecting C compiler ABI info - done
[0.310s] -- Detecting C compile features
[0.310s] -- Detecting C compile features - done
[0.312s] -- Check for working CXX compiler: /usr/bin/c++
[0.392s] -- Check for working CXX compiler: /usr/bin/c++ -- works
[0.394s] -- Detecting CXX compiler ABI info
[0.488s] -- Detecting CXX compiler ABI info - done
[0.500s] -- Detecting CXX compile features
[0.501s] -- Detecting CXX compile features - done
[0.504s] -- Found ament_cmake_ros: 0.9.2 (/opt/ros/foxy/share/ament_cmake_ros/cmake)
[0.538s] -- Found PythonInterp: /usr/bin/python3 (found suitable version "3.8.10", minimum required is "3") 
[0.538s] -- Using PYTHON_EXECUTABLE: /usr/bin/python3
[0.705s] -- Override CMake install command with custom implementation using symlinks instead of copying resources
[0.731s] -- Found async_web_server_cpp: 2.0.0 (/opt/ros/foxy/share/async_web_server_cpp/cmake)
[1.064s] -- Found Boost: /usr/lib/x86_64-linux-gnu/cmake/Boost-1.71.0/BoostConfig.cmake (found suitable version "1.71.0", minimum required is "1.71.0") found components: filesystem regex thread 
[1.071s] -- Found cv_bridge: 3.0.7 (/opt/ros/foxy/share/cv_bridge/cmake)
[1.110s] -- Using all available rosidl_typesupport_c: rosidl_typesupport_fastrtps_c;rosidl_typesupport_introspection_c
[1.115s] -- Found rosidl_adapter: 1.3.0 (/opt/ros/foxy/share/rosidl_adapter/cmake)
[1.242s] -- Found OpenSSL: /usr/lib/x86_64-linux-gnu/libcrypto.so (found version "1.1.1f")  
[1.268s] -- Found FastRTPS: /opt/ros/foxy/include  
[1.349s] -- Using all available rosidl_typesupport_cpp: rosidl_typesupport_fastrtps_cpp;rosidl_typesupport_introspection_cpp
[1.505s] -- Found image_transport: 2.4.0 (/opt/ros/foxy/share/image_transport/cmake)
[1.550s] -- Found rmw_implementation_cmake: 1.0.3 (/opt/ros/foxy/share/rmw_implementation_cmake/cmake)
[1.552s] -- Using RMW implementation 'rmw_fastrtps_cpp' as default
[1.553s] -- Found Threads: TRUE  
[1.719s] -- Found OpenCV: /usr (found version "4.2.0") 
[1.723s] -- Found Boost: /usr/lib/x86_64-linux-gnu/cmake/Boost-1.71.0/BoostConfig.cmake (found version "1.71.0") found components: thread 
[1.729s] -- Found PkgConfig: /usr/bin/pkg-config (found version "0.29.1") 
[1.731s] -- Checking for module 'libavcodec'
[1.764s] --   Found libavcodec, version 58.54.100
[1.834s] -- Checking for module 'libavformat'
[1.859s] --   Found libavformat, version 58.29.100
[1.940s] -- Checking for module 'libavutil'
[1.964s] --   Found libavutil, version 56.31.100
[2.034s] -- Checking for module 'libswscale'
[2.067s] --   Found libswscale, version 5.5.100
[2.222s] -- Configuring done
[2.248s] -- Generating done
[2.249s] -- Build files have been written to: /home/maneesh/dev_ws/build/web_video_server
[2.265s] Invoked command in '/home/maneesh/dev_ws/build/web_video_server' returned '0': CMAKE_PREFIX_PATH=/opt/ros/foxy /usr/bin/cmake /home/maneesh/dev_ws/src/web_video_server -DAMENT_CMAKE_SYMLINK_INSTALL=1 -DCMAKE_INSTALL_PREFIX=/home/maneesh/dev_ws/install/web_video_server
[2.269s] Invoking command in '/home/maneesh/dev_ws/build/web_video_server': CMAKE_PREFIX_PATH=/opt/ros/foxy /usr/bin/cmake --build /home/maneesh/dev_ws/build/web_video_server -- -j16 -l16
[2.327s] [35m[1mScanning dependencies of target web_video_server[0m
[2.425s] [ 18%] [32mBuilding CXX object CMakeFiles/web_video_server.dir/src/web_video_server.cpp.o[0m
[2.425s] [ 18%] [32mBuilding CXX object CMakeFiles/web_video_server.dir/src/image_streamer.cpp.o[0m
[2.427s] [ 36%] [32mBuilding CXX object CMakeFiles/web_video_server.dir/src/jpeg_streamers.cpp.o[0m
[2.427s] [ 36%] [32mBuilding CXX object CMakeFiles/web_video_server.dir/src/vp9_streamer.cpp.o[0m
[2.429s] [ 63%] [32mBuilding CXX object CMakeFiles/web_video_server.dir/src/libav_streamer.cpp.o[0m
[2.430s] [ 63%] [32mBuilding CXX object CMakeFiles/web_video_server.dir/src/ros_compressed_streamer.cpp.o[0m
[2.430s] [ 63%] [32mBuilding CXX object CMakeFiles/web_video_server.dir/src/h264_streamer.cpp.o[0m
[2.430s] [ 72%] [32mBuilding CXX object CMakeFiles/web_video_server.dir/src/vp8_streamer.cpp.o[0m
[2.432s] [ 90%] [32mBuilding CXX object CMakeFiles/web_video_server.dir/src/png_streamers.cpp.o[0m
[2.432s] [ 90%] [32mBuilding CXX object CMakeFiles/web_video_server.dir/src/multipart_stream.cpp.o[0m
[8.465s] [01m[K/home/maneesh/dev_ws/src/web_video_server/src/libav_streamer.cpp:[m[K In constructor ‘[01m[Kweb_video_server::LibavStreamer::LibavStreamer(const async_web_server_cpp::HttpRequest&, async_web_server_cpp::HttpConnectionPtr, rclcpp::Node::SharedPtr, const string&, const string&, const string&)[m[K’:
[8.466s] [01m[K/home/maneesh/dev_ws/src/web_video_server/src/libav_streamer.cpp:65:55:[m[K [01;35m[Kwarning: [m[K‘[01m[Kint av_lockmgr_register(int (*)(void**, AVLockOp))[m[K’ is deprecated [[01;35m[K-Wdeprecated-declarations[m[K]
[8.466s]    65 |   av_lockmgr_register(&ffmpeg_boost_mutex_lock_manager[01;35m[K)[m[K;
[8.466s]       |                                                       [01;35m[K^[m[K
[8.467s] In file included from [01m[K/home/maneesh/dev_ws/src/web_video_server/include/web_video_server/libav_streamer.h:11[m[K,
[8.468s]                  from [01m[K/home/maneesh/dev_ws/src/web_video_server/src/libav_streamer.cpp:1[m[K:
[8.468s] [01m[K/usr/include/x86_64-linux-gnu/libavcodec/avcodec.h:6163:5:[m[K [01;36m[Knote: [m[Kdeclared here
[8.468s]  6163 | int [01;36m[Kav_lockmgr_register[m[K(int (*cb)(void **mutex, enum AVLockOp op));
[8.468s]       |     [01;36m[K^~~~~~~~~~~~~~~~~~~[m[K
[8.468s] [01m[K/home/maneesh/dev_ws/src/web_video_server/src/libav_streamer.cpp:65:55:[m[K [01;35m[Kwarning: [m[K‘[01m[Kint av_lockmgr_register(int (*)(void**, AVLockOp))[m[K’ is deprecated [[01;35m[K-Wdeprecated-declarations[m[K]
[8.468s]    65 |   av_lockmgr_register(&ffmpeg_boost_mutex_lock_manager[01;35m[K)[m[K;
[8.468s]       |                                                       [01;35m[K^[m[K
[8.468s] In file included from [01m[K/home/maneesh/dev_ws/src/web_video_server/include/web_video_server/libav_streamer.h:11[m[K,
[8.468s]                  from [01m[K/home/maneesh/dev_ws/src/web_video_server/src/libav_streamer.cpp:1[m[K:
[8.469s] [01m[K/usr/include/x86_64-linux-gnu/libavcodec/avcodec.h:6163:5:[m[K [01;36m[Knote: [m[Kdeclared here
[8.469s]  6163 | int [01;36m[Kav_lockmgr_register[m[K(int (*cb)(void **mutex, enum AVLockOp op));
[8.469s]       |     [01;36m[K^~~~~~~~~~~~~~~~~~~[m[K
[8.469s] [01m[K/home/maneesh/dev_ws/src/web_video_server/src/libav_streamer.cpp:66:19:[m[K [01;35m[Kwarning: [m[K‘[01m[Kvoid av_register_all()[m[K’ is deprecated [[01;35m[K-Wdeprecated-declarations[m[K]
[8.469s]    66 |   av_register_all([01;35m[K)[m[K;
[8.469s]       |                   [01;35m[K^[m[K
[8.469s] In file included from [01m[K/home/maneesh/dev_ws/src/web_video_server/include/web_video_server/libav_streamer.h:12[m[K,
[8.469s]                  from [01m[K/home/maneesh/dev_ws/src/web_video_server/src/libav_streamer.cpp:1[m[K:
[8.469s] [01m[K/usr/include/x86_64-linux-gnu/libavformat/avformat.h:2050:6:[m[K [01;36m[Knote: [m[Kdeclared here
[8.469s]  2050 | void [01;36m[Kav_register_all[m[K(void);
[8.469s]       |      [01;36m[K^~~~~~~~~~~~~~~[m[K
[8.470s] [01m[K/home/maneesh/dev_ws/src/web_video_server/src/libav_streamer.cpp:66:19:[m[K [01;35m[Kwarning: [m[K‘[01m[Kvoid av_register_all()[m[K’ is deprecated [[01;35m[K-Wdeprecated-declarations[m[K]
[8.470s]    66 |   av_register_all([01;35m[K)[m[K;
[8.470s]       |                   [01;35m[K^[m[K
[8.470s] In file included from [01m[K/home/maneesh/dev_ws/src/web_video_server/include/web_video_server/libav_streamer.h:12[m[K,
[8.470s]                  from [01m[K/home/maneesh/dev_ws/src/web_video_server/src/libav_streamer.cpp:1[m[K:
[8.470s] [01m[K/usr/include/x86_64-linux-gnu/libavformat/avformat.h:2050:6:[m[K [01;36m[Knote: [m[Kdeclared here
[8.470s]  2050 | void [01;36m[Kav_register_all[m[K(void);
[8.470s]       |      [01;36m[K^~~~~~~~~~~~~~~[m[K
[8.471s] [01m[K/home/maneesh/dev_ws/src/web_video_server/src/libav_streamer.cpp:[m[K In member function ‘[01m[Kvirtual void web_video_server::LibavStreamer::initialize(const cv::Mat&)[m[K’:
[8.472s] [01m[K/home/maneesh/dev_ws/src/web_video_server/src/libav_streamer.cpp:160:35:[m[K [01;35m[Kwarning: [m[K‘[01m[KAVStream::codec[m[K’ is deprecated [[01;35m[K-Wdeprecated-declarations[m[K]
[8.472s]   160 |   codec_context_ = video_stream_->[01;35m[Kcodec[m[K;
[8.472s]       |                                   [01;35m[K^~~~~[m[K
[8.472s] In file included from [01m[K/home/maneesh/dev_ws/src/web_video_server/include/web_video_server/libav_streamer.h:12[m[K,
[8.472s]                  from [01m[K/home/maneesh/dev_ws/src/web_video_server/src/libav_streamer.cpp:1[m[K:
[8.472s] [01m[K/usr/include/x86_64-linux-gnu/libavformat/avformat.h:885:21:[m[K [01;36m[Knote: [m[Kdeclared here
[8.472s]   885 |     AVCodecContext *[01;36m[Kcodec[m[K;
[8.472s]       |                     [01;36m[K^~~~~[m[K
[8.472s] [01m[K/home/maneesh/dev_ws/src/web_video_server/src/libav_streamer.cpp:160:35:[m[K [01;35m[Kwarning: [m[K‘[01m[KAVStream::codec[m[K’ is deprecated [[01;35m[K-Wdeprecated-declarations[m[K]
[8.472s]   160 |   codec_context_ = video_stream_->[01;35m[Kcodec[m[K;
[8.472s]       |                                   [01;35m[K^~~~~[m[K
[8.473s] In file included from [01m[K/home/maneesh/dev_ws/src/web_video_server/include/web_video_server/libav_streamer.h:12[m[K,
[8.473s]                  from [01m[K/home/maneesh/dev_ws/src/web_video_server/src/libav_streamer.cpp:1[m[K:
[8.473s] [01m[K/usr/include/x86_64-linux-gnu/libavformat/avformat.h:885:21:[m[K [01;36m[Knote: [m[Kdeclared here
[8.473s]   885 |     AVCodecContext *[01;36m[Kcodec[m[K;
[8.473s]       |                     [01;36m[K^~~~~[m[K
[8.473s] [01m[K/home/maneesh/dev_ws/src/web_video_server/src/libav_streamer.cpp:160:35:[m[K [01;35m[Kwarning: [m[K‘[01m[KAVStream::codec[m[K’ is deprecated [[01;35m[K-Wdeprecated-declarations[m[K]
[8.473s]   160 |   codec_context_ = video_stream_->[01;35m[Kcodec[m[K;
[8.473s]       |                                   [01;35m[K^~~~~[m[K
[8.473s] In file included from [01m[K/home/maneesh/dev_ws/src/web_video_server/include/web_video_server/libav_streamer.h:12[m[K,
[8.473s]                  from [01m[K/home/maneesh/dev_ws/src/web_video_server/src/libav_streamer.cpp:1[m[K:
[8.474s] [01m[K/usr/include/x86_64-linux-gnu/libavformat/avformat.h:885:21:[m[K [01;36m[Knote: [m[Kdeclared here
[8.474s]   885 |     AVCodecContext *[01;36m[Kcodec[m[K;
[8.474s]       |                     [01;36m[K^~~~~[m[K
[11.857s] [100%] [32m[1mLinking CXX executable web_video_server[0m
[12.861s] [100%] Built target web_video_server
[12.875s] Invoked command in '/home/maneesh/dev_ws/build/web_video_server' returned '0': CMAKE_PREFIX_PATH=/opt/ros/foxy /usr/bin/cmake --build /home/maneesh/dev_ws/build/web_video_server -- -j16 -l16
[12.907s] Invoking command in '/home/maneesh/dev_ws/build/web_video_server': CMAKE_PREFIX_PATH=/opt/ros/foxy /usr/bin/cmake --install /home/maneesh/dev_ws/build/web_video_server
[12.913s] -- Install configuration: ""
[12.914s] -- Execute custom install script
[12.914s] -- Symlinking: /home/maneesh/dev_ws/install/web_video_server/lib/web_video_server/web_video_server
[12.923s] -- Symlinking: /home/maneesh/dev_ws/install/web_video_server/share/ament_index/resource_index/package_run_dependencies/web_video_server
[12.931s] -- Symlinking: /home/maneesh/dev_ws/install/web_video_server/share/ament_index/resource_index/parent_prefix_path/web_video_server
[12.938s] -- Symlinking: /home/maneesh/dev_ws/install/web_video_server/share/web_video_server/environment/ament_prefix_path.sh
[12.948s] -- Symlinking: /home/maneesh/dev_ws/install/web_video_server/share/web_video_server/environment/ament_prefix_path.dsv
[12.955s] -- Symlinking: /home/maneesh/dev_ws/install/web_video_server/share/web_video_server/environment/path.sh
[12.964s] -- Symlinking: /home/maneesh/dev_ws/install/web_video_server/share/web_video_server/environment/path.dsv
[12.978s] -- Symlinking: /home/maneesh/dev_ws/install/web_video_server/share/web_video_server/local_setup.bash
[12.985s] -- Symlinking: /home/maneesh/dev_ws/install/web_video_server/share/web_video_server/local_setup.sh
[12.992s] -- Symlinking: /home/maneesh/dev_ws/install/web_video_server/share/web_video_server/local_setup.zsh
[13.008s] -- Symlinking: /home/maneesh/dev_ws/install/web_video_server/share/web_video_server/local_setup.dsv
[13.021s] -- Symlinking: /home/maneesh/dev_ws/install/web_video_server/share/web_video_server/package.dsv
[13.029s] -- Symlinking: /home/maneesh/dev_ws/install/web_video_server/share/ament_index/resource_index/packages/web_video_server
[13.036s] -- Symlinking: /home/maneesh/dev_ws/install/web_video_server/share/web_video_server/cmake/web_video_serverConfig.cmake
[13.049s] -- Symlinking: /home/maneesh/dev_ws/install/web_video_server/share/web_video_server/cmake/web_video_serverConfig-version.cmake
[13.058s] -- Symlinking: /home/maneesh/dev_ws/install/web_video_server/share/web_video_server/package.xml
[13.067s] -- Installing: /home/maneesh/dev_ws/install/web_video_server/include/web_video_server
[13.067s] -- Installing: /home/maneesh/dev_ws/install/web_video_server/include/web_video_server/libav_streamer.h
[13.067s] -- Installing: /home/maneesh/dev_ws/install/web_video_server/include/web_video_server/jpeg_streamers.h
[13.068s] -- Installing: /home/maneesh/dev_ws/install/web_video_server/include/web_video_server/ros_compressed_streamer.h
[13.068s] -- Installing: /home/maneesh/dev_ws/install/web_video_server/include/web_video_server/image_streamer.h
[13.068s] -- Installing: /home/maneesh/dev_ws/install/web_video_server/include/web_video_server/h264_streamer.h
[13.068s] -- Installing: /home/maneesh/dev_ws/install/web_video_server/include/web_video_server/vp9_streamer.h
[13.068s] -- Installing: /home/maneesh/dev_ws/install/web_video_server/include/web_video_server/multipart_stream.h
[13.068s] -- Installing: /home/maneesh/dev_ws/install/web_video_server/include/web_video_server/png_streamers.h
[13.068s] -- Installing: /home/maneesh/dev_ws/install/web_video_server/include/web_video_server/web_video_server.h
[13.068s] -- Installing: /home/maneesh/dev_ws/install/web_video_server/include/web_video_server/vp8_streamer.h
[13.073s] Invoked command in '/home/maneesh/dev_ws/build/web_video_server' returned '0': CMAKE_PREFIX_PATH=/opt/ros/foxy /usr/bin/cmake --install /home/maneesh/dev_ws/build/web_video_server
