[0.011s] Invoking command in '/home/maneesh/dev_ws/build/gazebo_ros2_control_demos': AMENT_PREFIX_PATH=/home/maneesh/dev_ws/install/gazebo_ros2_control:${AMENT_PREFIX_PATH} CMAKE_PREFIX_PATH=/home/maneesh/dev_ws/install/gazebo_ros2_control:/home/maneesh/dev_ws/install/my_bot:/opt/ros/foxy LD_LIBRARY_PATH=/home/maneesh/dev_ws/install/gazebo_ros2_control/lib:${LD_LIBRARY_PATH} /usr/bin/cmake /home/maneesh/dev_ws/src/gazebo_ros2_control/gazebo_ros2_control_demos -DAMENT_CMAKE_SYMLINK_INSTALL=1 -DCMAKE_INSTALL_PREFIX=/home/maneesh/dev_ws/install/gazebo_ros2_control_demos
[0.061s] -- The C compiler identification is GNU 9.4.0
[0.114s] -- The CXX compiler identification is GNU 9.4.0
[0.122s] -- Check for working C compiler: /usr/bin/cc
[0.191s] -- Check for working C compiler: /usr/bin/cc -- works
[0.193s] -- Detecting C compiler ABI info
[0.266s] -- Detecting C compiler ABI info - done
[0.280s] -- Detecting C compile features
[0.280s] -- Detecting C compile features - done
[0.282s] -- Check for working CXX compiler: /usr/bin/c++
[0.351s] -- Check for working CXX compiler: /usr/bin/c++ -- works
[0.353s] -- Detecting CXX compiler ABI info
[0.437s] -- Detecting CXX compiler ABI info - done
[0.449s] -- Detecting CXX compile features
[0.449s] -- Detecting CXX compile features - done
[0.451s] -- Found ament_cmake: 0.9.11 (/opt/ros/foxy/share/ament_cmake/cmake)
[0.473s] -- Found PythonInterp: /usr/bin/python3 (found suitable version "3.8.10", minimum required is "3") 
[0.473s] -- Using PYTHON_EXECUTABLE: /usr/bin/python3
[0.608s] -- Override CMake install command with custom implementation using symlinks instead of copying resources
[0.634s] -- Found control_msgs: 2.5.1 (/opt/ros/foxy/share/control_msgs/cmake)
[0.657s] -- Using all available rosidl_typesupport_c: rosidl_typesupport_fastrtps_c;rosidl_typesupport_introspection_c
[0.663s] -- Found rosidl_adapter: 1.3.0 (/opt/ros/foxy/share/rosidl_adapter/cmake)
[0.788s] -- Found OpenSSL: /usr/lib/x86_64-linux-gnu/libcrypto.so (found version "1.1.1f")  
[0.814s] -- Found FastRTPS: /opt/ros/foxy/include  
[0.884s] -- Using all available rosidl_typesupport_cpp: rosidl_typesupport_fastrtps_cpp;rosidl_typesupport_introspection_cpp
[1.247s] -- Found rclcpp: 2.4.2 (/opt/ros/foxy/share/rclcpp/cmake)
[1.281s] -- Found rmw_implementation_cmake: 1.0.3 (/opt/ros/foxy/share/rmw_implementation_cmake/cmake)
[1.282s] -- Using RMW implementation 'rmw_fastrtps_cpp' as default
[1.283s] -- Looking for pthread.h
[1.355s] -- Looking for pthread.h - found
[1.355s] -- Performing Test CMAKE_HAVE_LIBC_PTHREAD
[1.429s] -- Performing Test CMAKE_HAVE_LIBC_PTHREAD - Failed
[1.429s] -- Looking for pthread_create in pthreads
[1.482s] -- Looking for pthread_create in pthreads - not found
[1.482s] -- Looking for pthread_create in pthread
[1.560s] -- Looking for pthread_create in pthread - found
[1.562s] -- Found Threads: TRUE  
[1.680s] -- Found rclcpp_action: 2.4.2 (/opt/ros/foxy/share/rclcpp_action/cmake)
[1.713s] -- Found ament_cmake_gtest: 0.9.11 (/opt/ros/foxy/share/ament_cmake_gtest/cmake)
[1.714s] -- Found ament_lint_auto: 0.9.7 (/opt/ros/foxy/share/ament_lint_auto/cmake)
[1.781s] -- Added test 'copyright' to check source files copyright and LICENSE
[1.782s] -- Added test 'cppcheck' to perform static code analysis on C / C++ code
[1.782s] -- Configured cppcheck include dirs: 
[1.782s] -- Configured cppcheck exclude dirs and/or files: 
[1.783s] -- Added test 'cpplint' to check C / C++ code against the Google style
[1.783s] -- Configured cpplint exclude dirs and/or files: 
[1.783s] -- Added test 'flake8' to check Python code syntax and style conventions
[1.784s] -- Added test 'lint_cmake' to check CMake code style
[1.784s] -- Added test 'pep257' to check Python code against some of the style conventions in PEP 257
[1.785s] -- Added test 'uncrustify' to check C / C++ code style
[1.785s] -- Configured uncrustify additional arguments: 
[1.785s] -- Added test 'xmllint' to check XML markup files
[1.788s] -- Configuring done
[1.805s] -- Generating done
[1.807s] -- Build files have been written to: /home/maneesh/dev_ws/build/gazebo_ros2_control_demos
[1.814s] Invoked command in '/home/maneesh/dev_ws/build/gazebo_ros2_control_demos' returned '0': AMENT_PREFIX_PATH=/home/maneesh/dev_ws/install/gazebo_ros2_control:${AMENT_PREFIX_PATH} CMAKE_PREFIX_PATH=/home/maneesh/dev_ws/install/gazebo_ros2_control:/home/maneesh/dev_ws/install/my_bot:/opt/ros/foxy LD_LIBRARY_PATH=/home/maneesh/dev_ws/install/gazebo_ros2_control/lib:${LD_LIBRARY_PATH} /usr/bin/cmake /home/maneesh/dev_ws/src/gazebo_ros2_control/gazebo_ros2_control_demos -DAMENT_CMAKE_SYMLINK_INSTALL=1 -DCMAKE_INSTALL_PREFIX=/home/maneesh/dev_ws/install/gazebo_ros2_control_demos
[1.817s] Invoking command in '/home/maneesh/dev_ws/build/gazebo_ros2_control_demos': AMENT_PREFIX_PATH=/home/maneesh/dev_ws/install/gazebo_ros2_control:${AMENT_PREFIX_PATH} CMAKE_PREFIX_PATH=/home/maneesh/dev_ws/install/gazebo_ros2_control:/home/maneesh/dev_ws/install/my_bot:/opt/ros/foxy LD_LIBRARY_PATH=/home/maneesh/dev_ws/install/gazebo_ros2_control/lib:${LD_LIBRARY_PATH} /usr/bin/cmake --build /home/maneesh/dev_ws/build/gazebo_ros2_control_demos -- -j16 -l16
[1.851s] [35m[1mScanning dependencies of target example_effort[0m
[1.851s] [35m[1mScanning dependencies of target example_position[0m
[1.852s] [35m[1mScanning dependencies of target example_gripper[0m
[1.852s] [35m[1mScanning dependencies of target example_velocity[0m
[1.856s] [35m[1mScanning dependencies of target example_diff_drive[0m
[1.882s] [ 10%] [32mBuilding CXX object CMakeFiles/example_effort.dir/examples/example_effort.cpp.o[0m
[1.884s] [ 20%] [32mBuilding CXX object CMakeFiles/example_gripper.dir/examples/example_gripper.cpp.o[0m
[1.887s] [ 40%] [32mBuilding CXX object CMakeFiles/example_diff_drive.dir/examples/example_diff_drive.cpp.o[0m
[1.887s] [ 40%] [32mBuilding CXX object CMakeFiles/example_velocity.dir/examples/example_velocity.cpp.o[0m
[1.891s] [ 50%] [32mBuilding CXX object CMakeFiles/example_position.dir/examples/example_position.cpp.o[0m
[4.482s] [ 60%] [32m[1mLinking CXX executable example_diff_drive[0m
[4.540s] [ 70%] [32m[1mLinking CXX executable example_velocity[0m
[4.581s] [ 80%] [32m[1mLinking CXX executable example_gripper[0m
[4.583s] [ 90%] [32m[1mLinking CXX executable example_effort[0m
[4.717s] [ 90%] Built target example_diff_drive
[4.762s] [ 90%] Built target example_velocity
[4.804s] [ 90%] Built target example_effort
[4.806s] [ 90%] Built target example_gripper
[4.991s] [100%] [32m[1mLinking CXX executable example_position[0m
[5.176s] [100%] Built target example_position
[5.186s] Invoked command in '/home/maneesh/dev_ws/build/gazebo_ros2_control_demos' returned '0': AMENT_PREFIX_PATH=/home/maneesh/dev_ws/install/gazebo_ros2_control:${AMENT_PREFIX_PATH} CMAKE_PREFIX_PATH=/home/maneesh/dev_ws/install/gazebo_ros2_control:/home/maneesh/dev_ws/install/my_bot:/opt/ros/foxy LD_LIBRARY_PATH=/home/maneesh/dev_ws/install/gazebo_ros2_control/lib:${LD_LIBRARY_PATH} /usr/bin/cmake --build /home/maneesh/dev_ws/build/gazebo_ros2_control_demos -- -j16 -l16
[5.221s] Invoking command in '/home/maneesh/dev_ws/build/gazebo_ros2_control_demos': AMENT_PREFIX_PATH=/home/maneesh/dev_ws/install/gazebo_ros2_control:${AMENT_PREFIX_PATH} CMAKE_PREFIX_PATH=/home/maneesh/dev_ws/install/gazebo_ros2_control:/home/maneesh/dev_ws/install/my_bot:/opt/ros/foxy LD_LIBRARY_PATH=/home/maneesh/dev_ws/install/gazebo_ros2_control/lib:${LD_LIBRARY_PATH} /usr/bin/cmake --install /home/maneesh/dev_ws/build/gazebo_ros2_control_demos
[5.228s] -- Install configuration: ""
[5.229s] -- Execute custom install script
[5.229s] -- Symlinking: /home/maneesh/dev_ws/install/gazebo_ros2_control_demos/share/gazebo_ros2_control_demos//launch/cart_example_effort.launch.py
[5.243s] -- Symlinking: /home/maneesh/dev_ws/install/gazebo_ros2_control_demos/share/gazebo_ros2_control_demos//launch/cart_example_position.launch.py
[5.249s] -- Symlinking: /home/maneesh/dev_ws/install/gazebo_ros2_control_demos/share/gazebo_ros2_control_demos//launch/cart_example_velocity.launch.py
[5.263s] -- Symlinking: /home/maneesh/dev_ws/install/gazebo_ros2_control_demos/share/gazebo_ros2_control_demos//launch/diff_drive.launch.py
[5.273s] -- Symlinking: /home/maneesh/dev_ws/install/gazebo_ros2_control_demos/share/gazebo_ros2_control_demos//launch/gripper_mimic_joint_example.launch.py
[5.280s] -- Symlinking: /home/maneesh/dev_ws/install/gazebo_ros2_control_demos/share/gazebo_ros2_control_demos//config/cartpole_controller.yaml
[5.288s] -- Symlinking: /home/maneesh/dev_ws/install/gazebo_ros2_control_demos/share/gazebo_ros2_control_demos//config/cartpole_controller_effort.yaml
[5.300s] -- Symlinking: /home/maneesh/dev_ws/install/gazebo_ros2_control_demos/share/gazebo_ros2_control_demos//config/cartpole_controller_velocity.yaml
[5.307s] -- Symlinking: /home/maneesh/dev_ws/install/gazebo_ros2_control_demos/share/gazebo_ros2_control_demos//config/diff_drive_controller.yaml
[5.314s] -- Symlinking: /home/maneesh/dev_ws/install/gazebo_ros2_control_demos/share/gazebo_ros2_control_demos//config/gripper_controller.yaml
[5.321s] -- Symlinking: /home/maneesh/dev_ws/install/gazebo_ros2_control_demos/share/gazebo_ros2_control_demos//urdf/test_cart_effort.xacro.urdf
[5.328s] -- Symlinking: /home/maneesh/dev_ws/install/gazebo_ros2_control_demos/share/gazebo_ros2_control_demos//urdf/test_cart_position.xacro.urdf
[5.342s] -- Symlinking: /home/maneesh/dev_ws/install/gazebo_ros2_control_demos/share/gazebo_ros2_control_demos//urdf/test_cart_velocity.xacro.urdf
[5.354s] -- Symlinking: /home/maneesh/dev_ws/install/gazebo_ros2_control_demos/share/gazebo_ros2_control_demos//urdf/test_diff_drive.xacro.urdf
[5.367s] -- Symlinking: /home/maneesh/dev_ws/install/gazebo_ros2_control_demos/share/gazebo_ros2_control_demos//urdf/test_gripper_mimic_joint.xacro.urdf
[5.376s] -- Symlinking: /home/maneesh/dev_ws/install/gazebo_ros2_control_demos/lib/gazebo_ros2_control_demos/example_position
[5.384s] -- Symlinking: /home/maneesh/dev_ws/install/gazebo_ros2_control_demos/lib/gazebo_ros2_control_demos/example_velocity
[5.392s] -- Symlinking: /home/maneesh/dev_ws/install/gazebo_ros2_control_demos/lib/gazebo_ros2_control_demos/example_effort
[5.399s] -- Symlinking: /home/maneesh/dev_ws/install/gazebo_ros2_control_demos/lib/gazebo_ros2_control_demos/example_gripper
[5.406s] -- Symlinking: /home/maneesh/dev_ws/install/gazebo_ros2_control_demos/lib/gazebo_ros2_control_demos/example_diff_drive
[5.414s] -- Symlinking: /home/maneesh/dev_ws/install/gazebo_ros2_control_demos/share/ament_index/resource_index/package_run_dependencies/gazebo_ros2_control_demos
[5.425s] -- Symlinking: /home/maneesh/dev_ws/install/gazebo_ros2_control_demos/share/ament_index/resource_index/parent_prefix_path/gazebo_ros2_control_demos
[5.440s] -- Symlinking: /home/maneesh/dev_ws/install/gazebo_ros2_control_demos/share/gazebo_ros2_control_demos/environment/ament_prefix_path.sh
[5.454s] -- Symlinking: /home/maneesh/dev_ws/install/gazebo_ros2_control_demos/share/gazebo_ros2_control_demos/environment/ament_prefix_path.dsv
[5.463s] -- Symlinking: /home/maneesh/dev_ws/install/gazebo_ros2_control_demos/share/gazebo_ros2_control_demos/environment/path.sh
[5.472s] -- Symlinking: /home/maneesh/dev_ws/install/gazebo_ros2_control_demos/share/gazebo_ros2_control_demos/environment/path.dsv
[5.484s] -- Symlinking: /home/maneesh/dev_ws/install/gazebo_ros2_control_demos/share/gazebo_ros2_control_demos/local_setup.bash
[5.492s] -- Symlinking: /home/maneesh/dev_ws/install/gazebo_ros2_control_demos/share/gazebo_ros2_control_demos/local_setup.sh
[5.500s] -- Symlinking: /home/maneesh/dev_ws/install/gazebo_ros2_control_demos/share/gazebo_ros2_control_demos/local_setup.zsh
[5.507s] -- Symlinking: /home/maneesh/dev_ws/install/gazebo_ros2_control_demos/share/gazebo_ros2_control_demos/local_setup.dsv
[5.522s] -- Symlinking: /home/maneesh/dev_ws/install/gazebo_ros2_control_demos/share/gazebo_ros2_control_demos/package.dsv
[5.529s] -- Symlinking: /home/maneesh/dev_ws/install/gazebo_ros2_control_demos/share/ament_index/resource_index/packages/gazebo_ros2_control_demos
[5.536s] -- Symlinking: /home/maneesh/dev_ws/install/gazebo_ros2_control_demos/share/gazebo_ros2_control_demos/cmake/gazebo_ros2_control_demosConfig.cmake
[5.543s] -- Symlinking: /home/maneesh/dev_ws/install/gazebo_ros2_control_demos/share/gazebo_ros2_control_demos/cmake/gazebo_ros2_control_demosConfig-version.cmake
[5.551s] -- Symlinking: /home/maneesh/dev_ws/install/gazebo_ros2_control_demos/share/gazebo_ros2_control_demos/package.xml
[5.569s] Invoked command in '/home/maneesh/dev_ws/build/gazebo_ros2_control_demos' returned '0': AMENT_PREFIX_PATH=/home/maneesh/dev_ws/install/gazebo_ros2_control:${AMENT_PREFIX_PATH} CMAKE_PREFIX_PATH=/home/maneesh/dev_ws/install/gazebo_ros2_control:/home/maneesh/dev_ws/install/my_bot:/opt/ros/foxy LD_LIBRARY_PATH=/home/maneesh/dev_ws/install/gazebo_ros2_control/lib:${LD_LIBRARY_PATH} /usr/bin/cmake --install /home/maneesh/dev_ws/build/gazebo_ros2_control_demos
