[0.014s] Invoking command in '/home/maneesh/dev_ws/build/my_bot': CMAKE_PREFIX_PATH=${CMAKE_PREFIX_PATH}:/opt/ros/foxy /usr/bin/cmake --build /home/maneesh/dev_ws/build/my_bot -- -j16 -l16
[0.063s] Invoked command in '/home/maneesh/dev_ws/build/my_bot' returned '0': CMAKE_PREFIX_PATH=${CMAKE_PREFIX_PATH}:/opt/ros/foxy /usr/bin/cmake --build /home/maneesh/dev_ws/build/my_bot -- -j16 -l16
[0.104s] Invoking command in '/home/maneesh/dev_ws/build/my_bot': CMAKE_PREFIX_PATH=${CMAKE_PREFIX_PATH}:/opt/ros/foxy /usr/bin/cmake --install /home/maneesh/dev_ws/build/my_bot
[0.114s] -- Install configuration: ""
[0.114s] -- Execute custom install script
[0.114s] -- Up-to-date symlink: /home/maneesh/dev_ws/install/my_bot/share/my_bot/config/empty.yaml
[0.114s] -- Up-to-date symlink: /home/maneesh/dev_ws/install/my_bot/share/my_bot/description/robot.urdf.xacro
[0.114s] -- Symlinking: /home/maneesh/dev_ws/install/my_bot/share/my_bot/description/robot_core.xacro
[0.124s] -- Up-to-date symlink: /home/maneesh/dev_ws/install/my_bot/share/my_bot/launch/rsp.launch.py
[0.125s] -- Up-to-date symlink: /home/maneesh/dev_ws/install/my_bot/share/my_bot/worlds/empty.world
[0.125s] -- Up-to-date symlink: /home/maneesh/dev_ws/install/my_bot/share/ament_index/resource_index/package_run_dependencies/my_bot
[0.126s] -- Up-to-date symlink: /home/maneesh/dev_ws/install/my_bot/share/ament_index/resource_index/parent_prefix_path/my_bot
[0.126s] -- Up-to-date symlink: /home/maneesh/dev_ws/install/my_bot/share/my_bot/environment/ament_prefix_path.sh
[0.126s] -- Up-to-date symlink: /home/maneesh/dev_ws/install/my_bot/share/my_bot/environment/ament_prefix_path.dsv
[0.126s] -- Up-to-date symlink: /home/maneesh/dev_ws/install/my_bot/share/my_bot/environment/path.sh
[0.126s] -- Up-to-date symlink: /home/maneesh/dev_ws/install/my_bot/share/my_bot/environment/path.dsv
[0.126s] -- Up-to-date symlink: /home/maneesh/dev_ws/install/my_bot/share/my_bot/local_setup.bash
[0.127s] -- Up-to-date symlink: /home/maneesh/dev_ws/install/my_bot/share/my_bot/local_setup.sh
[0.127s] -- Up-to-date symlink: /home/maneesh/dev_ws/install/my_bot/share/my_bot/local_setup.zsh
[0.127s] -- Up-to-date symlink: /home/maneesh/dev_ws/install/my_bot/share/my_bot/local_setup.dsv
[0.127s] -- Symlinking: /home/maneesh/dev_ws/install/my_bot/share/my_bot/package.dsv
[0.137s] -- Up-to-date symlink: /home/maneesh/dev_ws/install/my_bot/share/ament_index/resource_index/packages/my_bot
[0.137s] -- Up-to-date symlink: /home/maneesh/dev_ws/install/my_bot/share/my_bot/cmake/my_botConfig.cmake
[0.137s] -- Up-to-date symlink: /home/maneesh/dev_ws/install/my_bot/share/my_bot/cmake/my_botConfig-version.cmake
[0.137s] -- Up-to-date symlink: /home/maneesh/dev_ws/install/my_bot/share/my_bot/package.xml
[0.140s] Invoked command in '/home/maneesh/dev_ws/build/my_bot' returned '0': CMAKE_PREFIX_PATH=${CMAKE_PREFIX_PATH}:/opt/ros/foxy /usr/bin/cmake --install /home/maneesh/dev_ws/build/my_bot
