[0.023s] Invoking command in '/home/maneesh/dev_ws/build/gazebo_ros2_control': CMAKE_PREFIX_PATH=${CMAKE_PREFIX_PATH}:/opt/ros/foxy /usr/bin/cmake /home/maneesh/dev_ws/src/gazebo_ros2_control/gazebo_ros2_control -DAMENT_CMAKE_SYMLINK_INSTALL=1 -DCMAKE_INSTALL_PREFIX=/home/maneesh/dev_ws/install/gazebo_ros2_control
[0.307s] -- The C compiler identification is GNU 9.4.0
[0.378s] -- The CXX compiler identification is GNU 9.4.0
[0.436s] -- Check for working C compiler: /usr/bin/cc
[0.521s] -- Check for working C compiler: /usr/bin/cc -- works
[0.523s] -- Detecting C compiler ABI info
[0.604s] -- Detecting C compiler ABI info - done
[0.620s] -- Detecting C compile features
[0.620s] -- Detecting C compile features - done
[0.622s] -- Check for working CXX compiler: /usr/bin/c++
[0.717s] -- Check for working CXX compiler: /usr/bin/c++ -- works
[0.718s] -- Detecting CXX compiler ABI info
[0.798s] -- Detecting CXX compiler ABI info - done
[0.809s] -- Detecting CXX compile features
[0.809s] -- Detecting CXX compile features - done
[0.813s] -- Found ament_cmake: 0.9.11 (/opt/ros/foxy/share/ament_cmake/cmake)
[0.842s] -- Found PythonInterp: /usr/bin/python3 (found suitable version "3.8.10", minimum required is "3") 
[0.842s] -- Using PYTHON_EXECUTABLE: /usr/bin/python3
[1.023s] -- Override CMake install command with custom implementation using symlinks instead of copying resources
[1.058s] -- Found angles: 1.12.6 (/opt/ros/foxy/share/angles/cmake)
[1.060s] -- Found controller_manager: 0.11.0 (/opt/ros/foxy/share/controller_manager/cmake)
[1.100s] -- Using all available rosidl_typesupport_c: rosidl_typesupport_fastrtps_c;rosidl_typesupport_introspection_c
[1.108s] -- Found rosidl_adapter: 1.3.0 (/opt/ros/foxy/share/rosidl_adapter/cmake)
[1.213s] -- Found OpenSSL: /usr/lib/x86_64-linux-gnu/libcrypto.so (found version "1.1.1f")  
[1.247s] -- Found FastRTPS: /opt/ros/foxy/include  
[1.329s] -- Using all available rosidl_typesupport_cpp: rosidl_typesupport_fastrtps_cpp;rosidl_typesupport_introspection_cpp
[1.841s] -- Found rmw_implementation_cmake: 1.0.3 (/opt/ros/foxy/share/rmw_implementation_cmake/cmake)
[1.842s] -- Using RMW implementation 'rmw_fastrtps_cpp' as default
[1.844s] -- Looking for pthread.h
[1.943s] -- Looking for pthread.h - found
[1.944s] -- Performing Test CMAKE_HAVE_LIBC_PTHREAD
[2.031s] -- Performing Test CMAKE_HAVE_LIBC_PTHREAD - Failed
[2.031s] -- Looking for pthread_create in pthreads
[2.115s] -- Looking for pthread_create in pthreads - not found
[2.116s] -- Looking for pthread_create in pthread
[2.207s] -- Looking for pthread_create in pthread - found
[2.209s] -- Found Threads: TRUE  
[2.514s] -- Found gazebo_dev: 3.5.3 (/opt/ros/foxy/share/gazebo_dev/cmake)
[2.520s] -- Found PkgConfig: /usr/bin/pkg-config (found version "0.29.1") 
[2.523s] -- Checking for module 'bullet>=2.82'
[2.543s] --   Found bullet, version 2.88
[2.717s] -- Found ccd: /usr/include (found suitable version "2.0", minimum required is "2.0") 
[2.814s] -- Found fcl: /usr/include (found suitable version "0.5.0", minimum required is "0.3.2") 
[2.913s] -- Found assimp: /usr/include (found version "5.0.0") 
[2.944s] -- Found DART: /usr/include (Required is at least version "6.6") found components: dart 
[2.974s] -- Found Boost: /usr/lib/x86_64-linux-gnu/cmake/Boost-1.71.0/BoostConfig.cmake (found suitable version "1.71.0", minimum required is "1.40.0") found components: thread system filesystem program_options regex iostreams date_time 
[2.995s] -- Found Protobuf: /usr/lib/x86_64-linux-gnu/libprotobuf.so;-lpthread (found version "3.6.1") 
[3.003s] -- Looking for ignition-math6 -- found version 6.13.0
[3.009s] -- Searching for dependencies of ignition-math6
[3.011s] -- Looking for OGRE...
[3.012s] -- OGRE_PREFIX_WATCH changed.
[3.020s] -- Checking for module 'OGRE'
[3.046s] --   Found OGRE, version 1.9.0
[3.118s] -- Found Ogre Ghadamon (1.9.0)
[3.125s] -- Found OGRE: optimized;/usr/lib/x86_64-linux-gnu/libOgreMain.so;debug;/usr/lib/x86_64-linux-gnu/libOgreMain.so
[3.133s] -- Looking for OGRE_Paging...
[3.137s] -- Found OGRE_Paging: optimized;/usr/lib/x86_64-linux-gnu/libOgrePaging.so;debug;/usr/lib/x86_64-linux-gnu/libOgrePaging.so
[3.137s] -- Looking for OGRE_Terrain...
[3.141s] -- Found OGRE_Terrain: optimized;/usr/lib/x86_64-linux-gnu/libOgreTerrain.so;debug;/usr/lib/x86_64-linux-gnu/libOgreTerrain.so
[3.141s] -- Looking for OGRE_Property...
[3.145s] -- Found OGRE_Property: optimized;/usr/lib/x86_64-linux-gnu/libOgreProperty.so;debug;/usr/lib/x86_64-linux-gnu/libOgreProperty.so
[3.145s] -- Looking for OGRE_RTShaderSystem...
[3.149s] -- Found OGRE_RTShaderSystem: optimized;/usr/lib/x86_64-linux-gnu/libOgreRTShaderSystem.so;debug;/usr/lib/x86_64-linux-gnu/libOgreRTShaderSystem.so
[3.150s] -- Looking for OGRE_Volume...
[3.153s] -- Found OGRE_Volume: optimized;/usr/lib/x86_64-linux-gnu/libOgreVolume.so;debug;/usr/lib/x86_64-linux-gnu/libOgreVolume.so
[3.154s] -- Looking for OGRE_Overlay...
[3.158s] -- Found OGRE_Overlay: optimized;/usr/lib/x86_64-linux-gnu/libOgreOverlay.so;debug;/usr/lib/x86_64-linux-gnu/libOgreOverlay.so
[3.249s] -- Looking for ignition-math6 -- found version 6.13.0
[3.252s] -- Looking for ignition-transport8 -- found version 8.4.0
[3.252s] -- Searching for dependencies of ignition-transport8
[3.274s] -- Found Protobuf: /usr/lib/x86_64-linux-gnu/libprotobuf.so;-lpthread (found suitable version "3.6.1", minimum required is "3") 
[3.288s] -- Config-file not installed for ZeroMQ -- checking for pkg-config
[3.296s] -- Checking for module 'libzmq >= 4'
[3.321s] --   Found libzmq , version 4.3.2
[3.396s] -- Found ZeroMQ: TRUE (Required is at least version "4") 
[3.404s] -- Checking for module 'uuid'
[3.433s] --   Found uuid, version 2.34.0
[3.505s] -- Found UUID: TRUE  
[3.508s] -- Looking for ignition-msgs5 -- found version 5.11.0
[3.509s] -- Searching for dependencies of ignition-msgs5
[3.526s] -- Looking for ignition-math6 -- found version 6.13.0
[3.533s] -- Checking for module 'tinyxml2'
[3.559s] --   Found tinyxml2, version 6.2.0
[3.629s] -- Looking for ignition-msgs5 -- found version 5.11.0
[3.630s] -- Looking for ignition-common3 -- found version 3.15.1
[3.631s] -- Searching for dependencies of ignition-common3
[3.631s] -- Looking for dlfcn.h - found
[3.632s] -- Looking for libdl - found
[3.633s] -- Found DL: TRUE  
[3.645s] -- Searching for <ignition-common3> component [graphics]
[3.647s] -- Looking for ignition-common3-graphics -- found version 3.15.1
[3.647s] -- Searching for dependencies of ignition-common3-graphics
[3.647s] -- Looking for ignition-math6 -- found version 6.13.0
[3.650s] -- Looking for ignition-fuel_tools4 -- found version 4.8.1
[3.651s] -- Searching for dependencies of ignition-fuel_tools4
[3.770s] -- Found CURL: /usr/lib/x86_64-linux-gnu/libcurl.so (found version "7.68.0")  
[3.782s] -- Checking for module 'jsoncpp'
[3.800s] --   Found jsoncpp, version 1.7.4
[3.869s] -- Found JSONCPP: TRUE  
[3.878s] -- Checking for module 'libzip'
[3.906s] --   Found libzip, version 1.5.1
[3.970s] -- Found ZIP: TRUE  
[3.970s] -- Looking for ignition-common3 -- found version 3.15.1
[3.971s] -- Looking for ignition-math6 -- found version 6.13.0
[3.971s] -- Looking for ignition-msgs5 -- found version 5.11.0
[3.972s] -- Gazebo version: 11.12
[3.974s] -- Found gazebo_ros: 3.5.3 (/opt/ros/foxy/share/gazebo_ros/cmake)
[3.982s] -- Found yaml_cpp_vendor: 7.0.3 (/opt/ros/foxy/share/yaml_cpp_vendor/cmake)
[3.982s] -- Setting yaml-cpp_DIR to: '/opt/ros/foxy/share/yaml_cpp_vendor/cmake/../../../opt/yaml_cpp_vendor/lib/cmake/yaml-cpp'
[4.131s] -- Found ament_cmake_gtest: 0.9.11 (/opt/ros/foxy/share/ament_cmake_gtest/cmake)
[4.132s] -- Found ament_lint_auto: 0.9.7 (/opt/ros/foxy/share/ament_lint_auto/cmake)
[4.200s] -- Added test 'copyright' to check source files copyright and LICENSE
[4.201s] -- Added test 'cppcheck' to perform static code analysis on C / C++ code
[4.201s] -- Configured cppcheck include dirs: /home/maneesh/dev_ws/src/gazebo_ros2_control/gazebo_ros2_control/include
[4.201s] -- Configured cppcheck exclude dirs and/or files: 
[4.202s] -- Added test 'cpplint' to check C / C++ code against the Google style
[4.202s] -- Configured cpplint exclude dirs and/or files: 
[4.203s] -- Added test 'lint_cmake' to check CMake code style
[4.204s] -- Added test 'uncrustify' to check C / C++ code style
[4.204s] -- Configured uncrustify additional arguments: 
[4.204s] -- Added test 'xmllint' to check XML markup files
[4.208s] -- Configuring done
[4.268s] -- Generating done
[4.270s] -- Build files have been written to: /home/maneesh/dev_ws/build/gazebo_ros2_control
[4.281s] Invoked command in '/home/maneesh/dev_ws/build/gazebo_ros2_control' returned '0': CMAKE_PREFIX_PATH=${CMAKE_PREFIX_PATH}:/opt/ros/foxy /usr/bin/cmake /home/maneesh/dev_ws/src/gazebo_ros2_control/gazebo_ros2_control -DAMENT_CMAKE_SYMLINK_INSTALL=1 -DCMAKE_INSTALL_PREFIX=/home/maneesh/dev_ws/install/gazebo_ros2_control
[4.284s] Invoking command in '/home/maneesh/dev_ws/build/gazebo_ros2_control': CMAKE_PREFIX_PATH=${CMAKE_PREFIX_PATH}:/opt/ros/foxy /usr/bin/cmake --build /home/maneesh/dev_ws/build/gazebo_ros2_control -- -j16 -l16
[4.330s] [35m[1mScanning dependencies of target gazebo_hardware_plugins[0m
[4.334s] [35m[1mScanning dependencies of target gazebo_ros2_control[0m
[4.503s] [ 25%] [32mBuilding CXX object CMakeFiles/gazebo_ros2_control.dir/src/gazebo_ros2_control_plugin.cpp.o[0m
[4.505s] [ 50%] [32mBuilding CXX object CMakeFiles/gazebo_hardware_plugins.dir/src/gazebo_system.cpp.o[0m
[13.237s] [ 75%] [32m[1mLinking CXX shared library libgazebo_hardware_plugins.so[0m
[13.877s] [ 75%] Built target gazebo_hardware_plugins
[14.801s] [100%] [32m[1mLinking CXX shared library libgazebo_ros2_control.so[0m
[15.578s] [100%] Built target gazebo_ros2_control
[15.588s] Invoked command in '/home/maneesh/dev_ws/build/gazebo_ros2_control' returned '0': CMAKE_PREFIX_PATH=${CMAKE_PREFIX_PATH}:/opt/ros/foxy /usr/bin/cmake --build /home/maneesh/dev_ws/build/gazebo_ros2_control -- -j16 -l16
[15.616s] Invoking command in '/home/maneesh/dev_ws/build/gazebo_ros2_control': CMAKE_PREFIX_PATH=${CMAKE_PREFIX_PATH}:/opt/ros/foxy /usr/bin/cmake --install /home/maneesh/dev_ws/build/gazebo_ros2_control
[15.622s] -- Install configuration: ""
[15.622s] -- Execute custom install script
[15.622s] -- Symlinking: /home/maneesh/dev_ws/install/gazebo_ros2_control/lib/libgazebo_ros2_control.so
[15.631s] -- Symlinking: /home/maneesh/dev_ws/install/gazebo_ros2_control/lib/libgazebo_hardware_plugins.so
[15.638s] -- Symlinking: /home/maneesh/dev_ws/install/gazebo_ros2_control/share/gazebo_ros2_control/environment/library_path.sh
[15.649s] -- Symlinking: /home/maneesh/dev_ws/install/gazebo_ros2_control/share/gazebo_ros2_control/environment/library_path.dsv
[15.656s] -- Symlinking: /home/maneesh/dev_ws/install/gazebo_ros2_control/include/gazebo_ros2_control/gazebo_ros2_control_plugin.hpp
[15.663s] -- Symlinking: /home/maneesh/dev_ws/install/gazebo_ros2_control/include/gazebo_ros2_control/gazebo_system.hpp
[15.673s] -- Symlinking: /home/maneesh/dev_ws/install/gazebo_ros2_control/include/gazebo_ros2_control/gazebo_system_interface.hpp
[15.680s] -- Symlinking: /home/maneesh/dev_ws/install/gazebo_ros2_control/share/gazebo_ros2_control//gazebo_hardware_plugins.xml
[15.688s] -- Symlinking: /home/maneesh/dev_ws/install/gazebo_ros2_control/share/ament_index/resource_index/package_run_dependencies/gazebo_ros2_control
[15.695s] -- Symlinking: /home/maneesh/dev_ws/install/gazebo_ros2_control/share/ament_index/resource_index/parent_prefix_path/gazebo_ros2_control
[15.702s] -- Symlinking: /home/maneesh/dev_ws/install/gazebo_ros2_control/share/gazebo_ros2_control/environment/ament_prefix_path.sh
[15.709s] -- Symlinking: /home/maneesh/dev_ws/install/gazebo_ros2_control/share/gazebo_ros2_control/environment/ament_prefix_path.dsv
[15.716s] -- Symlinking: /home/maneesh/dev_ws/install/gazebo_ros2_control/share/gazebo_ros2_control/environment/path.sh
[15.724s] -- Symlinking: /home/maneesh/dev_ws/install/gazebo_ros2_control/share/gazebo_ros2_control/environment/path.dsv
[15.731s] -- Symlinking: /home/maneesh/dev_ws/install/gazebo_ros2_control/share/gazebo_ros2_control/local_setup.bash
[15.738s] -- Symlinking: /home/maneesh/dev_ws/install/gazebo_ros2_control/share/gazebo_ros2_control/local_setup.sh
[15.751s] -- Symlinking: /home/maneesh/dev_ws/install/gazebo_ros2_control/share/gazebo_ros2_control/local_setup.zsh
[15.758s] -- Symlinking: /home/maneesh/dev_ws/install/gazebo_ros2_control/share/gazebo_ros2_control/local_setup.dsv
[15.765s] -- Symlinking: /home/maneesh/dev_ws/install/gazebo_ros2_control/share/gazebo_ros2_control/package.dsv
[15.773s] -- Symlinking: /home/maneesh/dev_ws/install/gazebo_ros2_control/share/ament_index/resource_index/packages/gazebo_ros2_control
[15.783s] -- Symlinking: /home/maneesh/dev_ws/install/gazebo_ros2_control/share/ament_index/resource_index/gazebo_ros2_control__pluginlib__plugin/gazebo_ros2_control
[15.791s] -- Symlinking: /home/maneesh/dev_ws/install/gazebo_ros2_control/share/gazebo_ros2_control/cmake/ament_cmake_export_include_directories-extras.cmake
[15.804s] -- Symlinking: /home/maneesh/dev_ws/install/gazebo_ros2_control/share/gazebo_ros2_control/cmake/ament_cmake_export_dependencies-extras.cmake
[15.813s] -- Symlinking: /home/maneesh/dev_ws/install/gazebo_ros2_control/share/gazebo_ros2_control/cmake/ament_cmake_export_libraries-extras.cmake
[15.820s] -- Symlinking: /home/maneesh/dev_ws/install/gazebo_ros2_control/share/gazebo_ros2_control/cmake/gazebo_ros2_controlConfig.cmake
[15.827s] -- Symlinking: /home/maneesh/dev_ws/install/gazebo_ros2_control/share/gazebo_ros2_control/cmake/gazebo_ros2_controlConfig-version.cmake
[15.835s] -- Symlinking: /home/maneesh/dev_ws/install/gazebo_ros2_control/share/gazebo_ros2_control/package.xml
[15.851s] Invoked command in '/home/maneesh/dev_ws/build/gazebo_ros2_control' returned '0': CMAKE_PREFIX_PATH=${CMAKE_PREFIX_PATH}:/opt/ros/foxy /usr/bin/cmake --install /home/maneesh/dev_ws/build/gazebo_ros2_control
