[0.281s] DEBUG:colcon:Command line arguments: ['/usr/bin/colcon', 'build', '--symlink-install']
[0.281s] DEBUG:colcon:Parsed command line arguments: Namespace(allow_overriding=[], ament_cmake_args=None, base_paths=['.'], build_base='build', catkin_cmake_args=None, catkin_skip_building_tests=False, cmake_args=None, cmake_clean_cache=False, cmake_clean_first=False, cmake_force_configure=False, cmake_target=None, cmake_target_skip_unavailable=False, continue_on_error=False, event_handlers=None, executor='parallel', ignore_user_meta=False, install_base='install', log_base=None, log_level=None, main=<bound method BuildVerb.main of <colcon_core.verb.build.BuildVerb object at 0x7f57a125adf0>>, merge_install=False, metas=['./colcon.meta'], packages_above=None, packages_above_and_dependencies=None, packages_above_depth=None, packages_end=None, packages_ignore=None, packages_ignore_regex=None, packages_select=None, packages_select_build_failed=False, packages_select_by_dep=None, packages_select_regex=None, packages_select_test_failures=False, packages_skip=None, packages_skip_build_finished=False, packages_skip_by_dep=None, packages_skip_regex=None, packages_skip_test_passed=False, packages_skip_up_to=None, packages_start=None, packages_up_to=None, packages_up_to_regex=None, parallel_workers=16, paths=None, symlink_install=True, test_result_base=None, verb_extension=<colcon_core.verb.build.BuildVerb object at 0x7f57a125adf0>, verb_name='build', verb_parser=<colcon_defaults.argument_parser.defaults.DefaultArgumentsDecorator object at 0x7f57a12653a0>)
[0.302s] Level 1:colcon.colcon_core.package_discovery:discover_packages(colcon_meta) check parameters
[0.302s] Level 1:colcon.colcon_core.package_discovery:discover_packages(recursive) check parameters
[0.303s] Level 1:colcon.colcon_core.package_discovery:discover_packages(ignore) check parameters
[0.303s] Level 1:colcon.colcon_core.package_discovery:discover_packages(path) check parameters
[0.303s] Level 1:colcon.colcon_core.package_discovery:discover_packages(colcon_meta) discover
[0.303s] Level 1:colcon.colcon_core.package_discovery:discover_packages(recursive) discover
[0.303s] INFO:colcon.colcon_core.package_discovery:Crawling recursively for packages in '/home/maneesh/dev_ws'
[0.303s] Level 1:colcon.colcon_core.package_identification:_identify(.) by extensions ['ignore', 'ignore_ament_install']
[0.303s] Level 1:colcon.colcon_core.package_identification:_identify(.) by extension 'ignore'
[0.303s] Level 1:colcon.colcon_core.package_identification:_identify(.) by extension 'ignore_ament_install'
[0.303s] Level 1:colcon.colcon_core.package_identification:_identify(.) by extensions ['colcon_pkg']
[0.303s] Level 1:colcon.colcon_core.package_identification:_identify(.) by extension 'colcon_pkg'
[0.303s] Level 1:colcon.colcon_core.package_identification:_identify(.) by extensions ['colcon_meta']
[0.303s] Level 1:colcon.colcon_core.package_identification:_identify(.) by extension 'colcon_meta'
[0.303s] Level 1:colcon.colcon_core.package_identification:_identify(.) by extensions ['ros']
[0.303s] Level 1:colcon.colcon_core.package_identification:_identify(.) by extension 'ros'
[0.323s] Level 1:colcon.colcon_core.package_identification:_identify(.) by extensions ['cmake', 'python']
[0.323s] Level 1:colcon.colcon_core.package_identification:_identify(.) by extension 'cmake'
[0.323s] Level 1:colcon.colcon_core.package_identification:_identify(.) by extension 'python'
[0.323s] Level 1:colcon.colcon_core.package_identification:_identify(.) by extensions ['python_setup_py']
[0.323s] Level 1:colcon.colcon_core.package_identification:_identify(.) by extension 'python_setup_py'
[0.323s] Level 1:colcon.colcon_core.package_identification:_identify(build) by extensions ['ignore', 'ignore_ament_install']
[0.323s] Level 1:colcon.colcon_core.package_identification:_identify(build) by extension 'ignore'
[0.323s] Level 1:colcon.colcon_core.package_identification:_identify(build) ignored
[0.323s] Level 1:colcon.colcon_core.package_identification:_identify(install) by extensions ['ignore', 'ignore_ament_install']
[0.323s] Level 1:colcon.colcon_core.package_identification:_identify(install) by extension 'ignore'
[0.323s] Level 1:colcon.colcon_core.package_identification:_identify(install) ignored
[0.324s] Level 1:colcon.colcon_core.package_identification:_identify(log) by extensions ['ignore', 'ignore_ament_install']
[0.324s] Level 1:colcon.colcon_core.package_identification:_identify(log) by extension 'ignore'
[0.324s] Level 1:colcon.colcon_core.package_identification:_identify(log) ignored
[0.324s] Level 1:colcon.colcon_core.package_identification:_identify(src) by extensions ['ignore', 'ignore_ament_install']
[0.324s] Level 1:colcon.colcon_core.package_identification:_identify(src) by extension 'ignore'
[0.324s] Level 1:colcon.colcon_core.package_identification:_identify(src) by extension 'ignore_ament_install'
[0.324s] Level 1:colcon.colcon_core.package_identification:_identify(src) by extensions ['colcon_pkg']
[0.324s] Level 1:colcon.colcon_core.package_identification:_identify(src) by extension 'colcon_pkg'
[0.324s] Level 1:colcon.colcon_core.package_identification:_identify(src) by extensions ['colcon_meta']
[0.324s] Level 1:colcon.colcon_core.package_identification:_identify(src) by extension 'colcon_meta'
[0.324s] Level 1:colcon.colcon_core.package_identification:_identify(src) by extensions ['ros']
[0.324s] Level 1:colcon.colcon_core.package_identification:_identify(src) by extension 'ros'
[0.324s] Level 1:colcon.colcon_core.package_identification:_identify(src) by extensions ['cmake', 'python']
[0.324s] Level 1:colcon.colcon_core.package_identification:_identify(src) by extension 'cmake'
[0.324s] Level 1:colcon.colcon_core.package_identification:_identify(src) by extension 'python'
[0.324s] Level 1:colcon.colcon_core.package_identification:_identify(src) by extensions ['python_setup_py']
[0.324s] Level 1:colcon.colcon_core.package_identification:_identify(src) by extension 'python_setup_py'
[0.324s] Level 1:colcon.colcon_core.package_identification:_identify(src/gazebo_ros2_control) by extensions ['ignore', 'ignore_ament_install']
[0.324s] Level 1:colcon.colcon_core.package_identification:_identify(src/gazebo_ros2_control) by extension 'ignore'
[0.324s] Level 1:colcon.colcon_core.package_identification:_identify(src/gazebo_ros2_control) by extension 'ignore_ament_install'
[0.324s] Level 1:colcon.colcon_core.package_identification:_identify(src/gazebo_ros2_control) by extensions ['colcon_pkg']
[0.324s] Level 1:colcon.colcon_core.package_identification:_identify(src/gazebo_ros2_control) by extension 'colcon_pkg'
[0.324s] Level 1:colcon.colcon_core.package_identification:_identify(src/gazebo_ros2_control) by extensions ['colcon_meta']
[0.324s] Level 1:colcon.colcon_core.package_identification:_identify(src/gazebo_ros2_control) by extension 'colcon_meta'
[0.324s] Level 1:colcon.colcon_core.package_identification:_identify(src/gazebo_ros2_control) by extensions ['ros']
[0.325s] Level 1:colcon.colcon_core.package_identification:_identify(src/gazebo_ros2_control) by extension 'ros'
[0.325s] Level 1:colcon.colcon_core.package_identification:_identify(src/gazebo_ros2_control) by extensions ['cmake', 'python']
[0.325s] Level 1:colcon.colcon_core.package_identification:_identify(src/gazebo_ros2_control) by extension 'cmake'
[0.325s] Level 1:colcon.colcon_core.package_identification:_identify(src/gazebo_ros2_control) by extension 'python'
[0.325s] Level 1:colcon.colcon_core.package_identification:_identify(src/gazebo_ros2_control) by extensions ['python_setup_py']
[0.325s] Level 1:colcon.colcon_core.package_identification:_identify(src/gazebo_ros2_control) by extension 'python_setup_py'
[0.325s] Level 1:colcon.colcon_core.package_identification:_identify(src/gazebo_ros2_control/Docker) by extensions ['ignore', 'ignore_ament_install']
[0.325s] Level 1:colcon.colcon_core.package_identification:_identify(src/gazebo_ros2_control/Docker) by extension 'ignore'
[0.325s] Level 1:colcon.colcon_core.package_identification:_identify(src/gazebo_ros2_control/Docker) by extension 'ignore_ament_install'
[0.325s] Level 1:colcon.colcon_core.package_identification:_identify(src/gazebo_ros2_control/Docker) by extensions ['colcon_pkg']
[0.325s] Level 1:colcon.colcon_core.package_identification:_identify(src/gazebo_ros2_control/Docker) by extension 'colcon_pkg'
[0.325s] Level 1:colcon.colcon_core.package_identification:_identify(src/gazebo_ros2_control/Docker) by extensions ['colcon_meta']
[0.325s] Level 1:colcon.colcon_core.package_identification:_identify(src/gazebo_ros2_control/Docker) by extension 'colcon_meta'
[0.325s] Level 1:colcon.colcon_core.package_identification:_identify(src/gazebo_ros2_control/Docker) by extensions ['ros']
[0.325s] Level 1:colcon.colcon_core.package_identification:_identify(src/gazebo_ros2_control/Docker) by extension 'ros'
[0.325s] Level 1:colcon.colcon_core.package_identification:_identify(src/gazebo_ros2_control/Docker) by extensions ['cmake', 'python']
[0.325s] Level 1:colcon.colcon_core.package_identification:_identify(src/gazebo_ros2_control/Docker) by extension 'cmake'
[0.325s] Level 1:colcon.colcon_core.package_identification:_identify(src/gazebo_ros2_control/Docker) by extension 'python'
[0.325s] Level 1:colcon.colcon_core.package_identification:_identify(src/gazebo_ros2_control/Docker) by extensions ['python_setup_py']
[0.325s] Level 1:colcon.colcon_core.package_identification:_identify(src/gazebo_ros2_control/Docker) by extension 'python_setup_py'
[0.325s] Level 1:colcon.colcon_core.package_identification:_identify(src/gazebo_ros2_control/gazebo_ros2_control) by extensions ['ignore', 'ignore_ament_install']
[0.325s] Level 1:colcon.colcon_core.package_identification:_identify(src/gazebo_ros2_control/gazebo_ros2_control) by extension 'ignore'
[0.325s] Level 1:colcon.colcon_core.package_identification:_identify(src/gazebo_ros2_control/gazebo_ros2_control) by extension 'ignore_ament_install'
[0.325s] Level 1:colcon.colcon_core.package_identification:_identify(src/gazebo_ros2_control/gazebo_ros2_control) by extensions ['colcon_pkg']
[0.325s] Level 1:colcon.colcon_core.package_identification:_identify(src/gazebo_ros2_control/gazebo_ros2_control) by extension 'colcon_pkg'
[0.325s] Level 1:colcon.colcon_core.package_identification:_identify(src/gazebo_ros2_control/gazebo_ros2_control) by extensions ['colcon_meta']
[0.326s] Level 1:colcon.colcon_core.package_identification:_identify(src/gazebo_ros2_control/gazebo_ros2_control) by extension 'colcon_meta'
[0.326s] Level 1:colcon.colcon_core.package_identification:_identify(src/gazebo_ros2_control/gazebo_ros2_control) by extensions ['ros']
[0.326s] Level 1:colcon.colcon_core.package_identification:_identify(src/gazebo_ros2_control/gazebo_ros2_control) by extension 'ros'
[0.328s] DEBUG:colcon.colcon_core.package_identification:Package 'src/gazebo_ros2_control/gazebo_ros2_control' with type 'ros.ament_cmake' and name 'gazebo_ros2_control'
[0.328s] Level 1:colcon.colcon_core.package_identification:_identify(src/gazebo_ros2_control/gazebo_ros2_control_demos) by extensions ['ignore', 'ignore_ament_install']
[0.328s] Level 1:colcon.colcon_core.package_identification:_identify(src/gazebo_ros2_control/gazebo_ros2_control_demos) by extension 'ignore'
[0.328s] Level 1:colcon.colcon_core.package_identification:_identify(src/gazebo_ros2_control/gazebo_ros2_control_demos) by extension 'ignore_ament_install'
[0.328s] Level 1:colcon.colcon_core.package_identification:_identify(src/gazebo_ros2_control/gazebo_ros2_control_demos) by extensions ['colcon_pkg']
[0.328s] Level 1:colcon.colcon_core.package_identification:_identify(src/gazebo_ros2_control/gazebo_ros2_control_demos) by extension 'colcon_pkg'
[0.328s] Level 1:colcon.colcon_core.package_identification:_identify(src/gazebo_ros2_control/gazebo_ros2_control_demos) by extensions ['colcon_meta']
[0.329s] Level 1:colcon.colcon_core.package_identification:_identify(src/gazebo_ros2_control/gazebo_ros2_control_demos) by extension 'colcon_meta'
[0.329s] Level 1:colcon.colcon_core.package_identification:_identify(src/gazebo_ros2_control/gazebo_ros2_control_demos) by extensions ['ros']
[0.329s] Level 1:colcon.colcon_core.package_identification:_identify(src/gazebo_ros2_control/gazebo_ros2_control_demos) by extension 'ros'
[0.329s] DEBUG:colcon.colcon_core.package_identification:Package 'src/gazebo_ros2_control/gazebo_ros2_control_demos' with type 'ros.ament_cmake' and name 'gazebo_ros2_control_demos'
[0.329s] Level 1:colcon.colcon_core.package_identification:_identify(src/gazebo_ros2_control/img) by extensions ['ignore', 'ignore_ament_install']
[0.330s] Level 1:colcon.colcon_core.package_identification:_identify(src/gazebo_ros2_control/img) by extension 'ignore'
[0.330s] Level 1:colcon.colcon_core.package_identification:_identify(src/gazebo_ros2_control/img) by extension 'ignore_ament_install'
[0.330s] Level 1:colcon.colcon_core.package_identification:_identify(src/gazebo_ros2_control/img) by extensions ['colcon_pkg']
[0.330s] Level 1:colcon.colcon_core.package_identification:_identify(src/gazebo_ros2_control/img) by extension 'colcon_pkg'
[0.330s] Level 1:colcon.colcon_core.package_identification:_identify(src/gazebo_ros2_control/img) by extensions ['colcon_meta']
[0.330s] Level 1:colcon.colcon_core.package_identification:_identify(src/gazebo_ros2_control/img) by extension 'colcon_meta'
[0.330s] Level 1:colcon.colcon_core.package_identification:_identify(src/gazebo_ros2_control/img) by extensions ['ros']
[0.330s] Level 1:colcon.colcon_core.package_identification:_identify(src/gazebo_ros2_control/img) by extension 'ros'
[0.330s] Level 1:colcon.colcon_core.package_identification:_identify(src/gazebo_ros2_control/img) by extensions ['cmake', 'python']
[0.330s] Level 1:colcon.colcon_core.package_identification:_identify(src/gazebo_ros2_control/img) by extension 'cmake'
[0.330s] Level 1:colcon.colcon_core.package_identification:_identify(src/gazebo_ros2_control/img) by extension 'python'
[0.330s] Level 1:colcon.colcon_core.package_identification:_identify(src/gazebo_ros2_control/img) by extensions ['python_setup_py']
[0.330s] Level 1:colcon.colcon_core.package_identification:_identify(src/gazebo_ros2_control/img) by extension 'python_setup_py'
[0.330s] Level 1:colcon.colcon_core.package_identification:_identify(src/my_bot) by extensions ['ignore', 'ignore_ament_install']
[0.330s] Level 1:colcon.colcon_core.package_identification:_identify(src/my_bot) by extension 'ignore'
[0.330s] Level 1:colcon.colcon_core.package_identification:_identify(src/my_bot) by extension 'ignore_ament_install'
[0.330s] Level 1:colcon.colcon_core.package_identification:_identify(src/my_bot) by extensions ['colcon_pkg']
[0.330s] Level 1:colcon.colcon_core.package_identification:_identify(src/my_bot) by extension 'colcon_pkg'
[0.330s] Level 1:colcon.colcon_core.package_identification:_identify(src/my_bot) by extensions ['colcon_meta']
[0.330s] Level 1:colcon.colcon_core.package_identification:_identify(src/my_bot) by extension 'colcon_meta'
[0.331s] Level 1:colcon.colcon_core.package_identification:_identify(src/my_bot) by extensions ['ros']
[0.331s] Level 1:colcon.colcon_core.package_identification:_identify(src/my_bot) by extension 'ros'
[0.331s] DEBUG:colcon.colcon_core.package_identification:Package 'src/my_bot' with type 'ros.ament_cmake' and name 'my_bot'
[0.331s] Level 1:colcon.colcon_core.package_identification:_identify(src/web_video_server) by extensions ['ignore', 'ignore_ament_install']
[0.331s] Level 1:colcon.colcon_core.package_identification:_identify(src/web_video_server) by extension 'ignore'
[0.331s] Level 1:colcon.colcon_core.package_identification:_identify(src/web_video_server) by extension 'ignore_ament_install'
[0.331s] Level 1:colcon.colcon_core.package_identification:_identify(src/web_video_server) by extensions ['colcon_pkg']
[0.331s] Level 1:colcon.colcon_core.package_identification:_identify(src/web_video_server) by extension 'colcon_pkg'
[0.332s] Level 1:colcon.colcon_core.package_identification:_identify(src/web_video_server) by extensions ['colcon_meta']
[0.332s] Level 1:colcon.colcon_core.package_identification:_identify(src/web_video_server) by extension 'colcon_meta'
[0.332s] Level 1:colcon.colcon_core.package_identification:_identify(src/web_video_server) by extensions ['ros']
[0.332s] Level 1:colcon.colcon_core.package_identification:_identify(src/web_video_server) by extension 'ros'
[0.332s] DEBUG:colcon.colcon_core.package_identification:Package 'src/web_video_server' with type 'ros.ament_cmake' and name 'web_video_server'
[0.332s] Level 1:colcon.colcon_core.package_discovery:discover_packages(recursive) using defaults
[0.332s] Level 1:colcon.colcon_core.package_discovery:discover_packages(ignore) discover
[0.332s] Level 1:colcon.colcon_core.package_discovery:discover_packages(ignore) using defaults
[0.332s] Level 1:colcon.colcon_core.package_discovery:discover_packages(path) discover
[0.333s] Level 1:colcon.colcon_core.package_discovery:discover_packages(path) using defaults
[0.349s] Level 1:colcon.colcon_core.package_discovery:discover_packages(prefix_path) check parameters
[0.349s] Level 1:colcon.colcon_core.package_discovery:discover_packages(prefix_path) discover
[0.352s] DEBUG:colcon.colcon_installed_package_information.package_discovery:Found 5 installed packages in /home/maneesh/dev_ws/install
[0.354s] DEBUG:colcon.colcon_installed_package_information.package_discovery:Found 351 installed packages in /opt/ros/foxy
[0.355s] Level 1:colcon.colcon_core.package_discovery:discover_packages(prefix_path) using defaults
[0.431s] Level 5:colcon.colcon_core.verb:set package 'my_bot' build argument 'cmake_args' from command line to 'None'
[0.431s] Level 5:colcon.colcon_core.verb:set package 'my_bot' build argument 'cmake_target' from command line to 'None'
[0.431s] Level 5:colcon.colcon_core.verb:set package 'my_bot' build argument 'cmake_target_skip_unavailable' from command line to 'False'
[0.431s] Level 5:colcon.colcon_core.verb:set package 'my_bot' build argument 'cmake_clean_cache' from command line to 'False'
[0.431s] Level 5:colcon.colcon_core.verb:set package 'my_bot' build argument 'cmake_clean_first' from command line to 'False'
[0.431s] Level 5:colcon.colcon_core.verb:set package 'my_bot' build argument 'cmake_force_configure' from command line to 'False'
[0.431s] Level 5:colcon.colcon_core.verb:set package 'my_bot' build argument 'ament_cmake_args' from command line to 'None'
[0.431s] Level 5:colcon.colcon_core.verb:set package 'my_bot' build argument 'catkin_cmake_args' from command line to 'None'
[0.431s] Level 5:colcon.colcon_core.verb:set package 'my_bot' build argument 'catkin_skip_building_tests' from command line to 'False'
[0.431s] DEBUG:colcon.colcon_core.verb:Building package 'my_bot' with the following arguments: {'ament_cmake_args': None, 'build_base': '/home/maneesh/dev_ws/build/my_bot', 'catkin_cmake_args': None, 'catkin_skip_building_tests': False, 'cmake_args': None, 'cmake_clean_cache': False, 'cmake_clean_first': False, 'cmake_force_configure': False, 'cmake_target': None, 'cmake_target_skip_unavailable': False, 'install_base': '/home/maneesh/dev_ws/install/my_bot', 'merge_install': False, 'path': '/home/maneesh/dev_ws/src/my_bot', 'symlink_install': True, 'test_result_base': None}
[0.432s] Level 5:colcon.colcon_core.verb:set package 'gazebo_ros2_control' build argument 'cmake_args' from command line to 'None'
[0.432s] Level 5:colcon.colcon_core.verb:set package 'gazebo_ros2_control' build argument 'cmake_target' from command line to 'None'
[0.432s] Level 5:colcon.colcon_core.verb:set package 'gazebo_ros2_control' build argument 'cmake_target_skip_unavailable' from command line to 'False'
[0.432s] Level 5:colcon.colcon_core.verb:set package 'gazebo_ros2_control' build argument 'cmake_clean_cache' from command line to 'False'
[0.432s] Level 5:colcon.colcon_core.verb:set package 'gazebo_ros2_control' build argument 'cmake_clean_first' from command line to 'False'
[0.432s] Level 5:colcon.colcon_core.verb:set package 'gazebo_ros2_control' build argument 'cmake_force_configure' from command line to 'False'
[0.433s] Level 5:colcon.colcon_core.verb:set package 'gazebo_ros2_control' build argument 'ament_cmake_args' from command line to 'None'
[0.433s] Level 5:colcon.colcon_core.verb:set package 'gazebo_ros2_control' build argument 'catkin_cmake_args' from command line to 'None'
[0.433s] Level 5:colcon.colcon_core.verb:set package 'gazebo_ros2_control' build argument 'catkin_skip_building_tests' from command line to 'False'
[0.433s] DEBUG:colcon.colcon_core.verb:Building package 'gazebo_ros2_control' with the following arguments: {'ament_cmake_args': None, 'build_base': '/home/maneesh/dev_ws/build/gazebo_ros2_control', 'catkin_cmake_args': None, 'catkin_skip_building_tests': False, 'cmake_args': None, 'cmake_clean_cache': False, 'cmake_clean_first': False, 'cmake_force_configure': False, 'cmake_target': None, 'cmake_target_skip_unavailable': False, 'install_base': '/home/maneesh/dev_ws/install/gazebo_ros2_control', 'merge_install': False, 'path': '/home/maneesh/dev_ws/src/gazebo_ros2_control/gazebo_ros2_control', 'symlink_install': True, 'test_result_base': None}
[0.433s] Level 5:colcon.colcon_core.verb:set package 'web_video_server' build argument 'cmake_args' from command line to 'None'
[0.433s] Level 5:colcon.colcon_core.verb:set package 'web_video_server' build argument 'cmake_target' from command line to 'None'
[0.433s] Level 5:colcon.colcon_core.verb:set package 'web_video_server' build argument 'cmake_target_skip_unavailable' from command line to 'False'
[0.433s] Level 5:colcon.colcon_core.verb:set package 'web_video_server' build argument 'cmake_clean_cache' from command line to 'False'
[0.434s] Level 5:colcon.colcon_core.verb:set package 'web_video_server' build argument 'cmake_clean_first' from command line to 'False'
[0.434s] Level 5:colcon.colcon_core.verb:set package 'web_video_server' build argument 'cmake_force_configure' from command line to 'False'
[0.434s] Level 5:colcon.colcon_core.verb:set package 'web_video_server' build argument 'ament_cmake_args' from command line to 'None'
[0.434s] Level 5:colcon.colcon_core.verb:set package 'web_video_server' build argument 'catkin_cmake_args' from command line to 'None'
[0.434s] Level 5:colcon.colcon_core.verb:set package 'web_video_server' build argument 'catkin_skip_building_tests' from command line to 'False'
[0.434s] DEBUG:colcon.colcon_core.verb:Building package 'web_video_server' with the following arguments: {'ament_cmake_args': None, 'build_base': '/home/maneesh/dev_ws/build/web_video_server', 'catkin_cmake_args': None, 'catkin_skip_building_tests': False, 'cmake_args': None, 'cmake_clean_cache': False, 'cmake_clean_first': False, 'cmake_force_configure': False, 'cmake_target': None, 'cmake_target_skip_unavailable': False, 'install_base': '/home/maneesh/dev_ws/install/web_video_server', 'merge_install': False, 'path': '/home/maneesh/dev_ws/src/web_video_server', 'symlink_install': True, 'test_result_base': None}
[0.435s] Level 5:colcon.colcon_core.verb:set package 'gazebo_ros2_control_demos' build argument 'cmake_args' from command line to 'None'
[0.435s] Level 5:colcon.colcon_core.verb:set package 'gazebo_ros2_control_demos' build argument 'cmake_target' from command line to 'None'
[0.435s] Level 5:colcon.colcon_core.verb:set package 'gazebo_ros2_control_demos' build argument 'cmake_target_skip_unavailable' from command line to 'False'
[0.435s] Level 5:colcon.colcon_core.verb:set package 'gazebo_ros2_control_demos' build argument 'cmake_clean_cache' from command line to 'False'
[0.435s] Level 5:colcon.colcon_core.verb:set package 'gazebo_ros2_control_demos' build argument 'cmake_clean_first' from command line to 'False'
[0.435s] Level 5:colcon.colcon_core.verb:set package 'gazebo_ros2_control_demos' build argument 'cmake_force_configure' from command line to 'False'
[0.435s] Level 5:colcon.colcon_core.verb:set package 'gazebo_ros2_control_demos' build argument 'ament_cmake_args' from command line to 'None'
[0.435s] Level 5:colcon.colcon_core.verb:set package 'gazebo_ros2_control_demos' build argument 'catkin_cmake_args' from command line to 'None'
[0.435s] Level 5:colcon.colcon_core.verb:set package 'gazebo_ros2_control_demos' build argument 'catkin_skip_building_tests' from command line to 'False'
[0.435s] DEBUG:colcon.colcon_core.verb:Building package 'gazebo_ros2_control_demos' with the following arguments: {'ament_cmake_args': None, 'build_base': '/home/maneesh/dev_ws/build/gazebo_ros2_control_demos', 'catkin_cmake_args': None, 'catkin_skip_building_tests': False, 'cmake_args': None, 'cmake_clean_cache': False, 'cmake_clean_first': False, 'cmake_force_configure': False, 'cmake_target': None, 'cmake_target_skip_unavailable': False, 'install_base': '/home/maneesh/dev_ws/install/gazebo_ros2_control_demos', 'merge_install': False, 'path': '/home/maneesh/dev_ws/src/gazebo_ros2_control/gazebo_ros2_control_demos', 'symlink_install': True, 'test_result_base': None}
[0.435s] INFO:colcon.colcon_core.executor:Executing jobs using 'parallel' executor
[0.438s] DEBUG:colcon.colcon_parallel_executor.executor.parallel:run_until_complete
[0.438s] INFO:colcon.colcon_ros.task.ament_cmake.build:Building ROS package in '/home/maneesh/dev_ws/src/gazebo_ros2_control/gazebo_ros2_control' with build type 'ament_cmake'
[0.438s] INFO:colcon.colcon_cmake.task.cmake.build:Building CMake package in '/home/maneesh/dev_ws/src/gazebo_ros2_control/gazebo_ros2_control'
[0.443s] INFO:colcon.colcon_core.plugin_system:Skipping extension 'colcon_core.shell.bat': Not used on non-Windows systems
[0.444s] INFO:colcon.colcon_core.shell:Skip shell extension 'powershell' for command environment: Not usable outside of PowerShell
[0.444s] DEBUG:colcon.colcon_core.shell:Skip shell extension 'dsv' for command environment
[0.450s] INFO:colcon.colcon_ros.task.ament_cmake.build:Building ROS package in '/home/maneesh/dev_ws/src/my_bot' with build type 'ament_cmake'
[0.450s] INFO:colcon.colcon_cmake.task.cmake.build:Building CMake package in '/home/maneesh/dev_ws/src/my_bot'
[0.451s] INFO:colcon.colcon_core.shell:Skip shell extension 'powershell' for command environment: Not usable outside of PowerShell
[0.452s] DEBUG:colcon.colcon_core.shell:Skip shell extension 'dsv' for command environment
[0.458s] INFO:colcon.colcon_ros.task.ament_cmake.build:Building ROS package in '/home/maneesh/dev_ws/src/web_video_server' with build type 'ament_cmake'
[0.458s] INFO:colcon.colcon_cmake.task.cmake.build:Building CMake package in '/home/maneesh/dev_ws/src/web_video_server'
[0.460s] INFO:colcon.colcon_core.shell:Skip shell extension 'powershell' for command environment: Not usable outside of PowerShell
[0.460s] DEBUG:colcon.colcon_core.shell:Skip shell extension 'dsv' for command environment
[0.474s] DEBUG:colcon.colcon_core.event_handler.log_command:Invoking command in '/home/maneesh/dev_ws/build/gazebo_ros2_control': CMAKE_PREFIX_PATH=${CMAKE_PREFIX_PATH}:/opt/ros/foxy /usr/bin/cmake --build /home/maneesh/dev_ws/build/gazebo_ros2_control -- -j16 -l16
[0.481s] DEBUG:colcon.colcon_core.event_handler.log_command:Invoking command in '/home/maneesh/dev_ws/build/my_bot': CMAKE_PREFIX_PATH=${CMAKE_PREFIX_PATH}:/opt/ros/foxy /usr/bin/cmake --build /home/maneesh/dev_ws/build/my_bot -- -j16 -l16
[0.488s] DEBUG:colcon.colcon_core.event_handler.log_command:Invoking command in '/home/maneesh/dev_ws/build/web_video_server': CMAKE_PREFIX_PATH=${CMAKE_PREFIX_PATH}:/opt/ros/foxy /usr/bin/cmake --build /home/maneesh/dev_ws/build/web_video_server -- -j16 -l16
[0.781s] DEBUG:colcon.colcon_core.event_handler.log_command:Invoked command in '/home/maneesh/dev_ws/build/my_bot' returned '0': CMAKE_PREFIX_PATH=${CMAKE_PREFIX_PATH}:/opt/ros/foxy /usr/bin/cmake --build /home/maneesh/dev_ws/build/my_bot -- -j16 -l16
[0.814s] DEBUG:colcon.colcon_core.event_handler.log_command:Invoking command in '/home/maneesh/dev_ws/build/my_bot': CMAKE_PREFIX_PATH=${CMAKE_PREFIX_PATH}:/opt/ros/foxy /usr/bin/cmake --install /home/maneesh/dev_ws/build/my_bot
[0.831s] DEBUG:colcon.colcon_core.event_handler.log_command:Invoked command in '/home/maneesh/dev_ws/build/gazebo_ros2_control' returned '0': CMAKE_PREFIX_PATH=${CMAKE_PREFIX_PATH}:/opt/ros/foxy /usr/bin/cmake --build /home/maneesh/dev_ws/build/gazebo_ros2_control -- -j16 -l16
[0.835s] DEBUG:colcon.colcon_core.event_handler.log_command:Invoked command in '/home/maneesh/dev_ws/build/web_video_server' returned '0': CMAKE_PREFIX_PATH=${CMAKE_PREFIX_PATH}:/opt/ros/foxy /usr/bin/cmake --build /home/maneesh/dev_ws/build/web_video_server -- -j16 -l16
[0.844s] Level 1:colcon.colcon_core.environment:create_environment_scripts_only(my_bot)
[0.845s] DEBUG:colcon.colcon_core.event_handler.log_command:Invoked command in '/home/maneesh/dev_ws/build/my_bot' returned '0': CMAKE_PREFIX_PATH=${CMAKE_PREFIX_PATH}:/opt/ros/foxy /usr/bin/cmake --install /home/maneesh/dev_ws/build/my_bot
[0.851s] Level 1:colcon.colcon_core.environment:checking '/home/maneesh/dev_ws/install/my_bot' for CMake module files
[0.851s] Level 1:colcon.colcon_core.environment:checking '/home/maneesh/dev_ws/install/my_bot' for CMake config files
[0.852s] Level 1:colcon.colcon_core.shell:create_environment_hook('my_bot', 'cmake_prefix_path')
[0.853s] INFO:colcon.colcon_core.shell:Creating environment hook '/home/maneesh/dev_ws/install/my_bot/share/my_bot/hook/cmake_prefix_path.ps1'
[0.854s] INFO:colcon.colcon_core.shell:Creating environment descriptor '/home/maneesh/dev_ws/install/my_bot/share/my_bot/hook/cmake_prefix_path.dsv'
[0.854s] INFO:colcon.colcon_core.shell:Creating environment hook '/home/maneesh/dev_ws/install/my_bot/share/my_bot/hook/cmake_prefix_path.sh'
[0.855s] Level 1:colcon.colcon_core.environment:checking '/home/maneesh/dev_ws/install/my_bot/bin'
[0.855s] Level 1:colcon.colcon_core.environment:checking '/home/maneesh/dev_ws/install/my_bot/lib/pkgconfig/my_bot.pc'
[0.855s] Level 1:colcon.colcon_core.environment:checking '/home/maneesh/dev_ws/install/my_bot/lib/python3.8/site-packages'
[0.855s] Level 1:colcon.colcon_core.environment:checking '/home/maneesh/dev_ws/install/my_bot/bin'
[0.857s] INFO:colcon.colcon_core.shell:Creating package script '/home/maneesh/dev_ws/install/my_bot/share/my_bot/package.ps1'
[0.857s] INFO:colcon.colcon_core.shell:Creating package descriptor '/home/maneesh/dev_ws/install/my_bot/share/my_bot/package.dsv'
[0.858s] INFO:colcon.colcon_core.shell:Creating package script '/home/maneesh/dev_ws/install/my_bot/share/my_bot/package.sh'
[0.859s] INFO:colcon.colcon_core.shell:Creating package script '/home/maneesh/dev_ws/install/my_bot/share/my_bot/package.bash'
[0.859s] INFO:colcon.colcon_core.shell:Creating package script '/home/maneesh/dev_ws/install/my_bot/share/my_bot/package.zsh'
[0.860s] Level 1:colcon.colcon_core.environment:create_file_with_runtime_dependencies(/home/maneesh/dev_ws/install/my_bot/share/colcon-core/packages/my_bot)
[0.867s] DEBUG:colcon.colcon_core.event_handler.log_command:Invoking command in '/home/maneesh/dev_ws/build/gazebo_ros2_control': CMAKE_PREFIX_PATH=${CMAKE_PREFIX_PATH}:/opt/ros/foxy /usr/bin/cmake --install /home/maneesh/dev_ws/build/gazebo_ros2_control
[0.871s] DEBUG:colcon.colcon_core.event_handler.log_command:Invoking command in '/home/maneesh/dev_ws/build/web_video_server': CMAKE_PREFIX_PATH=${CMAKE_PREFIX_PATH}:/opt/ros/foxy /usr/bin/cmake --install /home/maneesh/dev_ws/build/web_video_server
[0.882s] Level 1:colcon.colcon_core.environment:create_environment_scripts_only(my_bot)
[0.883s] Level 1:colcon.colcon_core.environment:checking '/home/maneesh/dev_ws/install/my_bot' for CMake module files
[0.885s] Level 1:colcon.colcon_core.environment:checking '/home/maneesh/dev_ws/install/my_bot' for CMake config files
[0.886s] Level 1:colcon.colcon_core.shell:create_environment_hook('my_bot', 'cmake_prefix_path')
[0.887s] INFO:colcon.colcon_core.shell:Creating environment hook '/home/maneesh/dev_ws/install/my_bot/share/my_bot/hook/cmake_prefix_path.ps1'
[0.888s] INFO:colcon.colcon_core.shell:Creating environment descriptor '/home/maneesh/dev_ws/install/my_bot/share/my_bot/hook/cmake_prefix_path.dsv'
[0.888s] INFO:colcon.colcon_core.shell:Creating environment hook '/home/maneesh/dev_ws/install/my_bot/share/my_bot/hook/cmake_prefix_path.sh'
[0.889s] Level 1:colcon.colcon_core.environment:checking '/home/maneesh/dev_ws/install/my_bot/bin'
[0.889s] Level 1:colcon.colcon_core.environment:checking '/home/maneesh/dev_ws/install/my_bot/lib/pkgconfig/my_bot.pc'
[0.889s] Level 1:colcon.colcon_core.environment:checking '/home/maneesh/dev_ws/install/my_bot/lib/python3.8/site-packages'
[0.889s] Level 1:colcon.colcon_core.environment:checking '/home/maneesh/dev_ws/install/my_bot/bin'
[0.891s] INFO:colcon.colcon_core.shell:Creating package script '/home/maneesh/dev_ws/install/my_bot/share/my_bot/package.ps1'
[0.892s] INFO:colcon.colcon_core.shell:Creating package descriptor '/home/maneesh/dev_ws/install/my_bot/share/my_bot/package.dsv'
[0.892s] INFO:colcon.colcon_core.shell:Creating package script '/home/maneesh/dev_ws/install/my_bot/share/my_bot/package.sh'
[0.893s] INFO:colcon.colcon_core.shell:Creating package script '/home/maneesh/dev_ws/install/my_bot/share/my_bot/package.bash'
[0.894s] INFO:colcon.colcon_core.shell:Creating package script '/home/maneesh/dev_ws/install/my_bot/share/my_bot/package.zsh'
[0.895s] Level 1:colcon.colcon_core.environment:create_file_with_runtime_dependencies(/home/maneesh/dev_ws/install/my_bot/share/colcon-core/packages/my_bot)
[0.896s] Level 1:colcon.colcon_core.environment:create_environment_scripts_only(gazebo_ros2_control)
[0.898s] Level 1:colcon.colcon_core.environment:checking '/home/maneesh/dev_ws/install/gazebo_ros2_control' for CMake module files
[0.899s] DEBUG:colcon.colcon_core.event_handler.log_command:Invoked command in '/home/maneesh/dev_ws/build/gazebo_ros2_control' returned '0': CMAKE_PREFIX_PATH=${CMAKE_PREFIX_PATH}:/opt/ros/foxy /usr/bin/cmake --install /home/maneesh/dev_ws/build/gazebo_ros2_control
[0.899s] Level 1:colcon.colcon_core.environment:checking '/home/maneesh/dev_ws/install/gazebo_ros2_control' for CMake config files
[0.899s] Level 1:colcon.colcon_core.shell:create_environment_hook('gazebo_ros2_control', 'cmake_prefix_path')
[0.900s] INFO:colcon.colcon_core.shell:Creating environment hook '/home/maneesh/dev_ws/install/gazebo_ros2_control/share/gazebo_ros2_control/hook/cmake_prefix_path.ps1'
[0.901s] INFO:colcon.colcon_core.shell:Creating environment descriptor '/home/maneesh/dev_ws/install/gazebo_ros2_control/share/gazebo_ros2_control/hook/cmake_prefix_path.dsv'
[0.901s] INFO:colcon.colcon_core.shell:Creating environment hook '/home/maneesh/dev_ws/install/gazebo_ros2_control/share/gazebo_ros2_control/hook/cmake_prefix_path.sh'
[0.901s] Level 1:colcon.colcon_core.environment:checking '/home/maneesh/dev_ws/install/gazebo_ros2_control/lib'
[0.902s] Level 1:colcon.colcon_core.shell:create_environment_hook('gazebo_ros2_control', 'ld_library_path_lib')
[0.903s] INFO:colcon.colcon_core.shell:Creating environment hook '/home/maneesh/dev_ws/install/gazebo_ros2_control/share/gazebo_ros2_control/hook/ld_library_path_lib.ps1'
[0.903s] INFO:colcon.colcon_core.shell:Creating environment descriptor '/home/maneesh/dev_ws/install/gazebo_ros2_control/share/gazebo_ros2_control/hook/ld_library_path_lib.dsv'
[0.904s] INFO:colcon.colcon_core.shell:Creating environment hook '/home/maneesh/dev_ws/install/gazebo_ros2_control/share/gazebo_ros2_control/hook/ld_library_path_lib.sh'
[0.904s] Level 1:colcon.colcon_core.environment:checking '/home/maneesh/dev_ws/install/gazebo_ros2_control/bin'
[0.904s] Level 1:colcon.colcon_core.environment:checking '/home/maneesh/dev_ws/install/gazebo_ros2_control/lib/pkgconfig/gazebo_ros2_control.pc'
[0.904s] Level 1:colcon.colcon_core.environment:checking '/home/maneesh/dev_ws/install/gazebo_ros2_control/lib/python3.8/site-packages'
[0.904s] Level 1:colcon.colcon_core.environment:checking '/home/maneesh/dev_ws/install/gazebo_ros2_control/bin'
[0.907s] INFO:colcon.colcon_core.shell:Creating package script '/home/maneesh/dev_ws/install/gazebo_ros2_control/share/gazebo_ros2_control/package.ps1'
[0.907s] INFO:colcon.colcon_core.shell:Creating package descriptor '/home/maneesh/dev_ws/install/gazebo_ros2_control/share/gazebo_ros2_control/package.dsv'
[0.908s] INFO:colcon.colcon_core.shell:Creating package script '/home/maneesh/dev_ws/install/gazebo_ros2_control/share/gazebo_ros2_control/package.sh'
[0.908s] INFO:colcon.colcon_core.shell:Creating package script '/home/maneesh/dev_ws/install/gazebo_ros2_control/share/gazebo_ros2_control/package.bash'
[0.908s] INFO:colcon.colcon_core.shell:Creating package script '/home/maneesh/dev_ws/install/gazebo_ros2_control/share/gazebo_ros2_control/package.zsh'
[0.908s] Level 1:colcon.colcon_core.environment:create_file_with_runtime_dependencies(/home/maneesh/dev_ws/install/gazebo_ros2_control/share/colcon-core/packages/gazebo_ros2_control)
[0.912s] Level 1:colcon.colcon_core.environment:create_environment_scripts_only(web_video_server)
[0.914s] Level 1:colcon.colcon_core.environment:checking '/home/maneesh/dev_ws/install/web_video_server' for CMake module files
[0.914s] DEBUG:colcon.colcon_core.event_handler.log_command:Invoked command in '/home/maneesh/dev_ws/build/web_video_server' returned '0': CMAKE_PREFIX_PATH=${CMAKE_PREFIX_PATH}:/opt/ros/foxy /usr/bin/cmake --install /home/maneesh/dev_ws/build/web_video_server
[0.915s] Level 1:colcon.colcon_core.environment:checking '/home/maneesh/dev_ws/install/web_video_server' for CMake config files
[0.915s] Level 1:colcon.colcon_core.shell:create_environment_hook('web_video_server', 'cmake_prefix_path')
[0.916s] INFO:colcon.colcon_core.shell:Creating environment hook '/home/maneesh/dev_ws/install/web_video_server/share/web_video_server/hook/cmake_prefix_path.ps1'
[0.916s] INFO:colcon.colcon_core.shell:Creating environment descriptor '/home/maneesh/dev_ws/install/web_video_server/share/web_video_server/hook/cmake_prefix_path.dsv'
[0.917s] INFO:colcon.colcon_core.shell:Creating environment hook '/home/maneesh/dev_ws/install/web_video_server/share/web_video_server/hook/cmake_prefix_path.sh'
[0.917s] Level 1:colcon.colcon_core.environment:checking '/home/maneesh/dev_ws/install/web_video_server/lib'
[0.917s] Level 1:colcon.colcon_core.environment:checking '/home/maneesh/dev_ws/install/web_video_server/bin'
[0.917s] Level 1:colcon.colcon_core.environment:checking '/home/maneesh/dev_ws/install/web_video_server/lib/pkgconfig/web_video_server.pc'
[0.918s] Level 1:colcon.colcon_core.environment:checking '/home/maneesh/dev_ws/install/web_video_server/lib/python3.8/site-packages'
[0.918s] Level 1:colcon.colcon_core.environment:checking '/home/maneesh/dev_ws/install/web_video_server/bin'
[0.919s] INFO:colcon.colcon_core.shell:Creating package script '/home/maneesh/dev_ws/install/web_video_server/share/web_video_server/package.ps1'
[0.919s] INFO:colcon.colcon_core.shell:Creating package descriptor '/home/maneesh/dev_ws/install/web_video_server/share/web_video_server/package.dsv'
[0.920s] INFO:colcon.colcon_core.shell:Creating package script '/home/maneesh/dev_ws/install/web_video_server/share/web_video_server/package.sh'
[0.920s] INFO:colcon.colcon_core.shell:Creating package script '/home/maneesh/dev_ws/install/web_video_server/share/web_video_server/package.bash'
[0.920s] INFO:colcon.colcon_core.shell:Creating package script '/home/maneesh/dev_ws/install/web_video_server/share/web_video_server/package.zsh'
[0.920s] Level 1:colcon.colcon_core.environment:create_file_with_runtime_dependencies(/home/maneesh/dev_ws/install/web_video_server/share/colcon-core/packages/web_video_server)
[0.932s] Level 1:colcon.colcon_core.environment:create_environment_scripts_only(gazebo_ros2_control)
[0.933s] Level 1:colcon.colcon_core.environment:checking '/home/maneesh/dev_ws/install/gazebo_ros2_control' for CMake module files
[0.934s] Level 1:colcon.colcon_core.environment:checking '/home/maneesh/dev_ws/install/gazebo_ros2_control' for CMake config files
[0.934s] Level 1:colcon.colcon_core.shell:create_environment_hook('gazebo_ros2_control', 'cmake_prefix_path')
[0.935s] INFO:colcon.colcon_core.shell:Creating environment hook '/home/maneesh/dev_ws/install/gazebo_ros2_control/share/gazebo_ros2_control/hook/cmake_prefix_path.ps1'
[0.936s] INFO:colcon.colcon_core.shell:Creating environment descriptor '/home/maneesh/dev_ws/install/gazebo_ros2_control/share/gazebo_ros2_control/hook/cmake_prefix_path.dsv'
[0.936s] INFO:colcon.colcon_core.shell:Creating environment hook '/home/maneesh/dev_ws/install/gazebo_ros2_control/share/gazebo_ros2_control/hook/cmake_prefix_path.sh'
[0.936s] Level 1:colcon.colcon_core.environment:checking '/home/maneesh/dev_ws/install/gazebo_ros2_control/lib'
[0.936s] Level 1:colcon.colcon_core.shell:create_environment_hook('gazebo_ros2_control', 'ld_library_path_lib')
[0.938s] INFO:colcon.colcon_core.shell:Creating environment hook '/home/maneesh/dev_ws/install/gazebo_ros2_control/share/gazebo_ros2_control/hook/ld_library_path_lib.ps1'
[0.938s] INFO:colcon.colcon_core.shell:Creating environment descriptor '/home/maneesh/dev_ws/install/gazebo_ros2_control/share/gazebo_ros2_control/hook/ld_library_path_lib.dsv'
[0.938s] INFO:colcon.colcon_core.shell:Creating environment hook '/home/maneesh/dev_ws/install/gazebo_ros2_control/share/gazebo_ros2_control/hook/ld_library_path_lib.sh'
[0.939s] Level 1:colcon.colcon_core.environment:checking '/home/maneesh/dev_ws/install/gazebo_ros2_control/bin'
[0.939s] Level 1:colcon.colcon_core.environment:checking '/home/maneesh/dev_ws/install/gazebo_ros2_control/lib/pkgconfig/gazebo_ros2_control.pc'
[0.939s] Level 1:colcon.colcon_core.environment:checking '/home/maneesh/dev_ws/install/gazebo_ros2_control/lib/python3.8/site-packages'
[0.939s] Level 1:colcon.colcon_core.environment:checking '/home/maneesh/dev_ws/install/gazebo_ros2_control/bin'
[0.940s] INFO:colcon.colcon_core.shell:Creating package script '/home/maneesh/dev_ws/install/gazebo_ros2_control/share/gazebo_ros2_control/package.ps1'
[0.941s] INFO:colcon.colcon_core.shell:Creating package descriptor '/home/maneesh/dev_ws/install/gazebo_ros2_control/share/gazebo_ros2_control/package.dsv'
[0.941s] INFO:colcon.colcon_core.shell:Creating package script '/home/maneesh/dev_ws/install/gazebo_ros2_control/share/gazebo_ros2_control/package.sh'
[0.942s] INFO:colcon.colcon_core.shell:Creating package script '/home/maneesh/dev_ws/install/gazebo_ros2_control/share/gazebo_ros2_control/package.bash'
[0.942s] INFO:colcon.colcon_core.shell:Creating package script '/home/maneesh/dev_ws/install/gazebo_ros2_control/share/gazebo_ros2_control/package.zsh'
[0.942s] Level 1:colcon.colcon_core.environment:create_file_with_runtime_dependencies(/home/maneesh/dev_ws/install/gazebo_ros2_control/share/colcon-core/packages/gazebo_ros2_control)
[0.943s] INFO:colcon.colcon_ros.task.ament_cmake.build:Building ROS package in '/home/maneesh/dev_ws/src/gazebo_ros2_control/gazebo_ros2_control_demos' with build type 'ament_cmake'
[0.943s] INFO:colcon.colcon_cmake.task.cmake.build:Building CMake package in '/home/maneesh/dev_ws/src/gazebo_ros2_control/gazebo_ros2_control_demos'
[0.944s] INFO:colcon.colcon_core.shell:Skip shell extension 'powershell' for command environment: Not usable outside of PowerShell
[0.944s] DEBUG:colcon.colcon_core.shell:Skip shell extension 'dsv' for command environment
[0.952s] Level 1:colcon.colcon_core.environment:create_environment_scripts_only(web_video_server)
[0.954s] Level 1:colcon.colcon_core.environment:checking '/home/maneesh/dev_ws/install/web_video_server' for CMake module files
[0.954s] Level 1:colcon.colcon_core.environment:checking '/home/maneesh/dev_ws/install/web_video_server' for CMake config files
[0.955s] Level 1:colcon.colcon_core.shell:create_environment_hook('web_video_server', 'cmake_prefix_path')
[0.956s] INFO:colcon.colcon_core.shell:Creating environment hook '/home/maneesh/dev_ws/install/web_video_server/share/web_video_server/hook/cmake_prefix_path.ps1'
[0.956s] INFO:colcon.colcon_core.shell:Creating environment descriptor '/home/maneesh/dev_ws/install/web_video_server/share/web_video_server/hook/cmake_prefix_path.dsv'
[0.956s] INFO:colcon.colcon_core.shell:Creating environment hook '/home/maneesh/dev_ws/install/web_video_server/share/web_video_server/hook/cmake_prefix_path.sh'
[0.957s] Level 1:colcon.colcon_core.environment:checking '/home/maneesh/dev_ws/install/web_video_server/lib'
[0.957s] Level 1:colcon.colcon_core.environment:checking '/home/maneesh/dev_ws/install/web_video_server/bin'
[0.957s] Level 1:colcon.colcon_core.environment:checking '/home/maneesh/dev_ws/install/web_video_server/lib/pkgconfig/web_video_server.pc'
[0.957s] Level 1:colcon.colcon_core.environment:checking '/home/maneesh/dev_ws/install/web_video_server/lib/python3.8/site-packages'
[0.957s] Level 1:colcon.colcon_core.environment:checking '/home/maneesh/dev_ws/install/web_video_server/bin'
[0.958s] INFO:colcon.colcon_core.shell:Creating package script '/home/maneesh/dev_ws/install/web_video_server/share/web_video_server/package.ps1'
[0.959s] INFO:colcon.colcon_core.shell:Creating package descriptor '/home/maneesh/dev_ws/install/web_video_server/share/web_video_server/package.dsv'
[0.959s] INFO:colcon.colcon_core.shell:Creating package script '/home/maneesh/dev_ws/install/web_video_server/share/web_video_server/package.sh'
[0.960s] INFO:colcon.colcon_core.shell:Creating package script '/home/maneesh/dev_ws/install/web_video_server/share/web_video_server/package.bash'
[0.960s] INFO:colcon.colcon_core.shell:Creating package script '/home/maneesh/dev_ws/install/web_video_server/share/web_video_server/package.zsh'
[0.960s] Level 1:colcon.colcon_core.environment:create_file_with_runtime_dependencies(/home/maneesh/dev_ws/install/web_video_server/share/colcon-core/packages/web_video_server)
[0.965s] DEBUG:colcon.colcon_core.event_handler.log_command:Invoking command in '/home/maneesh/dev_ws/build/gazebo_ros2_control_demos': CMAKE_PREFIX_PATH=/home/maneesh/dev_ws/install/gazebo_ros2_control:/home/maneesh/dev_ws/install/web_video_server:/home/maneesh/dev_ws/install/my_bot:/home/maneesh/dev_ws/install/gazebo_ros2_control_demos:/home/maneesh/dev_ws/install/my_bot:/opt/ros/foxy /usr/bin/cmake --build /home/maneesh/dev_ws/build/gazebo_ros2_control_demos -- -j16 -l16
[1.044s] DEBUG:colcon.colcon_core.event_handler.log_command:Invoked command in '/home/maneesh/dev_ws/build/gazebo_ros2_control_demos' returned '0': CMAKE_PREFIX_PATH=/home/maneesh/dev_ws/install/gazebo_ros2_control:/home/maneesh/dev_ws/install/web_video_server:/home/maneesh/dev_ws/install/my_bot:/home/maneesh/dev_ws/install/gazebo_ros2_control_demos:/home/maneesh/dev_ws/install/my_bot:/opt/ros/foxy /usr/bin/cmake --build /home/maneesh/dev_ws/build/gazebo_ros2_control_demos -- -j16 -l16
[1.077s] DEBUG:colcon.colcon_core.event_handler.log_command:Invoking command in '/home/maneesh/dev_ws/build/gazebo_ros2_control_demos': CMAKE_PREFIX_PATH=/home/maneesh/dev_ws/install/gazebo_ros2_control:/home/maneesh/dev_ws/install/web_video_server:/home/maneesh/dev_ws/install/my_bot:/home/maneesh/dev_ws/install/gazebo_ros2_control_demos:/home/maneesh/dev_ws/install/my_bot:/opt/ros/foxy /usr/bin/cmake --install /home/maneesh/dev_ws/build/gazebo_ros2_control_demos
[1.103s] Level 1:colcon.colcon_core.environment:create_environment_scripts_only(gazebo_ros2_control_demos)
[1.105s] Level 1:colcon.colcon_core.environment:checking '/home/maneesh/dev_ws/install/gazebo_ros2_control_demos' for CMake module files
[1.105s] DEBUG:colcon.colcon_core.event_handler.log_command:Invoked command in '/home/maneesh/dev_ws/build/gazebo_ros2_control_demos' returned '0': CMAKE_PREFIX_PATH=/home/maneesh/dev_ws/install/gazebo_ros2_control:/home/maneesh/dev_ws/install/web_video_server:/home/maneesh/dev_ws/install/my_bot:/home/maneesh/dev_ws/install/gazebo_ros2_control_demos:/home/maneesh/dev_ws/install/my_bot:/opt/ros/foxy /usr/bin/cmake --install /home/maneesh/dev_ws/build/gazebo_ros2_control_demos
[1.105s] Level 1:colcon.colcon_core.environment:checking '/home/maneesh/dev_ws/install/gazebo_ros2_control_demos' for CMake config files
[1.106s] Level 1:colcon.colcon_core.shell:create_environment_hook('gazebo_ros2_control_demos', 'cmake_prefix_path')
[1.107s] INFO:colcon.colcon_core.shell:Creating environment hook '/home/maneesh/dev_ws/install/gazebo_ros2_control_demos/share/gazebo_ros2_control_demos/hook/cmake_prefix_path.ps1'
[1.107s] INFO:colcon.colcon_core.shell:Creating environment descriptor '/home/maneesh/dev_ws/install/gazebo_ros2_control_demos/share/gazebo_ros2_control_demos/hook/cmake_prefix_path.dsv'
[1.107s] INFO:colcon.colcon_core.shell:Creating environment hook '/home/maneesh/dev_ws/install/gazebo_ros2_control_demos/share/gazebo_ros2_control_demos/hook/cmake_prefix_path.sh'
[1.108s] Level 1:colcon.colcon_core.environment:checking '/home/maneesh/dev_ws/install/gazebo_ros2_control_demos/lib'
[1.108s] Level 1:colcon.colcon_core.environment:checking '/home/maneesh/dev_ws/install/gazebo_ros2_control_demos/bin'
[1.108s] Level 1:colcon.colcon_core.environment:checking '/home/maneesh/dev_ws/install/gazebo_ros2_control_demos/lib/pkgconfig/gazebo_ros2_control_demos.pc'
[1.108s] Level 1:colcon.colcon_core.environment:checking '/home/maneesh/dev_ws/install/gazebo_ros2_control_demos/lib/python3.8/site-packages'
[1.108s] Level 1:colcon.colcon_core.environment:checking '/home/maneesh/dev_ws/install/gazebo_ros2_control_demos/bin'
[1.109s] INFO:colcon.colcon_core.shell:Creating package script '/home/maneesh/dev_ws/install/gazebo_ros2_control_demos/share/gazebo_ros2_control_demos/package.ps1'
[1.110s] INFO:colcon.colcon_core.shell:Creating package descriptor '/home/maneesh/dev_ws/install/gazebo_ros2_control_demos/share/gazebo_ros2_control_demos/package.dsv'
[1.110s] INFO:colcon.colcon_core.shell:Creating package script '/home/maneesh/dev_ws/install/gazebo_ros2_control_demos/share/gazebo_ros2_control_demos/package.sh'
[1.110s] INFO:colcon.colcon_core.shell:Creating package script '/home/maneesh/dev_ws/install/gazebo_ros2_control_demos/share/gazebo_ros2_control_demos/package.bash'
[1.111s] INFO:colcon.colcon_core.shell:Creating package script '/home/maneesh/dev_ws/install/gazebo_ros2_control_demos/share/gazebo_ros2_control_demos/package.zsh'
[1.111s] Level 1:colcon.colcon_core.environment:create_file_with_runtime_dependencies(/home/maneesh/dev_ws/install/gazebo_ros2_control_demos/share/colcon-core/packages/gazebo_ros2_control_demos)
[1.137s] Level 1:colcon.colcon_core.environment:create_environment_scripts_only(gazebo_ros2_control_demos)
[1.139s] Level 1:colcon.colcon_core.environment:checking '/home/maneesh/dev_ws/install/gazebo_ros2_control_demos' for CMake module files
[1.139s] Level 1:colcon.colcon_core.environment:checking '/home/maneesh/dev_ws/install/gazebo_ros2_control_demos' for CMake config files
[1.140s] Level 1:colcon.colcon_core.shell:create_environment_hook('gazebo_ros2_control_demos', 'cmake_prefix_path')
[1.141s] INFO:colcon.colcon_core.shell:Creating environment hook '/home/maneesh/dev_ws/install/gazebo_ros2_control_demos/share/gazebo_ros2_control_demos/hook/cmake_prefix_path.ps1'
[1.141s] INFO:colcon.colcon_core.shell:Creating environment descriptor '/home/maneesh/dev_ws/install/gazebo_ros2_control_demos/share/gazebo_ros2_control_demos/hook/cmake_prefix_path.dsv'
[1.141s] INFO:colcon.colcon_core.shell:Creating environment hook '/home/maneesh/dev_ws/install/gazebo_ros2_control_demos/share/gazebo_ros2_control_demos/hook/cmake_prefix_path.sh'
[1.142s] Level 1:colcon.colcon_core.environment:checking '/home/maneesh/dev_ws/install/gazebo_ros2_control_demos/lib'
[1.142s] Level 1:colcon.colcon_core.environment:checking '/home/maneesh/dev_ws/install/gazebo_ros2_control_demos/bin'
[1.142s] Level 1:colcon.colcon_core.environment:checking '/home/maneesh/dev_ws/install/gazebo_ros2_control_demos/lib/pkgconfig/gazebo_ros2_control_demos.pc'
[1.142s] Level 1:colcon.colcon_core.environment:checking '/home/maneesh/dev_ws/install/gazebo_ros2_control_demos/lib/python3.8/site-packages'
[1.142s] Level 1:colcon.colcon_core.environment:checking '/home/maneesh/dev_ws/install/gazebo_ros2_control_demos/bin'
[1.143s] INFO:colcon.colcon_core.shell:Creating package script '/home/maneesh/dev_ws/install/gazebo_ros2_control_demos/share/gazebo_ros2_control_demos/package.ps1'
[1.144s] INFO:colcon.colcon_core.shell:Creating package descriptor '/home/maneesh/dev_ws/install/gazebo_ros2_control_demos/share/gazebo_ros2_control_demos/package.dsv'
[1.144s] INFO:colcon.colcon_core.shell:Creating package script '/home/maneesh/dev_ws/install/gazebo_ros2_control_demos/share/gazebo_ros2_control_demos/package.sh'
[1.144s] INFO:colcon.colcon_core.shell:Creating package script '/home/maneesh/dev_ws/install/gazebo_ros2_control_demos/share/gazebo_ros2_control_demos/package.bash'
[1.145s] INFO:colcon.colcon_core.shell:Creating package script '/home/maneesh/dev_ws/install/gazebo_ros2_control_demos/share/gazebo_ros2_control_demos/package.zsh'
[1.145s] Level 1:colcon.colcon_core.environment:create_file_with_runtime_dependencies(/home/maneesh/dev_ws/install/gazebo_ros2_control_demos/share/colcon-core/packages/gazebo_ros2_control_demos)
[1.145s] DEBUG:colcon.colcon_parallel_executor.executor.parallel:closing loop
[1.146s] DEBUG:colcon.colcon_parallel_executor.executor.parallel:loop closed
[1.146s] DEBUG:colcon.colcon_parallel_executor.executor.parallel:run_until_complete finished with '0'
[1.146s] DEBUG:colcon.colcon_core.event_reactor:joining thread
[1.154s] INFO:colcon.colcon_core.plugin_system:Skipping extension 'colcon_notification.desktop_notification.terminal_notifier': Not used on non-Darwin systems
[1.154s] INFO:colcon.colcon_core.plugin_system:Skipping extension 'colcon_notification.desktop_notification.win32': Not used on non-Windows systems
[1.154s] INFO:colcon.colcon_notification.desktop_notification:Sending desktop notification using 'notify2'
[1.169s] DEBUG:colcon.colcon_core.event_reactor:joined thread
[1.171s] INFO:colcon.colcon_core.shell:Creating prefix script '/home/maneesh/dev_ws/install/local_setup.ps1'
[1.173s] INFO:colcon.colcon_core.shell:Creating prefix util module '/home/maneesh/dev_ws/install/_local_setup_util_ps1.py'
[1.174s] INFO:colcon.colcon_core.shell:Creating prefix chain script '/home/maneesh/dev_ws/install/setup.ps1'
[1.176s] INFO:colcon.colcon_core.shell:Creating prefix script '/home/maneesh/dev_ws/install/local_setup.sh'
[1.176s] INFO:colcon.colcon_core.shell:Creating prefix util module '/home/maneesh/dev_ws/install/_local_setup_util_sh.py'
[1.177s] INFO:colcon.colcon_core.shell:Creating prefix chain script '/home/maneesh/dev_ws/install/setup.sh'
[1.178s] INFO:colcon.colcon_core.shell:Creating prefix script '/home/maneesh/dev_ws/install/local_setup.bash'
[1.178s] INFO:colcon.colcon_core.shell:Creating prefix chain script '/home/maneesh/dev_ws/install/setup.bash'
[1.180s] INFO:colcon.colcon_core.shell:Creating prefix script '/home/maneesh/dev_ws/install/local_setup.zsh'
[1.180s] INFO:colcon.colcon_core.shell:Creating prefix chain script '/home/maneesh/dev_ws/install/setup.zsh'
