[0.036s] Invoking command in '/home/maneesh/dev_ws/build/gazebo_ros2_control': CMAKE_PREFIX_PATH=${CMAKE_PREFIX_PATH}:/opt/ros/foxy /usr/bin/cmake --build /home/maneesh/dev_ws/build/gazebo_ros2_control -- -j16 -l16
[0.128s] [ 50%] Built target gazebo_hardware_plugins
[0.133s] [100%] Built target gazebo_ros2_control
[0.151s] Invoked command in '/home/maneesh/dev_ws/build/gazebo_ros2_control' returned '0': CMAKE_PREFIX_PATH=${CMAKE_PREFIX_PATH}:/opt/ros/foxy /usr/bin/cmake --build /home/maneesh/dev_ws/build/gazebo_ros2_control -- -j16 -l16
[0.192s] Invoking command in '/home/maneesh/dev_ws/build/gazebo_ros2_control': CMAKE_PREFIX_PATH=${CMAKE_PREFIX_PATH}:/opt/ros/foxy /usr/bin/cmake --install /home/maneesh/dev_ws/build/gazebo_ros2_control
[0.203s] -- Install configuration: ""
[0.203s] -- Execute custom install script
[0.204s] -- Up-to-date symlink: /home/maneesh/dev_ws/install/gazebo_ros2_control/lib/libgazebo_ros2_control.so
[0.204s] -- Up-to-date symlink: /home/maneesh/dev_ws/install/gazebo_ros2_control/lib/libgazebo_hardware_plugins.so
[0.204s] -- Up-to-date symlink: /home/maneesh/dev_ws/install/gazebo_ros2_control/share/gazebo_ros2_control/environment/library_path.sh
[0.204s] -- Up-to-date symlink: /home/maneesh/dev_ws/install/gazebo_ros2_control/share/gazebo_ros2_control/environment/library_path.dsv
[0.205s] -- Up-to-date symlink: /home/maneesh/dev_ws/install/gazebo_ros2_control/include/gazebo_ros2_control/gazebo_ros2_control_plugin.hpp
[0.205s] -- Up-to-date symlink: /home/maneesh/dev_ws/install/gazebo_ros2_control/include/gazebo_ros2_control/gazebo_system.hpp
[0.205s] -- Up-to-date symlink: /home/maneesh/dev_ws/install/gazebo_ros2_control/include/gazebo_ros2_control/gazebo_system_interface.hpp
[0.205s] -- Up-to-date symlink: /home/maneesh/dev_ws/install/gazebo_ros2_control/share/gazebo_ros2_control//gazebo_hardware_plugins.xml
[0.206s] -- Up-to-date symlink: /home/maneesh/dev_ws/install/gazebo_ros2_control/share/ament_index/resource_index/package_run_dependencies/gazebo_ros2_control
[0.206s] -- Up-to-date symlink: /home/maneesh/dev_ws/install/gazebo_ros2_control/share/ament_index/resource_index/parent_prefix_path/gazebo_ros2_control
[0.206s] -- Up-to-date symlink: /home/maneesh/dev_ws/install/gazebo_ros2_control/share/gazebo_ros2_control/environment/ament_prefix_path.sh
[0.207s] -- Up-to-date symlink: /home/maneesh/dev_ws/install/gazebo_ros2_control/share/gazebo_ros2_control/environment/ament_prefix_path.dsv
[0.208s] -- Up-to-date symlink: /home/maneesh/dev_ws/install/gazebo_ros2_control/share/gazebo_ros2_control/environment/path.sh
[0.208s] -- Up-to-date symlink: /home/maneesh/dev_ws/install/gazebo_ros2_control/share/gazebo_ros2_control/environment/path.dsv
[0.208s] -- Up-to-date symlink: /home/maneesh/dev_ws/install/gazebo_ros2_control/share/gazebo_ros2_control/local_setup.bash
[0.208s] -- Up-to-date symlink: /home/maneesh/dev_ws/install/gazebo_ros2_control/share/gazebo_ros2_control/local_setup.sh
[0.214s] -- Up-to-date symlink: /home/maneesh/dev_ws/install/gazebo_ros2_control/share/gazebo_ros2_control/local_setup.zsh
[0.215s] -- Up-to-date symlink: /home/maneesh/dev_ws/install/gazebo_ros2_control/share/gazebo_ros2_control/local_setup.dsv
[0.215s] -- Symlinking: /home/maneesh/dev_ws/install/gazebo_ros2_control/share/gazebo_ros2_control/package.dsv
[0.220s] -- Up-to-date symlink: /home/maneesh/dev_ws/install/gazebo_ros2_control/share/ament_index/resource_index/packages/gazebo_ros2_control
[0.221s] -- Up-to-date symlink: /home/maneesh/dev_ws/install/gazebo_ros2_control/share/ament_index/resource_index/gazebo_ros2_control__pluginlib__plugin/gazebo_ros2_control
[0.223s] -- Up-to-date symlink: /home/maneesh/dev_ws/install/gazebo_ros2_control/share/gazebo_ros2_control/cmake/ament_cmake_export_include_directories-extras.cmake
[0.224s] -- Up-to-date symlink: /home/maneesh/dev_ws/install/gazebo_ros2_control/share/gazebo_ros2_control/cmake/ament_cmake_export_dependencies-extras.cmake
[0.224s] -- Up-to-date symlink: /home/maneesh/dev_ws/install/gazebo_ros2_control/share/gazebo_ros2_control/cmake/ament_cmake_export_libraries-extras.cmake
[0.224s] -- Up-to-date symlink: /home/maneesh/dev_ws/install/gazebo_ros2_control/share/gazebo_ros2_control/cmake/gazebo_ros2_controlConfig.cmake
[0.225s] -- Up-to-date symlink: /home/maneesh/dev_ws/install/gazebo_ros2_control/share/gazebo_ros2_control/cmake/gazebo_ros2_controlConfig-version.cmake
[0.225s] -- Up-to-date symlink: /home/maneesh/dev_ws/install/gazebo_ros2_control/share/gazebo_ros2_control/package.xml
[0.232s] Invoked command in '/home/maneesh/dev_ws/build/gazebo_ros2_control' returned '0': CMAKE_PREFIX_PATH=${CMAKE_PREFIX_PATH}:/opt/ros/foxy /usr/bin/cmake --install /home/maneesh/dev_ws/build/gazebo_ros2_control
