[0.236s] DEBUG:colcon:Command line arguments: ['/usr/bin/colcon', 'build', '--symlink-install']
[0.236s] DEBUG:colcon:Parsed command line arguments: Namespace(allow_overriding=[], ament_cmake_args=None, base_paths=['.'], build_base='build', catkin_cmake_args=None, catkin_skip_building_tests=False, cmake_args=None, cmake_clean_cache=False, cmake_clean_first=False, cmake_force_configure=False, cmake_target=None, cmake_target_skip_unavailable=False, continue_on_error=False, event_handlers=None, executor='parallel', ignore_user_meta=False, install_base='install', log_base=None, log_level=None, main=<bound method BuildVerb.main of <colcon_core.verb.build.BuildVerb object at 0x7f887353cbb0>>, merge_install=False, metas=['./colcon.meta'], packages_above=None, packages_above_and_dependencies=None, packages_above_depth=None, packages_end=None, packages_ignore=None, packages_ignore_regex=None, packages_select=None, packages_select_build_failed=False, packages_select_by_dep=None, packages_select_regex=None, packages_select_test_failures=False, packages_skip=None, packages_skip_build_finished=False, packages_skip_by_dep=None, packages_skip_regex=None, packages_skip_test_passed=False, packages_skip_up_to=None, packages_start=None, packages_up_to=None, packages_up_to_regex=None, parallel_workers=16, paths=None, symlink_install=True, test_result_base=None, verb_extension=<colcon_core.verb.build.BuildVerb object at 0x7f887353cbb0>, verb_name='build', verb_parser=<colcon_defaults.argument_parser.defaults.DefaultArgumentsDecorator object at 0x7f8873546160>)
[0.257s] Level 1:colcon.colcon_core.package_discovery:discover_packages(colcon_meta) check parameters
[0.257s] Level 1:colcon.colcon_core.package_discovery:discover_packages(recursive) check parameters
[0.257s] Level 1:colcon.colcon_core.package_discovery:discover_packages(ignore) check parameters
[0.257s] Level 1:colcon.colcon_core.package_discovery:discover_packages(path) check parameters
[0.257s] Level 1:colcon.colcon_core.package_discovery:discover_packages(colcon_meta) discover
[0.257s] Level 1:colcon.colcon_core.package_discovery:discover_packages(recursive) discover
[0.257s] INFO:colcon.colcon_core.package_discovery:Crawling recursively for packages in '/home/maneesh/dev_ws'
[0.257s] Level 1:colcon.colcon_core.package_identification:_identify(.) by extensions ['ignore', 'ignore_ament_install']
[0.257s] Level 1:colcon.colcon_core.package_identification:_identify(.) by extension 'ignore'
[0.257s] Level 1:colcon.colcon_core.package_identification:_identify(.) by extension 'ignore_ament_install'
[0.257s] Level 1:colcon.colcon_core.package_identification:_identify(.) by extensions ['colcon_pkg']
[0.257s] Level 1:colcon.colcon_core.package_identification:_identify(.) by extension 'colcon_pkg'
[0.257s] Level 1:colcon.colcon_core.package_identification:_identify(.) by extensions ['colcon_meta']
[0.257s] Level 1:colcon.colcon_core.package_identification:_identify(.) by extension 'colcon_meta'
[0.257s] Level 1:colcon.colcon_core.package_identification:_identify(.) by extensions ['ros']
[0.257s] Level 1:colcon.colcon_core.package_identification:_identify(.) by extension 'ros'
[0.282s] Level 1:colcon.colcon_core.package_identification:_identify(.) by extensions ['cmake', 'python']
[0.282s] Level 1:colcon.colcon_core.package_identification:_identify(.) by extension 'cmake'
[0.282s] Level 1:colcon.colcon_core.package_identification:_identify(.) by extension 'python'
[0.282s] Level 1:colcon.colcon_core.package_identification:_identify(.) by extensions ['python_setup_py']
[0.282s] Level 1:colcon.colcon_core.package_identification:_identify(.) by extension 'python_setup_py'
[0.282s] Level 1:colcon.colcon_core.package_identification:_identify(build) by extensions ['ignore', 'ignore_ament_install']
[0.283s] Level 1:colcon.colcon_core.package_identification:_identify(build) by extension 'ignore'
[0.283s] Level 1:colcon.colcon_core.package_identification:_identify(build) ignored
[0.283s] Level 1:colcon.colcon_core.package_identification:_identify(install) by extensions ['ignore', 'ignore_ament_install']
[0.283s] Level 1:colcon.colcon_core.package_identification:_identify(install) by extension 'ignore'
[0.283s] Level 1:colcon.colcon_core.package_identification:_identify(install) ignored
[0.283s] Level 1:colcon.colcon_core.package_identification:_identify(log) by extensions ['ignore', 'ignore_ament_install']
[0.283s] Level 1:colcon.colcon_core.package_identification:_identify(log) by extension 'ignore'
[0.283s] Level 1:colcon.colcon_core.package_identification:_identify(log) ignored
[0.283s] Level 1:colcon.colcon_core.package_identification:_identify(src) by extensions ['ignore', 'ignore_ament_install']
[0.283s] Level 1:colcon.colcon_core.package_identification:_identify(src) by extension 'ignore'
[0.283s] Level 1:colcon.colcon_core.package_identification:_identify(src) by extension 'ignore_ament_install'
[0.283s] Level 1:colcon.colcon_core.package_identification:_identify(src) by extensions ['colcon_pkg']
[0.283s] Level 1:colcon.colcon_core.package_identification:_identify(src) by extension 'colcon_pkg'
[0.283s] Level 1:colcon.colcon_core.package_identification:_identify(src) by extensions ['colcon_meta']
[0.283s] Level 1:colcon.colcon_core.package_identification:_identify(src) by extension 'colcon_meta'
[0.283s] Level 1:colcon.colcon_core.package_identification:_identify(src) by extensions ['ros']
[0.283s] Level 1:colcon.colcon_core.package_identification:_identify(src) by extension 'ros'
[0.283s] Level 1:colcon.colcon_core.package_identification:_identify(src) by extensions ['cmake', 'python']
[0.283s] Level 1:colcon.colcon_core.package_identification:_identify(src) by extension 'cmake'
[0.283s] Level 1:colcon.colcon_core.package_identification:_identify(src) by extension 'python'
[0.284s] Level 1:colcon.colcon_core.package_identification:_identify(src) by extensions ['python_setup_py']
[0.284s] Level 1:colcon.colcon_core.package_identification:_identify(src) by extension 'python_setup_py'
[0.284s] Level 1:colcon.colcon_core.package_identification:_identify(src/gazebo_ros2_control) by extensions ['ignore', 'ignore_ament_install']
[0.284s] Level 1:colcon.colcon_core.package_identification:_identify(src/gazebo_ros2_control) by extension 'ignore'
[0.284s] Level 1:colcon.colcon_core.package_identification:_identify(src/gazebo_ros2_control) by extension 'ignore_ament_install'
[0.284s] Level 1:colcon.colcon_core.package_identification:_identify(src/gazebo_ros2_control) by extensions ['colcon_pkg']
[0.284s] Level 1:colcon.colcon_core.package_identification:_identify(src/gazebo_ros2_control) by extension 'colcon_pkg'
[0.284s] Level 1:colcon.colcon_core.package_identification:_identify(src/gazebo_ros2_control) by extensions ['colcon_meta']
[0.284s] Level 1:colcon.colcon_core.package_identification:_identify(src/gazebo_ros2_control) by extension 'colcon_meta'
[0.284s] Level 1:colcon.colcon_core.package_identification:_identify(src/gazebo_ros2_control) by extensions ['ros']
[0.284s] Level 1:colcon.colcon_core.package_identification:_identify(src/gazebo_ros2_control) by extension 'ros'
[0.284s] Level 1:colcon.colcon_core.package_identification:_identify(src/gazebo_ros2_control) by extensions ['cmake', 'python']
[0.284s] Level 1:colcon.colcon_core.package_identification:_identify(src/gazebo_ros2_control) by extension 'cmake'
[0.284s] Level 1:colcon.colcon_core.package_identification:_identify(src/gazebo_ros2_control) by extension 'python'
[0.284s] Level 1:colcon.colcon_core.package_identification:_identify(src/gazebo_ros2_control) by extensions ['python_setup_py']
[0.284s] Level 1:colcon.colcon_core.package_identification:_identify(src/gazebo_ros2_control) by extension 'python_setup_py'
[0.284s] Level 1:colcon.colcon_core.package_identification:_identify(src/gazebo_ros2_control/Docker) by extensions ['ignore', 'ignore_ament_install']
[0.284s] Level 1:colcon.colcon_core.package_identification:_identify(src/gazebo_ros2_control/Docker) by extension 'ignore'
[0.284s] Level 1:colcon.colcon_core.package_identification:_identify(src/gazebo_ros2_control/Docker) by extension 'ignore_ament_install'
[0.284s] Level 1:colcon.colcon_core.package_identification:_identify(src/gazebo_ros2_control/Docker) by extensions ['colcon_pkg']
[0.284s] Level 1:colcon.colcon_core.package_identification:_identify(src/gazebo_ros2_control/Docker) by extension 'colcon_pkg'
[0.284s] Level 1:colcon.colcon_core.package_identification:_identify(src/gazebo_ros2_control/Docker) by extensions ['colcon_meta']
[0.284s] Level 1:colcon.colcon_core.package_identification:_identify(src/gazebo_ros2_control/Docker) by extension 'colcon_meta'
[0.284s] Level 1:colcon.colcon_core.package_identification:_identify(src/gazebo_ros2_control/Docker) by extensions ['ros']
[0.284s] Level 1:colcon.colcon_core.package_identification:_identify(src/gazebo_ros2_control/Docker) by extension 'ros'
[0.284s] Level 1:colcon.colcon_core.package_identification:_identify(src/gazebo_ros2_control/Docker) by extensions ['cmake', 'python']
[0.284s] Level 1:colcon.colcon_core.package_identification:_identify(src/gazebo_ros2_control/Docker) by extension 'cmake'
[0.285s] Level 1:colcon.colcon_core.package_identification:_identify(src/gazebo_ros2_control/Docker) by extension 'python'
[0.285s] Level 1:colcon.colcon_core.package_identification:_identify(src/gazebo_ros2_control/Docker) by extensions ['python_setup_py']
[0.285s] Level 1:colcon.colcon_core.package_identification:_identify(src/gazebo_ros2_control/Docker) by extension 'python_setup_py'
[0.285s] Level 1:colcon.colcon_core.package_identification:_identify(src/gazebo_ros2_control/gazebo_ros2_control) by extensions ['ignore', 'ignore_ament_install']
[0.285s] Level 1:colcon.colcon_core.package_identification:_identify(src/gazebo_ros2_control/gazebo_ros2_control) by extension 'ignore'
[0.285s] Level 1:colcon.colcon_core.package_identification:_identify(src/gazebo_ros2_control/gazebo_ros2_control) by extension 'ignore_ament_install'
[0.285s] Level 1:colcon.colcon_core.package_identification:_identify(src/gazebo_ros2_control/gazebo_ros2_control) by extensions ['colcon_pkg']
[0.285s] Level 1:colcon.colcon_core.package_identification:_identify(src/gazebo_ros2_control/gazebo_ros2_control) by extension 'colcon_pkg'
[0.285s] Level 1:colcon.colcon_core.package_identification:_identify(src/gazebo_ros2_control/gazebo_ros2_control) by extensions ['colcon_meta']
[0.285s] Level 1:colcon.colcon_core.package_identification:_identify(src/gazebo_ros2_control/gazebo_ros2_control) by extension 'colcon_meta'
[0.285s] Level 1:colcon.colcon_core.package_identification:_identify(src/gazebo_ros2_control/gazebo_ros2_control) by extensions ['ros']
[0.285s] Level 1:colcon.colcon_core.package_identification:_identify(src/gazebo_ros2_control/gazebo_ros2_control) by extension 'ros'
[0.288s] DEBUG:colcon.colcon_core.package_identification:Package 'src/gazebo_ros2_control/gazebo_ros2_control' with type 'ros.ament_cmake' and name 'gazebo_ros2_control'
[0.288s] Level 1:colcon.colcon_core.package_identification:_identify(src/gazebo_ros2_control/gazebo_ros2_control_demos) by extensions ['ignore', 'ignore_ament_install']
[0.288s] Level 1:colcon.colcon_core.package_identification:_identify(src/gazebo_ros2_control/gazebo_ros2_control_demos) by extension 'ignore'
[0.288s] Level 1:colcon.colcon_core.package_identification:_identify(src/gazebo_ros2_control/gazebo_ros2_control_demos) by extension 'ignore_ament_install'
[0.288s] Level 1:colcon.colcon_core.package_identification:_identify(src/gazebo_ros2_control/gazebo_ros2_control_demos) by extensions ['colcon_pkg']
[0.288s] Level 1:colcon.colcon_core.package_identification:_identify(src/gazebo_ros2_control/gazebo_ros2_control_demos) by extension 'colcon_pkg'
[0.288s] Level 1:colcon.colcon_core.package_identification:_identify(src/gazebo_ros2_control/gazebo_ros2_control_demos) by extensions ['colcon_meta']
[0.288s] Level 1:colcon.colcon_core.package_identification:_identify(src/gazebo_ros2_control/gazebo_ros2_control_demos) by extension 'colcon_meta'
[0.288s] Level 1:colcon.colcon_core.package_identification:_identify(src/gazebo_ros2_control/gazebo_ros2_control_demos) by extensions ['ros']
[0.288s] Level 1:colcon.colcon_core.package_identification:_identify(src/gazebo_ros2_control/gazebo_ros2_control_demos) by extension 'ros'
[0.289s] DEBUG:colcon.colcon_core.package_identification:Package 'src/gazebo_ros2_control/gazebo_ros2_control_demos' with type 'ros.ament_cmake' and name 'gazebo_ros2_control_demos'
[0.289s] Level 1:colcon.colcon_core.package_identification:_identify(src/gazebo_ros2_control/img) by extensions ['ignore', 'ignore_ament_install']
[0.289s] Level 1:colcon.colcon_core.package_identification:_identify(src/gazebo_ros2_control/img) by extension 'ignore'
[0.289s] Level 1:colcon.colcon_core.package_identification:_identify(src/gazebo_ros2_control/img) by extension 'ignore_ament_install'
[0.289s] Level 1:colcon.colcon_core.package_identification:_identify(src/gazebo_ros2_control/img) by extensions ['colcon_pkg']
[0.289s] Level 1:colcon.colcon_core.package_identification:_identify(src/gazebo_ros2_control/img) by extension 'colcon_pkg'
[0.289s] Level 1:colcon.colcon_core.package_identification:_identify(src/gazebo_ros2_control/img) by extensions ['colcon_meta']
[0.289s] Level 1:colcon.colcon_core.package_identification:_identify(src/gazebo_ros2_control/img) by extension 'colcon_meta'
[0.289s] Level 1:colcon.colcon_core.package_identification:_identify(src/gazebo_ros2_control/img) by extensions ['ros']
[0.289s] Level 1:colcon.colcon_core.package_identification:_identify(src/gazebo_ros2_control/img) by extension 'ros'
[0.289s] Level 1:colcon.colcon_core.package_identification:_identify(src/gazebo_ros2_control/img) by extensions ['cmake', 'python']
[0.289s] Level 1:colcon.colcon_core.package_identification:_identify(src/gazebo_ros2_control/img) by extension 'cmake'
[0.289s] Level 1:colcon.colcon_core.package_identification:_identify(src/gazebo_ros2_control/img) by extension 'python'
[0.289s] Level 1:colcon.colcon_core.package_identification:_identify(src/gazebo_ros2_control/img) by extensions ['python_setup_py']
[0.289s] Level 1:colcon.colcon_core.package_identification:_identify(src/gazebo_ros2_control/img) by extension 'python_setup_py'
[0.289s] Level 1:colcon.colcon_core.package_identification:_identify(src/my_bot) by extensions ['ignore', 'ignore_ament_install']
[0.290s] Level 1:colcon.colcon_core.package_identification:_identify(src/my_bot) by extension 'ignore'
[0.290s] Level 1:colcon.colcon_core.package_identification:_identify(src/my_bot) by extension 'ignore_ament_install'
[0.290s] Level 1:colcon.colcon_core.package_identification:_identify(src/my_bot) by extensions ['colcon_pkg']
[0.290s] Level 1:colcon.colcon_core.package_identification:_identify(src/my_bot) by extension 'colcon_pkg'
[0.290s] Level 1:colcon.colcon_core.package_identification:_identify(src/my_bot) by extensions ['colcon_meta']
[0.290s] Level 1:colcon.colcon_core.package_identification:_identify(src/my_bot) by extension 'colcon_meta'
[0.290s] Level 1:colcon.colcon_core.package_identification:_identify(src/my_bot) by extensions ['ros']
[0.290s] Level 1:colcon.colcon_core.package_identification:_identify(src/my_bot) by extension 'ros'
[0.290s] DEBUG:colcon.colcon_core.package_identification:Package 'src/my_bot' with type 'ros.ament_cmake' and name 'my_bot'
[0.290s] Level 1:colcon.colcon_core.package_discovery:discover_packages(recursive) using defaults
[0.290s] Level 1:colcon.colcon_core.package_discovery:discover_packages(ignore) discover
[0.290s] Level 1:colcon.colcon_core.package_discovery:discover_packages(ignore) using defaults
[0.290s] Level 1:colcon.colcon_core.package_discovery:discover_packages(path) discover
[0.290s] Level 1:colcon.colcon_core.package_discovery:discover_packages(path) using defaults
[0.307s] Level 1:colcon.colcon_core.package_discovery:discover_packages(prefix_path) check parameters
[0.307s] Level 1:colcon.colcon_core.package_discovery:discover_packages(prefix_path) discover
[0.309s] DEBUG:colcon.colcon_installed_package_information.package_discovery:Found 1 installed packages in /home/maneesh/dev_ws/install
[0.311s] DEBUG:colcon.colcon_installed_package_information.package_discovery:Found 339 installed packages in /opt/ros/foxy
[0.312s] Level 1:colcon.colcon_core.package_discovery:discover_packages(prefix_path) using defaults
[0.367s] Level 5:colcon.colcon_core.verb:set package 'gazebo_ros2_control' build argument 'cmake_args' from command line to 'None'
[0.367s] Level 5:colcon.colcon_core.verb:set package 'gazebo_ros2_control' build argument 'cmake_target' from command line to 'None'
[0.367s] Level 5:colcon.colcon_core.verb:set package 'gazebo_ros2_control' build argument 'cmake_target_skip_unavailable' from command line to 'False'
[0.367s] Level 5:colcon.colcon_core.verb:set package 'gazebo_ros2_control' build argument 'cmake_clean_cache' from command line to 'False'
[0.367s] Level 5:colcon.colcon_core.verb:set package 'gazebo_ros2_control' build argument 'cmake_clean_first' from command line to 'False'
[0.367s] Level 5:colcon.colcon_core.verb:set package 'gazebo_ros2_control' build argument 'cmake_force_configure' from command line to 'False'
[0.367s] Level 5:colcon.colcon_core.verb:set package 'gazebo_ros2_control' build argument 'ament_cmake_args' from command line to 'None'
[0.367s] Level 5:colcon.colcon_core.verb:set package 'gazebo_ros2_control' build argument 'catkin_cmake_args' from command line to 'None'
[0.367s] Level 5:colcon.colcon_core.verb:set package 'gazebo_ros2_control' build argument 'catkin_skip_building_tests' from command line to 'False'
[0.367s] DEBUG:colcon.colcon_core.verb:Building package 'gazebo_ros2_control' with the following arguments: {'ament_cmake_args': None, 'build_base': '/home/maneesh/dev_ws/build/gazebo_ros2_control', 'catkin_cmake_args': None, 'catkin_skip_building_tests': False, 'cmake_args': None, 'cmake_clean_cache': False, 'cmake_clean_first': False, 'cmake_force_configure': False, 'cmake_target': None, 'cmake_target_skip_unavailable': False, 'install_base': '/home/maneesh/dev_ws/install/gazebo_ros2_control', 'merge_install': False, 'path': '/home/maneesh/dev_ws/src/gazebo_ros2_control/gazebo_ros2_control', 'symlink_install': True, 'test_result_base': None}
[0.368s] Level 5:colcon.colcon_core.verb:set package 'my_bot' build argument 'cmake_args' from command line to 'None'
[0.368s] Level 5:colcon.colcon_core.verb:set package 'my_bot' build argument 'cmake_target' from command line to 'None'
[0.368s] Level 5:colcon.colcon_core.verb:set package 'my_bot' build argument 'cmake_target_skip_unavailable' from command line to 'False'
[0.368s] Level 5:colcon.colcon_core.verb:set package 'my_bot' build argument 'cmake_clean_cache' from command line to 'False'
[0.368s] Level 5:colcon.colcon_core.verb:set package 'my_bot' build argument 'cmake_clean_first' from command line to 'False'
[0.368s] Level 5:colcon.colcon_core.verb:set package 'my_bot' build argument 'cmake_force_configure' from command line to 'False'
[0.368s] Level 5:colcon.colcon_core.verb:set package 'my_bot' build argument 'ament_cmake_args' from command line to 'None'
[0.368s] Level 5:colcon.colcon_core.verb:set package 'my_bot' build argument 'catkin_cmake_args' from command line to 'None'
[0.368s] Level 5:colcon.colcon_core.verb:set package 'my_bot' build argument 'catkin_skip_building_tests' from command line to 'False'
[0.368s] DEBUG:colcon.colcon_core.verb:Building package 'my_bot' with the following arguments: {'ament_cmake_args': None, 'build_base': '/home/maneesh/dev_ws/build/my_bot', 'catkin_cmake_args': None, 'catkin_skip_building_tests': False, 'cmake_args': None, 'cmake_clean_cache': False, 'cmake_clean_first': False, 'cmake_force_configure': False, 'cmake_target': None, 'cmake_target_skip_unavailable': False, 'install_base': '/home/maneesh/dev_ws/install/my_bot', 'merge_install': False, 'path': '/home/maneesh/dev_ws/src/my_bot', 'symlink_install': True, 'test_result_base': None}
[0.369s] Level 5:colcon.colcon_core.verb:set package 'gazebo_ros2_control_demos' build argument 'cmake_args' from command line to 'None'
[0.369s] Level 5:colcon.colcon_core.verb:set package 'gazebo_ros2_control_demos' build argument 'cmake_target' from command line to 'None'
[0.369s] Level 5:colcon.colcon_core.verb:set package 'gazebo_ros2_control_demos' build argument 'cmake_target_skip_unavailable' from command line to 'False'
[0.369s] Level 5:colcon.colcon_core.verb:set package 'gazebo_ros2_control_demos' build argument 'cmake_clean_cache' from command line to 'False'
[0.369s] Level 5:colcon.colcon_core.verb:set package 'gazebo_ros2_control_demos' build argument 'cmake_clean_first' from command line to 'False'
[0.369s] Level 5:colcon.colcon_core.verb:set package 'gazebo_ros2_control_demos' build argument 'cmake_force_configure' from command line to 'False'
[0.369s] Level 5:colcon.colcon_core.verb:set package 'gazebo_ros2_control_demos' build argument 'ament_cmake_args' from command line to 'None'
[0.369s] Level 5:colcon.colcon_core.verb:set package 'gazebo_ros2_control_demos' build argument 'catkin_cmake_args' from command line to 'None'
[0.369s] Level 5:colcon.colcon_core.verb:set package 'gazebo_ros2_control_demos' build argument 'catkin_skip_building_tests' from command line to 'False'
[0.369s] DEBUG:colcon.colcon_core.verb:Building package 'gazebo_ros2_control_demos' with the following arguments: {'ament_cmake_args': None, 'build_base': '/home/maneesh/dev_ws/build/gazebo_ros2_control_demos', 'catkin_cmake_args': None, 'catkin_skip_building_tests': False, 'cmake_args': None, 'cmake_clean_cache': False, 'cmake_clean_first': False, 'cmake_force_configure': False, 'cmake_target': None, 'cmake_target_skip_unavailable': False, 'install_base': '/home/maneesh/dev_ws/install/gazebo_ros2_control_demos', 'merge_install': False, 'path': '/home/maneesh/dev_ws/src/gazebo_ros2_control/gazebo_ros2_control_demos', 'symlink_install': True, 'test_result_base': None}
[0.370s] INFO:colcon.colcon_core.executor:Executing jobs using 'parallel' executor
[0.373s] DEBUG:colcon.colcon_parallel_executor.executor.parallel:run_until_complete
[0.373s] INFO:colcon.colcon_ros.task.ament_cmake.build:Building ROS package in '/home/maneesh/dev_ws/src/gazebo_ros2_control/gazebo_ros2_control' with build type 'ament_cmake'
[0.373s] INFO:colcon.colcon_cmake.task.cmake.build:Building CMake package in '/home/maneesh/dev_ws/src/gazebo_ros2_control/gazebo_ros2_control'
[0.377s] INFO:colcon.colcon_core.plugin_system:Skipping extension 'colcon_core.shell.bat': Not used on non-Windows systems
[0.377s] INFO:colcon.colcon_core.shell:Skip shell extension 'powershell' for command environment: Not usable outside of PowerShell
[0.377s] DEBUG:colcon.colcon_core.shell:Skip shell extension 'dsv' for command environment
[0.383s] INFO:colcon.colcon_ros.task.ament_cmake.build:Building ROS package in '/home/maneesh/dev_ws/src/my_bot' with build type 'ament_cmake'
[0.384s] INFO:colcon.colcon_cmake.task.cmake.build:Building CMake package in '/home/maneesh/dev_ws/src/my_bot'
[0.385s] INFO:colcon.colcon_core.shell:Skip shell extension 'powershell' for command environment: Not usable outside of PowerShell
[0.385s] DEBUG:colcon.colcon_core.shell:Skip shell extension 'dsv' for command environment
[0.398s] DEBUG:colcon.colcon_core.event_handler.log_command:Invoking command in '/home/maneesh/dev_ws/build/gazebo_ros2_control': CMAKE_PREFIX_PATH=${CMAKE_PREFIX_PATH}:/opt/ros/foxy /usr/bin/cmake /home/maneesh/dev_ws/src/gazebo_ros2_control/gazebo_ros2_control -DAMENT_CMAKE_SYMLINK_INSTALL=1 -DCMAKE_INSTALL_PREFIX=/home/maneesh/dev_ws/install/gazebo_ros2_control
[0.407s] DEBUG:colcon.colcon_core.event_handler.log_command:Invoking command in '/home/maneesh/dev_ws/build/my_bot': CMAKE_PREFIX_PATH=${CMAKE_PREFIX_PATH}:/opt/ros/foxy /usr/bin/cmake --build /home/maneesh/dev_ws/build/my_bot -- -j16 -l16
[0.451s] DEBUG:colcon.colcon_core.event_handler.log_command:Invoked command in '/home/maneesh/dev_ws/build/my_bot' returned '0': CMAKE_PREFIX_PATH=${CMAKE_PREFIX_PATH}:/opt/ros/foxy /usr/bin/cmake --build /home/maneesh/dev_ws/build/my_bot -- -j16 -l16
[0.487s] DEBUG:colcon.colcon_core.event_handler.log_command:Invoking command in '/home/maneesh/dev_ws/build/my_bot': CMAKE_PREFIX_PATH=${CMAKE_PREFIX_PATH}:/opt/ros/foxy /usr/bin/cmake --install /home/maneesh/dev_ws/build/my_bot
[0.557s] Level 1:colcon.colcon_core.environment:create_environment_scripts_only(my_bot)
[0.558s] DEBUG:colcon.colcon_core.event_handler.log_command:Invoked command in '/home/maneesh/dev_ws/build/my_bot' returned '0': CMAKE_PREFIX_PATH=${CMAKE_PREFIX_PATH}:/opt/ros/foxy /usr/bin/cmake --install /home/maneesh/dev_ws/build/my_bot
[0.561s] Level 1:colcon.colcon_core.environment:checking '/home/maneesh/dev_ws/install/my_bot' for CMake module files
[0.562s] Level 1:colcon.colcon_core.environment:checking '/home/maneesh/dev_ws/install/my_bot' for CMake config files
[0.562s] Level 1:colcon.colcon_core.shell:create_environment_hook('my_bot', 'cmake_prefix_path')
[0.564s] INFO:colcon.colcon_core.shell:Creating environment hook '/home/maneesh/dev_ws/install/my_bot/share/my_bot/hook/cmake_prefix_path.ps1'
[0.565s] INFO:colcon.colcon_core.shell:Creating environment descriptor '/home/maneesh/dev_ws/install/my_bot/share/my_bot/hook/cmake_prefix_path.dsv'
[0.565s] INFO:colcon.colcon_core.shell:Creating environment hook '/home/maneesh/dev_ws/install/my_bot/share/my_bot/hook/cmake_prefix_path.sh'
[0.566s] Level 1:colcon.colcon_core.environment:checking '/home/maneesh/dev_ws/install/my_bot/bin'
[0.566s] Level 1:colcon.colcon_core.environment:checking '/home/maneesh/dev_ws/install/my_bot/lib/pkgconfig/my_bot.pc'
[0.567s] Level 1:colcon.colcon_core.environment:checking '/home/maneesh/dev_ws/install/my_bot/lib/python3.8/site-packages'
[0.567s] Level 1:colcon.colcon_core.environment:checking '/home/maneesh/dev_ws/install/my_bot/bin'
[0.568s] INFO:colcon.colcon_core.shell:Creating package script '/home/maneesh/dev_ws/install/my_bot/share/my_bot/package.ps1'
[0.569s] INFO:colcon.colcon_core.shell:Creating package descriptor '/home/maneesh/dev_ws/install/my_bot/share/my_bot/package.dsv'
[0.570s] INFO:colcon.colcon_core.shell:Creating package script '/home/maneesh/dev_ws/install/my_bot/share/my_bot/package.sh'
[0.570s] INFO:colcon.colcon_core.shell:Creating package script '/home/maneesh/dev_ws/install/my_bot/share/my_bot/package.bash'
[0.571s] INFO:colcon.colcon_core.shell:Creating package script '/home/maneesh/dev_ws/install/my_bot/share/my_bot/package.zsh'
[0.571s] Level 1:colcon.colcon_core.environment:create_file_with_runtime_dependencies(/home/maneesh/dev_ws/install/my_bot/share/colcon-core/packages/my_bot)
[0.597s] Level 1:colcon.colcon_core.environment:create_environment_scripts_only(my_bot)
[0.599s] Level 1:colcon.colcon_core.environment:checking '/home/maneesh/dev_ws/install/my_bot' for CMake module files
[0.600s] Level 1:colcon.colcon_core.environment:checking '/home/maneesh/dev_ws/install/my_bot' for CMake config files
[0.601s] Level 1:colcon.colcon_core.shell:create_environment_hook('my_bot', 'cmake_prefix_path')
[0.604s] INFO:colcon.colcon_core.shell:Creating environment hook '/home/maneesh/dev_ws/install/my_bot/share/my_bot/hook/cmake_prefix_path.ps1'
[0.612s] INFO:colcon.colcon_core.shell:Creating environment descriptor '/home/maneesh/dev_ws/install/my_bot/share/my_bot/hook/cmake_prefix_path.dsv'
[0.661s] INFO:colcon.colcon_core.shell:Creating environment hook '/home/maneesh/dev_ws/install/my_bot/share/my_bot/hook/cmake_prefix_path.sh'
[0.662s] Level 1:colcon.colcon_core.environment:checking '/home/maneesh/dev_ws/install/my_bot/bin'
[0.662s] Level 1:colcon.colcon_core.environment:checking '/home/maneesh/dev_ws/install/my_bot/lib/pkgconfig/my_bot.pc'
[0.663s] Level 1:colcon.colcon_core.environment:checking '/home/maneesh/dev_ws/install/my_bot/lib/python3.8/site-packages'
[0.663s] Level 1:colcon.colcon_core.environment:checking '/home/maneesh/dev_ws/install/my_bot/bin'
[0.666s] INFO:colcon.colcon_core.shell:Creating package script '/home/maneesh/dev_ws/install/my_bot/share/my_bot/package.ps1'
[0.667s] INFO:colcon.colcon_core.shell:Creating package descriptor '/home/maneesh/dev_ws/install/my_bot/share/my_bot/package.dsv'
[0.668s] INFO:colcon.colcon_core.shell:Creating package script '/home/maneesh/dev_ws/install/my_bot/share/my_bot/package.sh'
[0.669s] INFO:colcon.colcon_core.shell:Creating package script '/home/maneesh/dev_ws/install/my_bot/share/my_bot/package.bash'
[0.669s] INFO:colcon.colcon_core.shell:Creating package script '/home/maneesh/dev_ws/install/my_bot/share/my_bot/package.zsh'
[0.670s] Level 1:colcon.colcon_core.environment:create_file_with_runtime_dependencies(/home/maneesh/dev_ws/install/my_bot/share/colcon-core/packages/my_bot)
[4.656s] DEBUG:colcon.colcon_core.event_handler.log_command:Invoked command in '/home/maneesh/dev_ws/build/gazebo_ros2_control' returned '0': CMAKE_PREFIX_PATH=${CMAKE_PREFIX_PATH}:/opt/ros/foxy /usr/bin/cmake /home/maneesh/dev_ws/src/gazebo_ros2_control/gazebo_ros2_control -DAMENT_CMAKE_SYMLINK_INSTALL=1 -DCMAKE_INSTALL_PREFIX=/home/maneesh/dev_ws/install/gazebo_ros2_control
[4.659s] DEBUG:colcon.colcon_core.event_handler.log_command:Invoking command in '/home/maneesh/dev_ws/build/gazebo_ros2_control': CMAKE_PREFIX_PATH=${CMAKE_PREFIX_PATH}:/opt/ros/foxy /usr/bin/cmake --build /home/maneesh/dev_ws/build/gazebo_ros2_control -- -j16 -l16
[15.963s] DEBUG:colcon.colcon_core.event_handler.log_command:Invoked command in '/home/maneesh/dev_ws/build/gazebo_ros2_control' returned '0': CMAKE_PREFIX_PATH=${CMAKE_PREFIX_PATH}:/opt/ros/foxy /usr/bin/cmake --build /home/maneesh/dev_ws/build/gazebo_ros2_control -- -j16 -l16
[15.991s] DEBUG:colcon.colcon_core.event_handler.log_command:Invoking command in '/home/maneesh/dev_ws/build/gazebo_ros2_control': CMAKE_PREFIX_PATH=${CMAKE_PREFIX_PATH}:/opt/ros/foxy /usr/bin/cmake --install /home/maneesh/dev_ws/build/gazebo_ros2_control
[16.222s] Level 1:colcon.colcon_core.environment:create_environment_scripts_only(gazebo_ros2_control)
[16.225s] Level 1:colcon.colcon_core.environment:checking '/home/maneesh/dev_ws/install/gazebo_ros2_control' for CMake module files
[16.226s] DEBUG:colcon.colcon_core.event_handler.log_command:Invoked command in '/home/maneesh/dev_ws/build/gazebo_ros2_control' returned '0': CMAKE_PREFIX_PATH=${CMAKE_PREFIX_PATH}:/opt/ros/foxy /usr/bin/cmake --install /home/maneesh/dev_ws/build/gazebo_ros2_control
[16.227s] Level 1:colcon.colcon_core.environment:checking '/home/maneesh/dev_ws/install/gazebo_ros2_control' for CMake config files
[16.227s] Level 1:colcon.colcon_core.shell:create_environment_hook('gazebo_ros2_control', 'cmake_prefix_path')
[16.229s] INFO:colcon.colcon_core.shell:Creating environment hook '/home/maneesh/dev_ws/install/gazebo_ros2_control/share/gazebo_ros2_control/hook/cmake_prefix_path.ps1'
[16.230s] INFO:colcon.colcon_core.shell:Creating environment descriptor '/home/maneesh/dev_ws/install/gazebo_ros2_control/share/gazebo_ros2_control/hook/cmake_prefix_path.dsv'
[16.231s] INFO:colcon.colcon_core.shell:Creating environment hook '/home/maneesh/dev_ws/install/gazebo_ros2_control/share/gazebo_ros2_control/hook/cmake_prefix_path.sh'
[16.231s] Level 1:colcon.colcon_core.environment:checking '/home/maneesh/dev_ws/install/gazebo_ros2_control/lib'
[16.232s] Level 1:colcon.colcon_core.shell:create_environment_hook('gazebo_ros2_control', 'ld_library_path_lib')
[16.233s] INFO:colcon.colcon_core.shell:Creating environment hook '/home/maneesh/dev_ws/install/gazebo_ros2_control/share/gazebo_ros2_control/hook/ld_library_path_lib.ps1'
[16.233s] INFO:colcon.colcon_core.shell:Creating environment descriptor '/home/maneesh/dev_ws/install/gazebo_ros2_control/share/gazebo_ros2_control/hook/ld_library_path_lib.dsv'
[16.234s] INFO:colcon.colcon_core.shell:Creating environment hook '/home/maneesh/dev_ws/install/gazebo_ros2_control/share/gazebo_ros2_control/hook/ld_library_path_lib.sh'
[16.234s] Level 1:colcon.colcon_core.environment:checking '/home/maneesh/dev_ws/install/gazebo_ros2_control/bin'
[16.234s] Level 1:colcon.colcon_core.environment:checking '/home/maneesh/dev_ws/install/gazebo_ros2_control/lib/pkgconfig/gazebo_ros2_control.pc'
[16.234s] Level 1:colcon.colcon_core.environment:checking '/home/maneesh/dev_ws/install/gazebo_ros2_control/lib/python3.8/site-packages'
[16.234s] Level 1:colcon.colcon_core.environment:checking '/home/maneesh/dev_ws/install/gazebo_ros2_control/bin'
[16.235s] INFO:colcon.colcon_core.shell:Creating package script '/home/maneesh/dev_ws/install/gazebo_ros2_control/share/gazebo_ros2_control/package.ps1'
[16.236s] INFO:colcon.colcon_core.shell:Creating package descriptor '/home/maneesh/dev_ws/install/gazebo_ros2_control/share/gazebo_ros2_control/package.dsv'
[16.236s] INFO:colcon.colcon_core.shell:Creating package script '/home/maneesh/dev_ws/install/gazebo_ros2_control/share/gazebo_ros2_control/package.sh'
[16.236s] INFO:colcon.colcon_core.shell:Creating package script '/home/maneesh/dev_ws/install/gazebo_ros2_control/share/gazebo_ros2_control/package.bash'
[16.236s] INFO:colcon.colcon_core.shell:Creating package script '/home/maneesh/dev_ws/install/gazebo_ros2_control/share/gazebo_ros2_control/package.zsh'
[16.236s] Level 1:colcon.colcon_core.environment:create_file_with_runtime_dependencies(/home/maneesh/dev_ws/install/gazebo_ros2_control/share/colcon-core/packages/gazebo_ros2_control)
[16.259s] Level 1:colcon.colcon_core.environment:create_environment_scripts_only(gazebo_ros2_control)
[16.260s] Level 1:colcon.colcon_core.environment:checking '/home/maneesh/dev_ws/install/gazebo_ros2_control' for CMake module files
[16.261s] Level 1:colcon.colcon_core.environment:checking '/home/maneesh/dev_ws/install/gazebo_ros2_control' for CMake config files
[16.261s] Level 1:colcon.colcon_core.shell:create_environment_hook('gazebo_ros2_control', 'cmake_prefix_path')
[16.262s] INFO:colcon.colcon_core.shell:Creating environment hook '/home/maneesh/dev_ws/install/gazebo_ros2_control/share/gazebo_ros2_control/hook/cmake_prefix_path.ps1'
[16.262s] INFO:colcon.colcon_core.shell:Creating environment descriptor '/home/maneesh/dev_ws/install/gazebo_ros2_control/share/gazebo_ros2_control/hook/cmake_prefix_path.dsv'
[16.263s] INFO:colcon.colcon_core.shell:Creating environment hook '/home/maneesh/dev_ws/install/gazebo_ros2_control/share/gazebo_ros2_control/hook/cmake_prefix_path.sh'
[16.263s] Level 1:colcon.colcon_core.environment:checking '/home/maneesh/dev_ws/install/gazebo_ros2_control/lib'
[16.263s] Level 1:colcon.colcon_core.shell:create_environment_hook('gazebo_ros2_control', 'ld_library_path_lib')
[16.264s] INFO:colcon.colcon_core.shell:Creating environment hook '/home/maneesh/dev_ws/install/gazebo_ros2_control/share/gazebo_ros2_control/hook/ld_library_path_lib.ps1'
[16.264s] INFO:colcon.colcon_core.shell:Creating environment descriptor '/home/maneesh/dev_ws/install/gazebo_ros2_control/share/gazebo_ros2_control/hook/ld_library_path_lib.dsv'
[16.265s] INFO:colcon.colcon_core.shell:Creating environment hook '/home/maneesh/dev_ws/install/gazebo_ros2_control/share/gazebo_ros2_control/hook/ld_library_path_lib.sh'
[16.265s] Level 1:colcon.colcon_core.environment:checking '/home/maneesh/dev_ws/install/gazebo_ros2_control/bin'
[16.265s] Level 1:colcon.colcon_core.environment:checking '/home/maneesh/dev_ws/install/gazebo_ros2_control/lib/pkgconfig/gazebo_ros2_control.pc'
[16.265s] Level 1:colcon.colcon_core.environment:checking '/home/maneesh/dev_ws/install/gazebo_ros2_control/lib/python3.8/site-packages'
[16.265s] Level 1:colcon.colcon_core.environment:checking '/home/maneesh/dev_ws/install/gazebo_ros2_control/bin'
[16.266s] INFO:colcon.colcon_core.shell:Creating package script '/home/maneesh/dev_ws/install/gazebo_ros2_control/share/gazebo_ros2_control/package.ps1'
[16.267s] INFO:colcon.colcon_core.shell:Creating package descriptor '/home/maneesh/dev_ws/install/gazebo_ros2_control/share/gazebo_ros2_control/package.dsv'
[16.267s] INFO:colcon.colcon_core.shell:Creating package script '/home/maneesh/dev_ws/install/gazebo_ros2_control/share/gazebo_ros2_control/package.sh'
[16.267s] INFO:colcon.colcon_core.shell:Creating package script '/home/maneesh/dev_ws/install/gazebo_ros2_control/share/gazebo_ros2_control/package.bash'
[16.268s] INFO:colcon.colcon_core.shell:Creating package script '/home/maneesh/dev_ws/install/gazebo_ros2_control/share/gazebo_ros2_control/package.zsh'
[16.268s] Level 1:colcon.colcon_core.environment:create_file_with_runtime_dependencies(/home/maneesh/dev_ws/install/gazebo_ros2_control/share/colcon-core/packages/gazebo_ros2_control)
[16.268s] INFO:colcon.colcon_ros.task.ament_cmake.build:Building ROS package in '/home/maneesh/dev_ws/src/gazebo_ros2_control/gazebo_ros2_control_demos' with build type 'ament_cmake'
[16.268s] INFO:colcon.colcon_cmake.task.cmake.build:Building CMake package in '/home/maneesh/dev_ws/src/gazebo_ros2_control/gazebo_ros2_control_demos'
[16.269s] INFO:colcon.colcon_core.shell:Skip shell extension 'powershell' for command environment: Not usable outside of PowerShell
[16.269s] DEBUG:colcon.colcon_core.shell:Skip shell extension 'dsv' for command environment
[16.282s] DEBUG:colcon.colcon_core.event_handler.log_command:Invoking command in '/home/maneesh/dev_ws/build/gazebo_ros2_control_demos': AMENT_PREFIX_PATH=/home/maneesh/dev_ws/install/gazebo_ros2_control:${AMENT_PREFIX_PATH} CMAKE_PREFIX_PATH=/home/maneesh/dev_ws/install/gazebo_ros2_control:/home/maneesh/dev_ws/install/my_bot:/opt/ros/foxy LD_LIBRARY_PATH=/home/maneesh/dev_ws/install/gazebo_ros2_control/lib:${LD_LIBRARY_PATH} /usr/bin/cmake /home/maneesh/dev_ws/src/gazebo_ros2_control/gazebo_ros2_control_demos -DAMENT_CMAKE_SYMLINK_INSTALL=1 -DCMAKE_INSTALL_PREFIX=/home/maneesh/dev_ws/install/gazebo_ros2_control_demos
[18.086s] DEBUG:colcon.colcon_core.event_handler.log_command:Invoked command in '/home/maneesh/dev_ws/build/gazebo_ros2_control_demos' returned '0': AMENT_PREFIX_PATH=/home/maneesh/dev_ws/install/gazebo_ros2_control:${AMENT_PREFIX_PATH} CMAKE_PREFIX_PATH=/home/maneesh/dev_ws/install/gazebo_ros2_control:/home/maneesh/dev_ws/install/my_bot:/opt/ros/foxy LD_LIBRARY_PATH=/home/maneesh/dev_ws/install/gazebo_ros2_control/lib:${LD_LIBRARY_PATH} /usr/bin/cmake /home/maneesh/dev_ws/src/gazebo_ros2_control/gazebo_ros2_control_demos -DAMENT_CMAKE_SYMLINK_INSTALL=1 -DCMAKE_INSTALL_PREFIX=/home/maneesh/dev_ws/install/gazebo_ros2_control_demos
[18.088s] DEBUG:colcon.colcon_core.event_handler.log_command:Invoking command in '/home/maneesh/dev_ws/build/gazebo_ros2_control_demos': AMENT_PREFIX_PATH=/home/maneesh/dev_ws/install/gazebo_ros2_control:${AMENT_PREFIX_PATH} CMAKE_PREFIX_PATH=/home/maneesh/dev_ws/install/gazebo_ros2_control:/home/maneesh/dev_ws/install/my_bot:/opt/ros/foxy LD_LIBRARY_PATH=/home/maneesh/dev_ws/install/gazebo_ros2_control/lib:${LD_LIBRARY_PATH} /usr/bin/cmake --build /home/maneesh/dev_ws/build/gazebo_ros2_control_demos -- -j16 -l16
[21.457s] DEBUG:colcon.colcon_core.event_handler.log_command:Invoked command in '/home/maneesh/dev_ws/build/gazebo_ros2_control_demos' returned '0': AMENT_PREFIX_PATH=/home/maneesh/dev_ws/install/gazebo_ros2_control:${AMENT_PREFIX_PATH} CMAKE_PREFIX_PATH=/home/maneesh/dev_ws/install/gazebo_ros2_control:/home/maneesh/dev_ws/install/my_bot:/opt/ros/foxy LD_LIBRARY_PATH=/home/maneesh/dev_ws/install/gazebo_ros2_control/lib:${LD_LIBRARY_PATH} /usr/bin/cmake --build /home/maneesh/dev_ws/build/gazebo_ros2_control_demos -- -j16 -l16
[21.493s] DEBUG:colcon.colcon_core.event_handler.log_command:Invoking command in '/home/maneesh/dev_ws/build/gazebo_ros2_control_demos': AMENT_PREFIX_PATH=/home/maneesh/dev_ws/install/gazebo_ros2_control:${AMENT_PREFIX_PATH} CMAKE_PREFIX_PATH=/home/maneesh/dev_ws/install/gazebo_ros2_control:/home/maneesh/dev_ws/install/my_bot:/opt/ros/foxy LD_LIBRARY_PATH=/home/maneesh/dev_ws/install/gazebo_ros2_control/lib:${LD_LIBRARY_PATH} /usr/bin/cmake --install /home/maneesh/dev_ws/build/gazebo_ros2_control_demos
[21.834s] Level 1:colcon.colcon_core.environment:create_environment_scripts_only(gazebo_ros2_control_demos)
[21.839s] Level 1:colcon.colcon_core.environment:checking '/home/maneesh/dev_ws/install/gazebo_ros2_control_demos' for CMake module files
[21.840s] DEBUG:colcon.colcon_core.event_handler.log_command:Invoked command in '/home/maneesh/dev_ws/build/gazebo_ros2_control_demos' returned '0': AMENT_PREFIX_PATH=/home/maneesh/dev_ws/install/gazebo_ros2_control:${AMENT_PREFIX_PATH} CMAKE_PREFIX_PATH=/home/maneesh/dev_ws/install/gazebo_ros2_control:/home/maneesh/dev_ws/install/my_bot:/opt/ros/foxy LD_LIBRARY_PATH=/home/maneesh/dev_ws/install/gazebo_ros2_control/lib:${LD_LIBRARY_PATH} /usr/bin/cmake --install /home/maneesh/dev_ws/build/gazebo_ros2_control_demos
[21.841s] Level 1:colcon.colcon_core.environment:checking '/home/maneesh/dev_ws/install/gazebo_ros2_control_demos' for CMake config files
[21.841s] Level 1:colcon.colcon_core.shell:create_environment_hook('gazebo_ros2_control_demos', 'cmake_prefix_path')
[21.844s] INFO:colcon.colcon_core.shell:Creating environment hook '/home/maneesh/dev_ws/install/gazebo_ros2_control_demos/share/gazebo_ros2_control_demos/hook/cmake_prefix_path.ps1'
[21.844s] INFO:colcon.colcon_core.shell:Creating environment descriptor '/home/maneesh/dev_ws/install/gazebo_ros2_control_demos/share/gazebo_ros2_control_demos/hook/cmake_prefix_path.dsv'
[21.844s] INFO:colcon.colcon_core.shell:Creating environment hook '/home/maneesh/dev_ws/install/gazebo_ros2_control_demos/share/gazebo_ros2_control_demos/hook/cmake_prefix_path.sh'
[21.845s] Level 1:colcon.colcon_core.environment:checking '/home/maneesh/dev_ws/install/gazebo_ros2_control_demos/lib'
[21.845s] Level 1:colcon.colcon_core.environment:checking '/home/maneesh/dev_ws/install/gazebo_ros2_control_demos/bin'
[21.845s] Level 1:colcon.colcon_core.environment:checking '/home/maneesh/dev_ws/install/gazebo_ros2_control_demos/lib/pkgconfig/gazebo_ros2_control_demos.pc'
[21.845s] Level 1:colcon.colcon_core.environment:checking '/home/maneesh/dev_ws/install/gazebo_ros2_control_demos/lib/python3.8/site-packages'
[21.845s] Level 1:colcon.colcon_core.environment:checking '/home/maneesh/dev_ws/install/gazebo_ros2_control_demos/bin'
[21.846s] INFO:colcon.colcon_core.shell:Creating package script '/home/maneesh/dev_ws/install/gazebo_ros2_control_demos/share/gazebo_ros2_control_demos/package.ps1'
[21.846s] INFO:colcon.colcon_core.shell:Creating package descriptor '/home/maneesh/dev_ws/install/gazebo_ros2_control_demos/share/gazebo_ros2_control_demos/package.dsv'
[21.847s] INFO:colcon.colcon_core.shell:Creating package script '/home/maneesh/dev_ws/install/gazebo_ros2_control_demos/share/gazebo_ros2_control_demos/package.sh'
[21.847s] INFO:colcon.colcon_core.shell:Creating package script '/home/maneesh/dev_ws/install/gazebo_ros2_control_demos/share/gazebo_ros2_control_demos/package.bash'
[21.847s] INFO:colcon.colcon_core.shell:Creating package script '/home/maneesh/dev_ws/install/gazebo_ros2_control_demos/share/gazebo_ros2_control_demos/package.zsh'
[21.847s] Level 1:colcon.colcon_core.environment:create_file_with_runtime_dependencies(/home/maneesh/dev_ws/install/gazebo_ros2_control_demos/share/colcon-core/packages/gazebo_ros2_control_demos)
[21.890s] Level 1:colcon.colcon_core.environment:create_environment_scripts_only(gazebo_ros2_control_demos)
[21.893s] Level 1:colcon.colcon_core.environment:checking '/home/maneesh/dev_ws/install/gazebo_ros2_control_demos' for CMake module files
[21.893s] Level 1:colcon.colcon_core.environment:checking '/home/maneesh/dev_ws/install/gazebo_ros2_control_demos' for CMake config files
[21.894s] Level 1:colcon.colcon_core.shell:create_environment_hook('gazebo_ros2_control_demos', 'cmake_prefix_path')
[21.894s] INFO:colcon.colcon_core.shell:Creating environment hook '/home/maneesh/dev_ws/install/gazebo_ros2_control_demos/share/gazebo_ros2_control_demos/hook/cmake_prefix_path.ps1'
[21.895s] INFO:colcon.colcon_core.shell:Creating environment descriptor '/home/maneesh/dev_ws/install/gazebo_ros2_control_demos/share/gazebo_ros2_control_demos/hook/cmake_prefix_path.dsv'
[21.895s] INFO:colcon.colcon_core.shell:Creating environment hook '/home/maneesh/dev_ws/install/gazebo_ros2_control_demos/share/gazebo_ros2_control_demos/hook/cmake_prefix_path.sh'
[21.895s] Level 1:colcon.colcon_core.environment:checking '/home/maneesh/dev_ws/install/gazebo_ros2_control_demos/lib'
[21.896s] Level 1:colcon.colcon_core.environment:checking '/home/maneesh/dev_ws/install/gazebo_ros2_control_demos/bin'
[21.896s] Level 1:colcon.colcon_core.environment:checking '/home/maneesh/dev_ws/install/gazebo_ros2_control_demos/lib/pkgconfig/gazebo_ros2_control_demos.pc'
[21.896s] Level 1:colcon.colcon_core.environment:checking '/home/maneesh/dev_ws/install/gazebo_ros2_control_demos/lib/python3.8/site-packages'
[21.896s] Level 1:colcon.colcon_core.environment:checking '/home/maneesh/dev_ws/install/gazebo_ros2_control_demos/bin'
[21.897s] INFO:colcon.colcon_core.shell:Creating package script '/home/maneesh/dev_ws/install/gazebo_ros2_control_demos/share/gazebo_ros2_control_demos/package.ps1'
[21.897s] INFO:colcon.colcon_core.shell:Creating package descriptor '/home/maneesh/dev_ws/install/gazebo_ros2_control_demos/share/gazebo_ros2_control_demos/package.dsv'
[21.898s] INFO:colcon.colcon_core.shell:Creating package script '/home/maneesh/dev_ws/install/gazebo_ros2_control_demos/share/gazebo_ros2_control_demos/package.sh'
[21.898s] INFO:colcon.colcon_core.shell:Creating package script '/home/maneesh/dev_ws/install/gazebo_ros2_control_demos/share/gazebo_ros2_control_demos/package.bash'
[21.898s] INFO:colcon.colcon_core.shell:Creating package script '/home/maneesh/dev_ws/install/gazebo_ros2_control_demos/share/gazebo_ros2_control_demos/package.zsh'
[21.898s] Level 1:colcon.colcon_core.environment:create_file_with_runtime_dependencies(/home/maneesh/dev_ws/install/gazebo_ros2_control_demos/share/colcon-core/packages/gazebo_ros2_control_demos)
[21.899s] DEBUG:colcon.colcon_parallel_executor.executor.parallel:closing loop
[21.899s] DEBUG:colcon.colcon_parallel_executor.executor.parallel:loop closed
[21.899s] DEBUG:colcon.colcon_parallel_executor.executor.parallel:run_until_complete finished with '0'
[21.899s] DEBUG:colcon.colcon_core.event_reactor:joining thread
[21.906s] INFO:colcon.colcon_core.plugin_system:Skipping extension 'colcon_notification.desktop_notification.terminal_notifier': Not used on non-Darwin systems
[21.906s] INFO:colcon.colcon_core.plugin_system:Skipping extension 'colcon_notification.desktop_notification.win32': Not used on non-Windows systems
[21.906s] INFO:colcon.colcon_notification.desktop_notification:Sending desktop notification using 'notify2'
[21.927s] DEBUG:colcon.colcon_core.event_reactor:joined thread
[21.928s] INFO:colcon.colcon_core.shell:Creating prefix script '/home/maneesh/dev_ws/install/local_setup.ps1'
[21.929s] INFO:colcon.colcon_core.shell:Creating prefix util module '/home/maneesh/dev_ws/install/_local_setup_util_ps1.py'
[21.930s] INFO:colcon.colcon_core.shell:Creating prefix chain script '/home/maneesh/dev_ws/install/setup.ps1'
[21.932s] INFO:colcon.colcon_core.shell:Creating prefix script '/home/maneesh/dev_ws/install/local_setup.sh'
[21.932s] INFO:colcon.colcon_core.shell:Creating prefix util module '/home/maneesh/dev_ws/install/_local_setup_util_sh.py'
[21.932s] INFO:colcon.colcon_core.shell:Creating prefix chain script '/home/maneesh/dev_ws/install/setup.sh'
[21.933s] INFO:colcon.colcon_core.shell:Creating prefix script '/home/maneesh/dev_ws/install/local_setup.bash'
[21.934s] INFO:colcon.colcon_core.shell:Creating prefix chain script '/home/maneesh/dev_ws/install/setup.bash'
[21.935s] INFO:colcon.colcon_core.shell:Creating prefix script '/home/maneesh/dev_ws/install/local_setup.zsh'
[21.935s] INFO:colcon.colcon_core.shell:Creating prefix chain script '/home/maneesh/dev_ws/install/setup.zsh'
