[0.027s] Invoking command in '/home/maneesh/dev_ws/build/my_bot': CMAKE_PREFIX_PATH=${CMAKE_PREFIX_PATH}:/opt/ros/foxy /usr/bin/cmake /home/maneesh/dev_ws/src/my_bot -DAMENT_CMAKE_SYMLINK_INSTALL=1 -DCMAKE_INSTALL_PREFIX=/home/maneesh/dev_ws/install/my_bot
[0.043s] -- Found ament_cmake: 0.9.11 (/opt/ros/foxy/share/ament_cmake/cmake)
[0.073s] -- Using PYTHON_EXECUTABLE: /usr/bin/python3
[0.289s] -- Override CMake install command with custom implementation using symlinks instead of copying resources
[0.295s] -- Found ament_lint_auto: 0.9.8 (/opt/ros/foxy/share/ament_lint_auto/cmake)
[0.370s] -- Added test 'copyright' to check source files copyright and LICENSE
[0.383s] -- Added test 'flake8' to check Python code syntax and style conventions
[0.385s] -- Added test 'lint_cmake' to check CMake code style
[0.386s] -- Added test 'pep257' to check Python code against some of the style conventions in PEP 257
[0.391s] -- Added test 'xmllint' to check XML markup files
[0.394s] -- Configuring done
[0.397s] -- Generating done
[0.399s] -- Build files have been written to: /home/maneesh/dev_ws/build/my_bot
[0.406s] Invoked command in '/home/maneesh/dev_ws/build/my_bot' returned '0': CMAKE_PREFIX_PATH=${CMAKE_PREFIX_PATH}:/opt/ros/foxy /usr/bin/cmake /home/maneesh/dev_ws/src/my_bot -DAMENT_CMAKE_SYMLINK_INSTALL=1 -DCMAKE_INSTALL_PREFIX=/home/maneesh/dev_ws/install/my_bot
[0.413s] Invoking command in '/home/maneesh/dev_ws/build/my_bot': CMAKE_PREFIX_PATH=${CMAKE_PREFIX_PATH}:/opt/ros/foxy /usr/bin/cmake --build /home/maneesh/dev_ws/build/my_bot -- -j16 -l16
[0.464s] Invoked command in '/home/maneesh/dev_ws/build/my_bot' returned '0': CMAKE_PREFIX_PATH=${CMAKE_PREFIX_PATH}:/opt/ros/foxy /usr/bin/cmake --build /home/maneesh/dev_ws/build/my_bot -- -j16 -l16
[0.497s] Invoking command in '/home/maneesh/dev_ws/build/my_bot': CMAKE_PREFIX_PATH=${CMAKE_PREFIX_PATH}:/opt/ros/foxy /usr/bin/cmake --install /home/maneesh/dev_ws/build/my_bot
[0.507s] -- Install configuration: ""
[0.507s] -- Execute custom install script
[0.512s] -- Up-to-date symlink: /home/maneesh/dev_ws/install/my_bot/share/my_bot/config/drive_bot.rviz
[0.512s] -- Up-to-date symlink: /home/maneesh/dev_ws/install/my_bot/share/my_bot/config/empty.yaml
[0.512s] -- Up-to-date symlink: /home/maneesh/dev_ws/install/my_bot/share/my_bot/config/gaz_ros2_ctl_use_sim.yaml
[0.514s] -- Up-to-date symlink: /home/maneesh/dev_ws/install/my_bot/share/my_bot/config/gazebo_params.yaml
[0.514s] -- Up-to-date symlink: /home/maneesh/dev_ws/install/my_bot/share/my_bot/config/joystick.yaml
[0.514s] -- Up-to-date symlink: /home/maneesh/dev_ws/install/my_bot/share/my_bot/config/main.rviz
[0.514s] -- Up-to-date symlink: /home/maneesh/dev_ws/install/my_bot/share/my_bot/config/map.rviz
[0.514s] -- Up-to-date symlink: /home/maneesh/dev_ws/install/my_bot/share/my_bot/config/mapper_params_online_async.yaml
[0.514s] -- Up-to-date symlink: /home/maneesh/dev_ws/install/my_bot/share/my_bot/config/my_controllers.yaml
[0.514s] -- Up-to-date symlink: /home/maneesh/dev_ws/install/my_bot/share/my_bot/config/nav2_params.yaml
[0.514s] -- Up-to-date symlink: /home/maneesh/dev_ws/install/my_bot/share/my_bot/config/twist_mux.yaml
[0.515s] -- Up-to-date symlink: /home/maneesh/dev_ws/install/my_bot/share/my_bot/config/view_bot.rviz
[0.515s] -- Up-to-date symlink: /home/maneesh/dev_ws/install/my_bot/share/my_bot/description/camera.xacro
[0.515s] -- Up-to-date symlink: /home/maneesh/dev_ws/install/my_bot/share/my_bot/description/depth_camera.xacro
[0.515s] -- Up-to-date symlink: /home/maneesh/dev_ws/install/my_bot/share/my_bot/description/destination.py
[0.515s] -- Up-to-date symlink: /home/maneesh/dev_ws/install/my_bot/share/my_bot/description/face.xacro
[0.515s] -- Up-to-date symlink: /home/maneesh/dev_ws/install/my_bot/share/my_bot/description/gazebo_control.xacro
[0.515s] -- Up-to-date symlink: /home/maneesh/dev_ws/install/my_bot/share/my_bot/description/inertial_macros.xacro
[0.516s] -- Up-to-date symlink: /home/maneesh/dev_ws/install/my_bot/share/my_bot/description/lidar.xacro
[0.516s] -- Up-to-date symlink: /home/maneesh/dev_ws/install/my_bot/share/my_bot/description/robot.urdf.xacro
[0.516s] -- Up-to-date symlink: /home/maneesh/dev_ws/install/my_bot/share/my_bot/description/robot_core.xacro
[0.516s] -- Up-to-date symlink: /home/maneesh/dev_ws/install/my_bot/share/my_bot/description/ros2_control.xacro
[0.516s] -- Up-to-date symlink: /home/maneesh/dev_ws/install/my_bot/share/my_bot/launch/camera.launch.py
[0.516s] -- Up-to-date symlink: /home/maneesh/dev_ws/install/my_bot/share/my_bot/launch/destination.launch.py
[0.516s] -- Up-to-date symlink: /home/maneesh/dev_ws/install/my_bot/share/my_bot/launch/finial.launch.py
[0.516s] -- Up-to-date symlink: /home/maneesh/dev_ws/install/my_bot/share/my_bot/launch/joystick.launch.py
[0.516s] -- Up-to-date symlink: /home/maneesh/dev_ws/install/my_bot/share/my_bot/launch/launch_robot.launch.py
[0.516s] -- Up-to-date symlink: /home/maneesh/dev_ws/install/my_bot/share/my_bot/launch/launch_sim.launch.py
[0.516s] -- Up-to-date symlink: /home/maneesh/dev_ws/install/my_bot/share/my_bot/launch/localization_launch.py
[0.517s] -- Up-to-date symlink: /home/maneesh/dev_ws/install/my_bot/share/my_bot/launch/navigation_launch.py
[0.517s] -- Up-to-date symlink: /home/maneesh/dev_ws/install/my_bot/share/my_bot/launch/online_async_launch.py
[0.517s] -- Up-to-date symlink: /home/maneesh/dev_ws/install/my_bot/share/my_bot/launch/rplidar.launch.py
[0.519s] -- Up-to-date symlink: /home/maneesh/dev_ws/install/my_bot/share/my_bot/launch/rsp.launch.py
[0.519s] -- Up-to-date symlink: /home/maneesh/dev_ws/install/my_bot/share/my_bot/worlds/empty.world
[0.519s] -- Up-to-date symlink: /home/maneesh/dev_ws/install/my_bot/share/my_bot/worlds/house.world
[0.520s] -- Up-to-date symlink: /home/maneesh/dev_ws/install/my_bot/share/ament_index/resource_index/package_run_dependencies/my_bot
[0.520s] -- Up-to-date symlink: /home/maneesh/dev_ws/install/my_bot/share/ament_index/resource_index/parent_prefix_path/my_bot
[0.520s] -- Up-to-date symlink: /home/maneesh/dev_ws/install/my_bot/share/my_bot/environment/ament_prefix_path.sh
[0.520s] -- Up-to-date symlink: /home/maneesh/dev_ws/install/my_bot/share/my_bot/environment/ament_prefix_path.dsv
[0.520s] -- Up-to-date symlink: /home/maneesh/dev_ws/install/my_bot/share/my_bot/environment/path.sh
[0.521s] -- Up-to-date symlink: /home/maneesh/dev_ws/install/my_bot/share/my_bot/environment/path.dsv
[0.521s] -- Up-to-date symlink: /home/maneesh/dev_ws/install/my_bot/share/my_bot/local_setup.bash
[0.521s] -- Up-to-date symlink: /home/maneesh/dev_ws/install/my_bot/share/my_bot/local_setup.sh
[0.521s] -- Up-to-date symlink: /home/maneesh/dev_ws/install/my_bot/share/my_bot/local_setup.zsh
[0.521s] -- Up-to-date symlink: /home/maneesh/dev_ws/install/my_bot/share/my_bot/local_setup.dsv
[0.521s] -- Symlinking: /home/maneesh/dev_ws/install/my_bot/share/my_bot/package.dsv
[0.531s] -- Up-to-date symlink: /home/maneesh/dev_ws/install/my_bot/share/ament_index/resource_index/packages/my_bot
[0.531s] -- Up-to-date symlink: /home/maneesh/dev_ws/install/my_bot/share/my_bot/cmake/my_botConfig.cmake
[0.531s] -- Up-to-date symlink: /home/maneesh/dev_ws/install/my_bot/share/my_bot/cmake/my_botConfig-version.cmake
[0.531s] -- Up-to-date symlink: /home/maneesh/dev_ws/install/my_bot/share/my_bot/package.xml
[0.535s] Invoked command in '/home/maneesh/dev_ws/build/my_bot' returned '0': CMAKE_PREFIX_PATH=${CMAKE_PREFIX_PATH}:/opt/ros/foxy /usr/bin/cmake --install /home/maneesh/dev_ws/build/my_bot
