[0.023s] Invoking command in '/home/maneesh/dev_ws/build/web_video_server': CMAKE_PREFIX_PATH=/home/maneesh/dev_ws/install/web_video_server:/home/maneesh/dev_ws/install/my_bot:/home/maneesh/dev_ws/install/gazebo_ros2_control_demos:/home/maneesh/dev_ws/install/gazebo_ros2_control:/opt/ros/foxy /usr/bin/cmake --build /home/maneesh/dev_ws/build/web_video_server -- -j16 -l16
[0.091s] [100%] Built target web_video_server
[0.104s] Invoked command in '/home/maneesh/dev_ws/build/web_video_server' returned '0': CMAKE_PREFIX_PATH=/home/maneesh/dev_ws/install/web_video_server:/home/maneesh/dev_ws/install/my_bot:/home/maneesh/dev_ws/install/gazebo_ros2_control_demos:/home/maneesh/dev_ws/install/gazebo_ros2_control:/opt/ros/foxy /usr/bin/cmake --build /home/maneesh/dev_ws/build/web_video_server -- -j16 -l16
[0.142s] Invoking command in '/home/maneesh/dev_ws/build/web_video_server': CMAKE_PREFIX_PATH=/home/maneesh/dev_ws/install/web_video_server:/home/maneesh/dev_ws/install/my_bot:/home/maneesh/dev_ws/install/gazebo_ros2_control_demos:/home/maneesh/dev_ws/install/gazebo_ros2_control:/opt/ros/foxy /usr/bin/cmake --install /home/maneesh/dev_ws/build/web_video_server
[0.154s] -- Install configuration: ""
[0.155s] -- Execute custom install script
[0.155s] -- Up-to-date symlink: /home/maneesh/dev_ws/install/web_video_server/lib/web_video_server/web_video_server
[0.155s] -- Up-to-date symlink: /home/maneesh/dev_ws/install/web_video_server/share/ament_index/resource_index/package_run_dependencies/web_video_server
[0.155s] -- Up-to-date symlink: /home/maneesh/dev_ws/install/web_video_server/share/ament_index/resource_index/parent_prefix_path/web_video_server
[0.156s] -- Up-to-date symlink: /home/maneesh/dev_ws/install/web_video_server/share/web_video_server/environment/ament_prefix_path.sh
[0.156s] -- Up-to-date symlink: /home/maneesh/dev_ws/install/web_video_server/share/web_video_server/environment/ament_prefix_path.dsv
[0.157s] -- Up-to-date symlink: /home/maneesh/dev_ws/install/web_video_server/share/web_video_server/environment/path.sh
[0.157s] -- Up-to-date symlink: /home/maneesh/dev_ws/install/web_video_server/share/web_video_server/environment/path.dsv
[0.157s] -- Up-to-date symlink: /home/maneesh/dev_ws/install/web_video_server/share/web_video_server/local_setup.bash
[0.157s] -- Up-to-date symlink: /home/maneesh/dev_ws/install/web_video_server/share/web_video_server/local_setup.sh
[0.157s] -- Up-to-date symlink: /home/maneesh/dev_ws/install/web_video_server/share/web_video_server/local_setup.zsh
[0.157s] -- Up-to-date symlink: /home/maneesh/dev_ws/install/web_video_server/share/web_video_server/local_setup.dsv
[0.157s] -- Up-to-date symlink: /home/maneesh/dev_ws/install/web_video_server/share/web_video_server/package.dsv
[0.157s] -- Up-to-date symlink: /home/maneesh/dev_ws/install/web_video_server/share/ament_index/resource_index/packages/web_video_server
[0.157s] -- Up-to-date symlink: /home/maneesh/dev_ws/install/web_video_server/share/web_video_server/cmake/web_video_serverConfig.cmake
[0.157s] -- Up-to-date symlink: /home/maneesh/dev_ws/install/web_video_server/share/web_video_server/cmake/web_video_serverConfig-version.cmake
[0.158s] -- Up-to-date symlink: /home/maneesh/dev_ws/install/web_video_server/share/web_video_server/package.xml
[0.158s] -- Up-to-date: /home/maneesh/dev_ws/install/web_video_server/include/web_video_server
[0.158s] -- Up-to-date: /home/maneesh/dev_ws/install/web_video_server/include/web_video_server/libav_streamer.h
[0.158s] -- Up-to-date: /home/maneesh/dev_ws/install/web_video_server/include/web_video_server/jpeg_streamers.h
[0.158s] -- Up-to-date: /home/maneesh/dev_ws/install/web_video_server/include/web_video_server/ros_compressed_streamer.h
[0.158s] -- Up-to-date: /home/maneesh/dev_ws/install/web_video_server/include/web_video_server/image_streamer.h
[0.158s] -- Up-to-date: /home/maneesh/dev_ws/install/web_video_server/include/web_video_server/h264_streamer.h
[0.158s] -- Up-to-date: /home/maneesh/dev_ws/install/web_video_server/include/web_video_server/vp9_streamer.h
[0.159s] -- Up-to-date: /home/maneesh/dev_ws/install/web_video_server/include/web_video_server/multipart_stream.h
[0.159s] -- Up-to-date: /home/maneesh/dev_ws/install/web_video_server/include/web_video_server/png_streamers.h
[0.160s] -- Up-to-date: /home/maneesh/dev_ws/install/web_video_server/include/web_video_server/web_video_server.h
[0.160s] -- Up-to-date: /home/maneesh/dev_ws/install/web_video_server/include/web_video_server/vp8_streamer.h
[0.177s] Invoked command in '/home/maneesh/dev_ws/build/web_video_server' returned '0': CMAKE_PREFIX_PATH=/home/maneesh/dev_ws/install/web_video_server:/home/maneesh/dev_ws/install/my_bot:/home/maneesh/dev_ws/install/gazebo_ros2_control_demos:/home/maneesh/dev_ws/install/gazebo_ros2_control:/opt/ros/foxy /usr/bin/cmake --install /home/maneesh/dev_ws/build/web_video_server
