[0.329s] DEBUG:colcon:Command line arguments: ['/usr/bin/colcon', 'build', '--symlink-install']
[0.329s] DEBUG:colcon:Parsed command line arguments: Namespace(allow_overriding=[], ament_cmake_args=None, base_paths=['.'], build_base='build', catkin_cmake_args=None, catkin_skip_building_tests=False, cmake_args=None, cmake_clean_cache=False, cmake_clean_first=False, cmake_force_configure=False, cmake_target=None, cmake_target_skip_unavailable=False, continue_on_error=False, event_handlers=None, executor='parallel', ignore_user_meta=False, install_base='install', log_base=None, log_level=None, main=<bound method BuildVerb.main of <colcon_core.verb.build.BuildVerb object at 0x7fb2194926a0>>, merge_install=False, metas=['./colcon.meta'], packages_above=None, packages_above_and_dependencies=None, packages_above_depth=None, packages_end=None, packages_ignore=None, packages_ignore_regex=None, packages_select=None, packages_select_build_failed=False, packages_select_by_dep=None, packages_select_regex=None, packages_select_test_failures=False, packages_skip=None, packages_skip_build_finished=False, packages_skip_by_dep=None, packages_skip_regex=None, packages_skip_test_passed=False, packages_skip_up_to=None, packages_start=None, packages_up_to=None, packages_up_to_regex=None, parallel_workers=16, paths=None, symlink_install=True, test_result_base=None, verb_extension=<colcon_core.verb.build.BuildVerb object at 0x7fb2194926a0>, verb_name='build', verb_parser=<colcon_defaults.argument_parser.defaults.DefaultArgumentsDecorator object at 0x7fb219492be0>)
[0.356s] Level 1:colcon.colcon_core.package_discovery:discover_packages(colcon_meta) check parameters
[0.356s] Level 1:colcon.colcon_core.package_discovery:discover_packages(recursive) check parameters
[0.356s] Level 1:colcon.colcon_core.package_discovery:discover_packages(ignore) check parameters
[0.356s] Level 1:colcon.colcon_core.package_discovery:discover_packages(path) check parameters
[0.356s] Level 1:colcon.colcon_core.package_discovery:discover_packages(colcon_meta) discover
[0.356s] Level 1:colcon.colcon_core.package_discovery:discover_packages(recursive) discover
[0.356s] INFO:colcon.colcon_core.package_discovery:Crawling recursively for packages in '/home/maneesh/dev_ws'
[0.356s] Level 1:colcon.colcon_core.package_identification:_identify(.) by extensions ['ignore', 'ignore_ament_install']
[0.357s] Level 1:colcon.colcon_core.package_identification:_identify(.) by extension 'ignore'
[0.357s] Level 1:colcon.colcon_core.package_identification:_identify(.) by extension 'ignore_ament_install'
[0.357s] Level 1:colcon.colcon_core.package_identification:_identify(.) by extensions ['colcon_pkg']
[0.357s] Level 1:colcon.colcon_core.package_identification:_identify(.) by extension 'colcon_pkg'
[0.357s] Level 1:colcon.colcon_core.package_identification:_identify(.) by extensions ['colcon_meta']
[0.357s] Level 1:colcon.colcon_core.package_identification:_identify(.) by extension 'colcon_meta'
[0.357s] Level 1:colcon.colcon_core.package_identification:_identify(.) by extensions ['ros']
[0.357s] Level 1:colcon.colcon_core.package_identification:_identify(.) by extension 'ros'
[0.382s] Level 1:colcon.colcon_core.package_identification:_identify(.) by extensions ['cmake', 'python']
[0.382s] Level 1:colcon.colcon_core.package_identification:_identify(.) by extension 'cmake'
[0.382s] Level 1:colcon.colcon_core.package_identification:_identify(.) by extension 'python'
[0.382s] Level 1:colcon.colcon_core.package_identification:_identify(.) by extensions ['python_setup_py']
[0.382s] Level 1:colcon.colcon_core.package_identification:_identify(.) by extension 'python_setup_py'
[0.383s] Level 1:colcon.colcon_core.package_identification:_identify(build) by extensions ['ignore', 'ignore_ament_install']
[0.383s] Level 1:colcon.colcon_core.package_identification:_identify(build) by extension 'ignore'
[0.383s] Level 1:colcon.colcon_core.package_identification:_identify(build) ignored
[0.383s] Level 1:colcon.colcon_core.package_identification:_identify(install) by extensions ['ignore', 'ignore_ament_install']
[0.383s] Level 1:colcon.colcon_core.package_identification:_identify(install) by extension 'ignore'
[0.383s] Level 1:colcon.colcon_core.package_identification:_identify(install) ignored
[0.383s] Level 1:colcon.colcon_core.package_identification:_identify(log) by extensions ['ignore', 'ignore_ament_install']
[0.383s] Level 1:colcon.colcon_core.package_identification:_identify(log) by extension 'ignore'
[0.383s] Level 1:colcon.colcon_core.package_identification:_identify(log) ignored
[0.383s] Level 1:colcon.colcon_core.package_identification:_identify(src) by extensions ['ignore', 'ignore_ament_install']
[0.383s] Level 1:colcon.colcon_core.package_identification:_identify(src) by extension 'ignore'
[0.384s] Level 1:colcon.colcon_core.package_identification:_identify(src) by extension 'ignore_ament_install'
[0.384s] Level 1:colcon.colcon_core.package_identification:_identify(src) by extensions ['colcon_pkg']
[0.384s] Level 1:colcon.colcon_core.package_identification:_identify(src) by extension 'colcon_pkg'
[0.384s] Level 1:colcon.colcon_core.package_identification:_identify(src) by extensions ['colcon_meta']
[0.384s] Level 1:colcon.colcon_core.package_identification:_identify(src) by extension 'colcon_meta'
[0.384s] Level 1:colcon.colcon_core.package_identification:_identify(src) by extensions ['ros']
[0.384s] Level 1:colcon.colcon_core.package_identification:_identify(src) by extension 'ros'
[0.384s] Level 1:colcon.colcon_core.package_identification:_identify(src) by extensions ['cmake', 'python']
[0.384s] Level 1:colcon.colcon_core.package_identification:_identify(src) by extension 'cmake'
[0.384s] Level 1:colcon.colcon_core.package_identification:_identify(src) by extension 'python'
[0.384s] Level 1:colcon.colcon_core.package_identification:_identify(src) by extensions ['python_setup_py']
[0.384s] Level 1:colcon.colcon_core.package_identification:_identify(src) by extension 'python_setup_py'
[0.384s] Level 1:colcon.colcon_core.package_identification:_identify(src/gazebo_ros2_control) by extensions ['ignore', 'ignore_ament_install']
[0.384s] Level 1:colcon.colcon_core.package_identification:_identify(src/gazebo_ros2_control) by extension 'ignore'
[0.384s] Level 1:colcon.colcon_core.package_identification:_identify(src/gazebo_ros2_control) by extension 'ignore_ament_install'
[0.384s] Level 1:colcon.colcon_core.package_identification:_identify(src/gazebo_ros2_control) by extensions ['colcon_pkg']
[0.384s] Level 1:colcon.colcon_core.package_identification:_identify(src/gazebo_ros2_control) by extension 'colcon_pkg'
[0.384s] Level 1:colcon.colcon_core.package_identification:_identify(src/gazebo_ros2_control) by extensions ['colcon_meta']
[0.384s] Level 1:colcon.colcon_core.package_identification:_identify(src/gazebo_ros2_control) by extension 'colcon_meta'
[0.384s] Level 1:colcon.colcon_core.package_identification:_identify(src/gazebo_ros2_control) by extensions ['ros']
[0.384s] Level 1:colcon.colcon_core.package_identification:_identify(src/gazebo_ros2_control) by extension 'ros'
[0.384s] Level 1:colcon.colcon_core.package_identification:_identify(src/gazebo_ros2_control) by extensions ['cmake', 'python']
[0.384s] Level 1:colcon.colcon_core.package_identification:_identify(src/gazebo_ros2_control) by extension 'cmake'
[0.384s] Level 1:colcon.colcon_core.package_identification:_identify(src/gazebo_ros2_control) by extension 'python'
[0.385s] Level 1:colcon.colcon_core.package_identification:_identify(src/gazebo_ros2_control) by extensions ['python_setup_py']
[0.385s] Level 1:colcon.colcon_core.package_identification:_identify(src/gazebo_ros2_control) by extension 'python_setup_py'
[0.385s] Level 1:colcon.colcon_core.package_identification:_identify(src/gazebo_ros2_control/Docker) by extensions ['ignore', 'ignore_ament_install']
[0.385s] Level 1:colcon.colcon_core.package_identification:_identify(src/gazebo_ros2_control/Docker) by extension 'ignore'
[0.385s] Level 1:colcon.colcon_core.package_identification:_identify(src/gazebo_ros2_control/Docker) by extension 'ignore_ament_install'
[0.385s] Level 1:colcon.colcon_core.package_identification:_identify(src/gazebo_ros2_control/Docker) by extensions ['colcon_pkg']
[0.385s] Level 1:colcon.colcon_core.package_identification:_identify(src/gazebo_ros2_control/Docker) by extension 'colcon_pkg'
[0.385s] Level 1:colcon.colcon_core.package_identification:_identify(src/gazebo_ros2_control/Docker) by extensions ['colcon_meta']
[0.385s] Level 1:colcon.colcon_core.package_identification:_identify(src/gazebo_ros2_control/Docker) by extension 'colcon_meta'
[0.385s] Level 1:colcon.colcon_core.package_identification:_identify(src/gazebo_ros2_control/Docker) by extensions ['ros']
[0.385s] Level 1:colcon.colcon_core.package_identification:_identify(src/gazebo_ros2_control/Docker) by extension 'ros'
[0.385s] Level 1:colcon.colcon_core.package_identification:_identify(src/gazebo_ros2_control/Docker) by extensions ['cmake', 'python']
[0.385s] Level 1:colcon.colcon_core.package_identification:_identify(src/gazebo_ros2_control/Docker) by extension 'cmake'
[0.385s] Level 1:colcon.colcon_core.package_identification:_identify(src/gazebo_ros2_control/Docker) by extension 'python'
[0.385s] Level 1:colcon.colcon_core.package_identification:_identify(src/gazebo_ros2_control/Docker) by extensions ['python_setup_py']
[0.385s] Level 1:colcon.colcon_core.package_identification:_identify(src/gazebo_ros2_control/Docker) by extension 'python_setup_py'
[0.385s] Level 1:colcon.colcon_core.package_identification:_identify(src/gazebo_ros2_control/gazebo_ros2_control) by extensions ['ignore', 'ignore_ament_install']
[0.385s] Level 1:colcon.colcon_core.package_identification:_identify(src/gazebo_ros2_control/gazebo_ros2_control) by extension 'ignore'
[0.386s] Level 1:colcon.colcon_core.package_identification:_identify(src/gazebo_ros2_control/gazebo_ros2_control) by extension 'ignore_ament_install'
[0.386s] Level 1:colcon.colcon_core.package_identification:_identify(src/gazebo_ros2_control/gazebo_ros2_control) by extensions ['colcon_pkg']
[0.386s] Level 1:colcon.colcon_core.package_identification:_identify(src/gazebo_ros2_control/gazebo_ros2_control) by extension 'colcon_pkg'
[0.386s] Level 1:colcon.colcon_core.package_identification:_identify(src/gazebo_ros2_control/gazebo_ros2_control) by extensions ['colcon_meta']
[0.386s] Level 1:colcon.colcon_core.package_identification:_identify(src/gazebo_ros2_control/gazebo_ros2_control) by extension 'colcon_meta'
[0.386s] Level 1:colcon.colcon_core.package_identification:_identify(src/gazebo_ros2_control/gazebo_ros2_control) by extensions ['ros']
[0.386s] Level 1:colcon.colcon_core.package_identification:_identify(src/gazebo_ros2_control/gazebo_ros2_control) by extension 'ros'
[0.390s] DEBUG:colcon.colcon_core.package_identification:Package 'src/gazebo_ros2_control/gazebo_ros2_control' with type 'ros.ament_cmake' and name 'gazebo_ros2_control'
[0.390s] Level 1:colcon.colcon_core.package_identification:_identify(src/gazebo_ros2_control/gazebo_ros2_control_demos) by extensions ['ignore', 'ignore_ament_install']
[0.390s] Level 1:colcon.colcon_core.package_identification:_identify(src/gazebo_ros2_control/gazebo_ros2_control_demos) by extension 'ignore'
[0.391s] Level 1:colcon.colcon_core.package_identification:_identify(src/gazebo_ros2_control/gazebo_ros2_control_demos) by extension 'ignore_ament_install'
[0.391s] Level 1:colcon.colcon_core.package_identification:_identify(src/gazebo_ros2_control/gazebo_ros2_control_demos) by extensions ['colcon_pkg']
[0.391s] Level 1:colcon.colcon_core.package_identification:_identify(src/gazebo_ros2_control/gazebo_ros2_control_demos) by extension 'colcon_pkg'
[0.391s] Level 1:colcon.colcon_core.package_identification:_identify(src/gazebo_ros2_control/gazebo_ros2_control_demos) by extensions ['colcon_meta']
[0.391s] Level 1:colcon.colcon_core.package_identification:_identify(src/gazebo_ros2_control/gazebo_ros2_control_demos) by extension 'colcon_meta'
[0.391s] Level 1:colcon.colcon_core.package_identification:_identify(src/gazebo_ros2_control/gazebo_ros2_control_demos) by extensions ['ros']
[0.391s] Level 1:colcon.colcon_core.package_identification:_identify(src/gazebo_ros2_control/gazebo_ros2_control_demos) by extension 'ros'
[0.392s] DEBUG:colcon.colcon_core.package_identification:Package 'src/gazebo_ros2_control/gazebo_ros2_control_demos' with type 'ros.ament_cmake' and name 'gazebo_ros2_control_demos'
[0.393s] Level 1:colcon.colcon_core.package_identification:_identify(src/gazebo_ros2_control/img) by extensions ['ignore', 'ignore_ament_install']
[0.393s] Level 1:colcon.colcon_core.package_identification:_identify(src/gazebo_ros2_control/img) by extension 'ignore'
[0.393s] Level 1:colcon.colcon_core.package_identification:_identify(src/gazebo_ros2_control/img) by extension 'ignore_ament_install'
[0.393s] Level 1:colcon.colcon_core.package_identification:_identify(src/gazebo_ros2_control/img) by extensions ['colcon_pkg']
[0.393s] Level 1:colcon.colcon_core.package_identification:_identify(src/gazebo_ros2_control/img) by extension 'colcon_pkg'
[0.393s] Level 1:colcon.colcon_core.package_identification:_identify(src/gazebo_ros2_control/img) by extensions ['colcon_meta']
[0.393s] Level 1:colcon.colcon_core.package_identification:_identify(src/gazebo_ros2_control/img) by extension 'colcon_meta'
[0.393s] Level 1:colcon.colcon_core.package_identification:_identify(src/gazebo_ros2_control/img) by extensions ['ros']
[0.393s] Level 1:colcon.colcon_core.package_identification:_identify(src/gazebo_ros2_control/img) by extension 'ros'
[0.393s] Level 1:colcon.colcon_core.package_identification:_identify(src/gazebo_ros2_control/img) by extensions ['cmake', 'python']
[0.393s] Level 1:colcon.colcon_core.package_identification:_identify(src/gazebo_ros2_control/img) by extension 'cmake'
[0.393s] Level 1:colcon.colcon_core.package_identification:_identify(src/gazebo_ros2_control/img) by extension 'python'
[0.393s] Level 1:colcon.colcon_core.package_identification:_identify(src/gazebo_ros2_control/img) by extensions ['python_setup_py']
[0.393s] Level 1:colcon.colcon_core.package_identification:_identify(src/gazebo_ros2_control/img) by extension 'python_setup_py'
[0.393s] Level 1:colcon.colcon_core.package_identification:_identify(src/my_bot) by extensions ['ignore', 'ignore_ament_install']
[0.393s] Level 1:colcon.colcon_core.package_identification:_identify(src/my_bot) by extension 'ignore'
[0.393s] Level 1:colcon.colcon_core.package_identification:_identify(src/my_bot) by extension 'ignore_ament_install'
[0.393s] Level 1:colcon.colcon_core.package_identification:_identify(src/my_bot) by extensions ['colcon_pkg']
[0.393s] Level 1:colcon.colcon_core.package_identification:_identify(src/my_bot) by extension 'colcon_pkg'
[0.393s] Level 1:colcon.colcon_core.package_identification:_identify(src/my_bot) by extensions ['colcon_meta']
[0.393s] Level 1:colcon.colcon_core.package_identification:_identify(src/my_bot) by extension 'colcon_meta'
[0.394s] Level 1:colcon.colcon_core.package_identification:_identify(src/my_bot) by extensions ['ros']
[0.394s] Level 1:colcon.colcon_core.package_identification:_identify(src/my_bot) by extension 'ros'
[0.394s] DEBUG:colcon.colcon_core.package_identification:Package 'src/my_bot' with type 'ros.ament_cmake' and name 'my_bot'
[0.394s] Level 1:colcon.colcon_core.package_identification:_identify(src/web_video_server) by extensions ['ignore', 'ignore_ament_install']
[0.394s] Level 1:colcon.colcon_core.package_identification:_identify(src/web_video_server) by extension 'ignore'
[0.394s] Level 1:colcon.colcon_core.package_identification:_identify(src/web_video_server) by extension 'ignore_ament_install'
[0.394s] Level 1:colcon.colcon_core.package_identification:_identify(src/web_video_server) by extensions ['colcon_pkg']
[0.394s] Level 1:colcon.colcon_core.package_identification:_identify(src/web_video_server) by extension 'colcon_pkg'
[0.394s] Level 1:colcon.colcon_core.package_identification:_identify(src/web_video_server) by extensions ['colcon_meta']
[0.394s] Level 1:colcon.colcon_core.package_identification:_identify(src/web_video_server) by extension 'colcon_meta'
[0.394s] Level 1:colcon.colcon_core.package_identification:_identify(src/web_video_server) by extensions ['ros']
[0.394s] Level 1:colcon.colcon_core.package_identification:_identify(src/web_video_server) by extension 'ros'
[0.395s] DEBUG:colcon.colcon_core.package_identification:Package 'src/web_video_server' with type 'ros.ament_cmake' and name 'web_video_server'
[0.395s] Level 1:colcon.colcon_core.package_discovery:discover_packages(recursive) using defaults
[0.395s] Level 1:colcon.colcon_core.package_discovery:discover_packages(ignore) discover
[0.396s] Level 1:colcon.colcon_core.package_discovery:discover_packages(ignore) using defaults
[0.396s] Level 1:colcon.colcon_core.package_discovery:discover_packages(path) discover
[0.396s] Level 1:colcon.colcon_core.package_discovery:discover_packages(path) using defaults
[0.418s] Level 1:colcon.colcon_core.package_discovery:discover_packages(prefix_path) check parameters
[0.418s] Level 1:colcon.colcon_core.package_discovery:discover_packages(prefix_path) discover
[0.422s] DEBUG:colcon.colcon_installed_package_information.package_discovery:Found 5 installed packages in /home/maneesh/dev_ws/install
[0.424s] DEBUG:colcon.colcon_installed_package_information.package_discovery:Found 353 installed packages in /opt/ros/foxy
[0.426s] Level 1:colcon.colcon_core.package_discovery:discover_packages(prefix_path) using defaults
[0.496s] Level 5:colcon.colcon_core.verb:set package 'gazebo_ros2_control' build argument 'cmake_args' from command line to 'None'
[0.496s] Level 5:colcon.colcon_core.verb:set package 'gazebo_ros2_control' build argument 'cmake_target' from command line to 'None'
[0.496s] Level 5:colcon.colcon_core.verb:set package 'gazebo_ros2_control' build argument 'cmake_target_skip_unavailable' from command line to 'False'
[0.496s] Level 5:colcon.colcon_core.verb:set package 'gazebo_ros2_control' build argument 'cmake_clean_cache' from command line to 'False'
[0.496s] Level 5:colcon.colcon_core.verb:set package 'gazebo_ros2_control' build argument 'cmake_clean_first' from command line to 'False'
[0.496s] Level 5:colcon.colcon_core.verb:set package 'gazebo_ros2_control' build argument 'cmake_force_configure' from command line to 'False'
[0.496s] Level 5:colcon.colcon_core.verb:set package 'gazebo_ros2_control' build argument 'ament_cmake_args' from command line to 'None'
[0.496s] Level 5:colcon.colcon_core.verb:set package 'gazebo_ros2_control' build argument 'catkin_cmake_args' from command line to 'None'
[0.496s] Level 5:colcon.colcon_core.verb:set package 'gazebo_ros2_control' build argument 'catkin_skip_building_tests' from command line to 'False'
[0.496s] DEBUG:colcon.colcon_core.verb:Building package 'gazebo_ros2_control' with the following arguments: {'ament_cmake_args': None, 'build_base': '/home/maneesh/dev_ws/build/gazebo_ros2_control', 'catkin_cmake_args': None, 'catkin_skip_building_tests': False, 'cmake_args': None, 'cmake_clean_cache': False, 'cmake_clean_first': False, 'cmake_force_configure': False, 'cmake_target': None, 'cmake_target_skip_unavailable': False, 'install_base': '/home/maneesh/dev_ws/install/gazebo_ros2_control', 'merge_install': False, 'path': '/home/maneesh/dev_ws/src/gazebo_ros2_control/gazebo_ros2_control', 'symlink_install': True, 'test_result_base': None}
[0.498s] Level 5:colcon.colcon_core.verb:set package 'my_bot' build argument 'cmake_args' from command line to 'None'
[0.498s] Level 5:colcon.colcon_core.verb:set package 'my_bot' build argument 'cmake_target' from command line to 'None'
[0.498s] Level 5:colcon.colcon_core.verb:set package 'my_bot' build argument 'cmake_target_skip_unavailable' from command line to 'False'
[0.498s] Level 5:colcon.colcon_core.verb:set package 'my_bot' build argument 'cmake_clean_cache' from command line to 'False'
[0.498s] Level 5:colcon.colcon_core.verb:set package 'my_bot' build argument 'cmake_clean_first' from command line to 'False'
[0.498s] Level 5:colcon.colcon_core.verb:set package 'my_bot' build argument 'cmake_force_configure' from command line to 'False'
[0.498s] Level 5:colcon.colcon_core.verb:set package 'my_bot' build argument 'ament_cmake_args' from command line to 'None'
[0.498s] Level 5:colcon.colcon_core.verb:set package 'my_bot' build argument 'catkin_cmake_args' from command line to 'None'
[0.498s] Level 5:colcon.colcon_core.verb:set package 'my_bot' build argument 'catkin_skip_building_tests' from command line to 'False'
[0.498s] DEBUG:colcon.colcon_core.verb:Building package 'my_bot' with the following arguments: {'ament_cmake_args': None, 'build_base': '/home/maneesh/dev_ws/build/my_bot', 'catkin_cmake_args': None, 'catkin_skip_building_tests': False, 'cmake_args': None, 'cmake_clean_cache': False, 'cmake_clean_first': False, 'cmake_force_configure': False, 'cmake_target': None, 'cmake_target_skip_unavailable': False, 'install_base': '/home/maneesh/dev_ws/install/my_bot', 'merge_install': False, 'path': '/home/maneesh/dev_ws/src/my_bot', 'symlink_install': True, 'test_result_base': None}
[0.499s] Level 5:colcon.colcon_core.verb:set package 'web_video_server' build argument 'cmake_args' from command line to 'None'
[0.499s] Level 5:colcon.colcon_core.verb:set package 'web_video_server' build argument 'cmake_target' from command line to 'None'
[0.499s] Level 5:colcon.colcon_core.verb:set package 'web_video_server' build argument 'cmake_target_skip_unavailable' from command line to 'False'
[0.499s] Level 5:colcon.colcon_core.verb:set package 'web_video_server' build argument 'cmake_clean_cache' from command line to 'False'
[0.499s] Level 5:colcon.colcon_core.verb:set package 'web_video_server' build argument 'cmake_clean_first' from command line to 'False'
[0.499s] Level 5:colcon.colcon_core.verb:set package 'web_video_server' build argument 'cmake_force_configure' from command line to 'False'
[0.499s] Level 5:colcon.colcon_core.verb:set package 'web_video_server' build argument 'ament_cmake_args' from command line to 'None'
[0.499s] Level 5:colcon.colcon_core.verb:set package 'web_video_server' build argument 'catkin_cmake_args' from command line to 'None'
[0.499s] Level 5:colcon.colcon_core.verb:set package 'web_video_server' build argument 'catkin_skip_building_tests' from command line to 'False'
[0.499s] DEBUG:colcon.colcon_core.verb:Building package 'web_video_server' with the following arguments: {'ament_cmake_args': None, 'build_base': '/home/maneesh/dev_ws/build/web_video_server', 'catkin_cmake_args': None, 'catkin_skip_building_tests': False, 'cmake_args': None, 'cmake_clean_cache': False, 'cmake_clean_first': False, 'cmake_force_configure': False, 'cmake_target': None, 'cmake_target_skip_unavailable': False, 'install_base': '/home/maneesh/dev_ws/install/web_video_server', 'merge_install': False, 'path': '/home/maneesh/dev_ws/src/web_video_server', 'symlink_install': True, 'test_result_base': None}
[0.501s] Level 5:colcon.colcon_core.verb:set package 'gazebo_ros2_control_demos' build argument 'cmake_args' from command line to 'None'
[0.501s] Level 5:colcon.colcon_core.verb:set package 'gazebo_ros2_control_demos' build argument 'cmake_target' from command line to 'None'
[0.501s] Level 5:colcon.colcon_core.verb:set package 'gazebo_ros2_control_demos' build argument 'cmake_target_skip_unavailable' from command line to 'False'
[0.501s] Level 5:colcon.colcon_core.verb:set package 'gazebo_ros2_control_demos' build argument 'cmake_clean_cache' from command line to 'False'
[0.501s] Level 5:colcon.colcon_core.verb:set package 'gazebo_ros2_control_demos' build argument 'cmake_clean_first' from command line to 'False'
[0.501s] Level 5:colcon.colcon_core.verb:set package 'gazebo_ros2_control_demos' build argument 'cmake_force_configure' from command line to 'False'
[0.501s] Level 5:colcon.colcon_core.verb:set package 'gazebo_ros2_control_demos' build argument 'ament_cmake_args' from command line to 'None'
[0.501s] Level 5:colcon.colcon_core.verb:set package 'gazebo_ros2_control_demos' build argument 'catkin_cmake_args' from command line to 'None'
[0.501s] Level 5:colcon.colcon_core.verb:set package 'gazebo_ros2_control_demos' build argument 'catkin_skip_building_tests' from command line to 'False'
[0.501s] DEBUG:colcon.colcon_core.verb:Building package 'gazebo_ros2_control_demos' with the following arguments: {'ament_cmake_args': None, 'build_base': '/home/maneesh/dev_ws/build/gazebo_ros2_control_demos', 'catkin_cmake_args': None, 'catkin_skip_building_tests': False, 'cmake_args': None, 'cmake_clean_cache': False, 'cmake_clean_first': False, 'cmake_force_configure': False, 'cmake_target': None, 'cmake_target_skip_unavailable': False, 'install_base': '/home/maneesh/dev_ws/install/gazebo_ros2_control_demos', 'merge_install': False, 'path': '/home/maneesh/dev_ws/src/gazebo_ros2_control/gazebo_ros2_control_demos', 'symlink_install': True, 'test_result_base': None}
[0.502s] INFO:colcon.colcon_core.executor:Executing jobs using 'parallel' executor
[0.506s] DEBUG:colcon.colcon_parallel_executor.executor.parallel:run_until_complete
[0.506s] INFO:colcon.colcon_ros.task.ament_cmake.build:Building ROS package in '/home/maneesh/dev_ws/src/gazebo_ros2_control/gazebo_ros2_control' with build type 'ament_cmake'
[0.506s] INFO:colcon.colcon_cmake.task.cmake.build:Building CMake package in '/home/maneesh/dev_ws/src/gazebo_ros2_control/gazebo_ros2_control'
[0.510s] INFO:colcon.colcon_core.plugin_system:Skipping extension 'colcon_core.shell.bat': Not used on non-Windows systems
[0.511s] INFO:colcon.colcon_core.shell:Skip shell extension 'powershell' for command environment: Not usable outside of PowerShell
[0.511s] DEBUG:colcon.colcon_core.shell:Skip shell extension 'dsv' for command environment
[0.518s] INFO:colcon.colcon_ros.task.ament_cmake.build:Building ROS package in '/home/maneesh/dev_ws/src/my_bot' with build type 'ament_cmake'
[0.518s] INFO:colcon.colcon_cmake.task.cmake.build:Building CMake package in '/home/maneesh/dev_ws/src/my_bot'
[0.521s] INFO:colcon.colcon_core.shell:Skip shell extension 'powershell' for command environment: Not usable outside of PowerShell
[0.521s] DEBUG:colcon.colcon_core.shell:Skip shell extension 'dsv' for command environment
[0.529s] INFO:colcon.colcon_ros.task.ament_cmake.build:Building ROS package in '/home/maneesh/dev_ws/src/web_video_server' with build type 'ament_cmake'
[0.529s] INFO:colcon.colcon_cmake.task.cmake.build:Building CMake package in '/home/maneesh/dev_ws/src/web_video_server'
[0.531s] INFO:colcon.colcon_core.shell:Skip shell extension 'powershell' for command environment: Not usable outside of PowerShell
[0.531s] DEBUG:colcon.colcon_core.shell:Skip shell extension 'dsv' for command environment
[0.548s] DEBUG:colcon.colcon_core.event_handler.log_command:Invoking command in '/home/maneesh/dev_ws/build/gazebo_ros2_control': CMAKE_PREFIX_PATH=${CMAKE_PREFIX_PATH}:/opt/ros/foxy /usr/bin/cmake --build /home/maneesh/dev_ws/build/gazebo_ros2_control -- -j16 -l16
[0.553s] DEBUG:colcon.colcon_core.event_handler.log_command:Invoking command in '/home/maneesh/dev_ws/build/my_bot': CMAKE_PREFIX_PATH=${CMAKE_PREFIX_PATH}:/opt/ros/foxy /usr/bin/cmake --build /home/maneesh/dev_ws/build/my_bot -- -j16 -l16
[0.562s] DEBUG:colcon.colcon_core.event_handler.log_command:Invoking command in '/home/maneesh/dev_ws/build/web_video_server': CMAKE_PREFIX_PATH=${CMAKE_PREFIX_PATH}:/opt/ros/foxy /usr/bin/cmake --build /home/maneesh/dev_ws/build/web_video_server -- -j16 -l16
[0.599s] DEBUG:colcon.colcon_core.event_handler.log_command:Invoked command in '/home/maneesh/dev_ws/build/my_bot' returned '0': CMAKE_PREFIX_PATH=${CMAKE_PREFIX_PATH}:/opt/ros/foxy /usr/bin/cmake --build /home/maneesh/dev_ws/build/my_bot -- -j16 -l16
[0.643s] DEBUG:colcon.colcon_core.event_handler.log_command:Invoking command in '/home/maneesh/dev_ws/build/my_bot': CMAKE_PREFIX_PATH=${CMAKE_PREFIX_PATH}:/opt/ros/foxy /usr/bin/cmake --install /home/maneesh/dev_ws/build/my_bot
[0.662s] DEBUG:colcon.colcon_core.event_handler.log_command:Invoked command in '/home/maneesh/dev_ws/build/gazebo_ros2_control' returned '0': CMAKE_PREFIX_PATH=${CMAKE_PREFIX_PATH}:/opt/ros/foxy /usr/bin/cmake --build /home/maneesh/dev_ws/build/gazebo_ros2_control -- -j16 -l16
[0.680s] DEBUG:colcon.colcon_core.event_handler.log_command:Invoked command in '/home/maneesh/dev_ws/build/web_video_server' returned '0': CMAKE_PREFIX_PATH=${CMAKE_PREFIX_PATH}:/opt/ros/foxy /usr/bin/cmake --build /home/maneesh/dev_ws/build/web_video_server -- -j16 -l16
[0.694s] Level 1:colcon.colcon_core.environment:create_environment_scripts_only(my_bot)
[0.695s] DEBUG:colcon.colcon_core.event_handler.log_command:Invoked command in '/home/maneesh/dev_ws/build/my_bot' returned '0': CMAKE_PREFIX_PATH=${CMAKE_PREFIX_PATH}:/opt/ros/foxy /usr/bin/cmake --install /home/maneesh/dev_ws/build/my_bot
[0.701s] Level 1:colcon.colcon_core.environment:checking '/home/maneesh/dev_ws/install/my_bot' for CMake module files
[0.701s] Level 1:colcon.colcon_core.environment:checking '/home/maneesh/dev_ws/install/my_bot' for CMake config files
[0.702s] Level 1:colcon.colcon_core.shell:create_environment_hook('my_bot', 'cmake_prefix_path')
[0.704s] INFO:colcon.colcon_core.shell:Creating environment hook '/home/maneesh/dev_ws/install/my_bot/share/my_bot/hook/cmake_prefix_path.ps1'
[0.705s] INFO:colcon.colcon_core.shell:Creating environment descriptor '/home/maneesh/dev_ws/install/my_bot/share/my_bot/hook/cmake_prefix_path.dsv'
[0.706s] INFO:colcon.colcon_core.shell:Creating environment hook '/home/maneesh/dev_ws/install/my_bot/share/my_bot/hook/cmake_prefix_path.sh'
[0.707s] Level 1:colcon.colcon_core.environment:checking '/home/maneesh/dev_ws/install/my_bot/lib'
[0.707s] Level 1:colcon.colcon_core.environment:checking '/home/maneesh/dev_ws/install/my_bot/bin'
[0.707s] Level 1:colcon.colcon_core.environment:checking '/home/maneesh/dev_ws/install/my_bot/lib/pkgconfig/my_bot.pc'
[0.707s] Level 1:colcon.colcon_core.environment:checking '/home/maneesh/dev_ws/install/my_bot/lib/python3.8/site-packages'
[0.708s] Level 1:colcon.colcon_core.environment:checking '/home/maneesh/dev_ws/install/my_bot/bin'
[0.709s] INFO:colcon.colcon_core.shell:Creating package script '/home/maneesh/dev_ws/install/my_bot/share/my_bot/package.ps1'
[0.711s] INFO:colcon.colcon_core.shell:Creating package descriptor '/home/maneesh/dev_ws/install/my_bot/share/my_bot/package.dsv'
[0.711s] INFO:colcon.colcon_core.shell:Creating package script '/home/maneesh/dev_ws/install/my_bot/share/my_bot/package.sh'
[0.712s] INFO:colcon.colcon_core.shell:Creating package script '/home/maneesh/dev_ws/install/my_bot/share/my_bot/package.bash'
[0.713s] INFO:colcon.colcon_core.shell:Creating package script '/home/maneesh/dev_ws/install/my_bot/share/my_bot/package.zsh'
[0.714s] Level 1:colcon.colcon_core.environment:create_file_with_runtime_dependencies(/home/maneesh/dev_ws/install/my_bot/share/colcon-core/packages/my_bot)
[0.722s] DEBUG:colcon.colcon_core.event_handler.log_command:Invoking command in '/home/maneesh/dev_ws/build/gazebo_ros2_control': CMAKE_PREFIX_PATH=${CMAKE_PREFIX_PATH}:/opt/ros/foxy /usr/bin/cmake --install /home/maneesh/dev_ws/build/gazebo_ros2_control
[0.728s] DEBUG:colcon.colcon_core.event_handler.log_command:Invoking command in '/home/maneesh/dev_ws/build/web_video_server': CMAKE_PREFIX_PATH=${CMAKE_PREFIX_PATH}:/opt/ros/foxy /usr/bin/cmake --install /home/maneesh/dev_ws/build/web_video_server
[0.742s] Level 1:colcon.colcon_core.environment:create_environment_scripts_only(my_bot)
[0.745s] Level 1:colcon.colcon_core.environment:checking '/home/maneesh/dev_ws/install/my_bot' for CMake module files
[0.746s] Level 1:colcon.colcon_core.environment:checking '/home/maneesh/dev_ws/install/my_bot' for CMake config files
[0.748s] Level 1:colcon.colcon_core.shell:create_environment_hook('my_bot', 'cmake_prefix_path')
[0.749s] INFO:colcon.colcon_core.shell:Creating environment hook '/home/maneesh/dev_ws/install/my_bot/share/my_bot/hook/cmake_prefix_path.ps1'
[0.750s] INFO:colcon.colcon_core.shell:Creating environment descriptor '/home/maneesh/dev_ws/install/my_bot/share/my_bot/hook/cmake_prefix_path.dsv'
[0.751s] INFO:colcon.colcon_core.shell:Creating environment hook '/home/maneesh/dev_ws/install/my_bot/share/my_bot/hook/cmake_prefix_path.sh'
[0.752s] Level 1:colcon.colcon_core.environment:checking '/home/maneesh/dev_ws/install/my_bot/lib'
[0.752s] Level 1:colcon.colcon_core.environment:checking '/home/maneesh/dev_ws/install/my_bot/bin'
[0.752s] Level 1:colcon.colcon_core.environment:checking '/home/maneesh/dev_ws/install/my_bot/lib/pkgconfig/my_bot.pc'
[0.752s] Level 1:colcon.colcon_core.environment:checking '/home/maneesh/dev_ws/install/my_bot/lib/python3.8/site-packages'
[0.752s] Level 1:colcon.colcon_core.environment:checking '/home/maneesh/dev_ws/install/my_bot/bin'
[0.754s] INFO:colcon.colcon_core.shell:Creating package script '/home/maneesh/dev_ws/install/my_bot/share/my_bot/package.ps1'
[0.756s] INFO:colcon.colcon_core.shell:Creating package descriptor '/home/maneesh/dev_ws/install/my_bot/share/my_bot/package.dsv'
[0.757s] INFO:colcon.colcon_core.shell:Creating package script '/home/maneesh/dev_ws/install/my_bot/share/my_bot/package.sh'
[0.758s] INFO:colcon.colcon_core.shell:Creating package script '/home/maneesh/dev_ws/install/my_bot/share/my_bot/package.bash'
[0.759s] INFO:colcon.colcon_core.shell:Creating package script '/home/maneesh/dev_ws/install/my_bot/share/my_bot/package.zsh'
[0.760s] Level 1:colcon.colcon_core.environment:create_file_with_runtime_dependencies(/home/maneesh/dev_ws/install/my_bot/share/colcon-core/packages/my_bot)
[0.762s] Level 1:colcon.colcon_core.environment:create_environment_scripts_only(gazebo_ros2_control)
[0.764s] Level 1:colcon.colcon_core.environment:checking '/home/maneesh/dev_ws/install/gazebo_ros2_control' for CMake module files
[0.765s] DEBUG:colcon.colcon_core.event_handler.log_command:Invoked command in '/home/maneesh/dev_ws/build/gazebo_ros2_control' returned '0': CMAKE_PREFIX_PATH=${CMAKE_PREFIX_PATH}:/opt/ros/foxy /usr/bin/cmake --install /home/maneesh/dev_ws/build/gazebo_ros2_control
[0.765s] Level 1:colcon.colcon_core.environment:checking '/home/maneesh/dev_ws/install/gazebo_ros2_control' for CMake config files
[0.765s] Level 1:colcon.colcon_core.shell:create_environment_hook('gazebo_ros2_control', 'cmake_prefix_path')
[0.767s] INFO:colcon.colcon_core.shell:Creating environment hook '/home/maneesh/dev_ws/install/gazebo_ros2_control/share/gazebo_ros2_control/hook/cmake_prefix_path.ps1'
[0.767s] INFO:colcon.colcon_core.shell:Creating environment descriptor '/home/maneesh/dev_ws/install/gazebo_ros2_control/share/gazebo_ros2_control/hook/cmake_prefix_path.dsv'
[0.768s] INFO:colcon.colcon_core.shell:Creating environment hook '/home/maneesh/dev_ws/install/gazebo_ros2_control/share/gazebo_ros2_control/hook/cmake_prefix_path.sh'
[0.768s] Level 1:colcon.colcon_core.environment:checking '/home/maneesh/dev_ws/install/gazebo_ros2_control/lib'
[0.769s] Level 1:colcon.colcon_core.shell:create_environment_hook('gazebo_ros2_control', 'ld_library_path_lib')
[0.770s] INFO:colcon.colcon_core.shell:Creating environment hook '/home/maneesh/dev_ws/install/gazebo_ros2_control/share/gazebo_ros2_control/hook/ld_library_path_lib.ps1'
[0.771s] INFO:colcon.colcon_core.shell:Creating environment descriptor '/home/maneesh/dev_ws/install/gazebo_ros2_control/share/gazebo_ros2_control/hook/ld_library_path_lib.dsv'
[0.771s] INFO:colcon.colcon_core.shell:Creating environment hook '/home/maneesh/dev_ws/install/gazebo_ros2_control/share/gazebo_ros2_control/hook/ld_library_path_lib.sh'
[0.772s] Level 1:colcon.colcon_core.environment:checking '/home/maneesh/dev_ws/install/gazebo_ros2_control/bin'
[0.772s] Level 1:colcon.colcon_core.environment:checking '/home/maneesh/dev_ws/install/gazebo_ros2_control/lib/pkgconfig/gazebo_ros2_control.pc'
[0.772s] Level 1:colcon.colcon_core.environment:checking '/home/maneesh/dev_ws/install/gazebo_ros2_control/lib/python3.8/site-packages'
[0.772s] Level 1:colcon.colcon_core.environment:checking '/home/maneesh/dev_ws/install/gazebo_ros2_control/bin'
[0.774s] INFO:colcon.colcon_core.shell:Creating package script '/home/maneesh/dev_ws/install/gazebo_ros2_control/share/gazebo_ros2_control/package.ps1'
[0.775s] INFO:colcon.colcon_core.shell:Creating package descriptor '/home/maneesh/dev_ws/install/gazebo_ros2_control/share/gazebo_ros2_control/package.dsv'
[0.775s] INFO:colcon.colcon_core.shell:Creating package script '/home/maneesh/dev_ws/install/gazebo_ros2_control/share/gazebo_ros2_control/package.sh'
[0.775s] INFO:colcon.colcon_core.shell:Creating package script '/home/maneesh/dev_ws/install/gazebo_ros2_control/share/gazebo_ros2_control/package.bash'
[0.776s] INFO:colcon.colcon_core.shell:Creating package script '/home/maneesh/dev_ws/install/gazebo_ros2_control/share/gazebo_ros2_control/package.zsh'
[0.776s] Level 1:colcon.colcon_core.environment:create_file_with_runtime_dependencies(/home/maneesh/dev_ws/install/gazebo_ros2_control/share/colcon-core/packages/gazebo_ros2_control)
[0.780s] Level 1:colcon.colcon_core.environment:create_environment_scripts_only(web_video_server)
[0.782s] Level 1:colcon.colcon_core.environment:checking '/home/maneesh/dev_ws/install/web_video_server' for CMake module files
[0.783s] DEBUG:colcon.colcon_core.event_handler.log_command:Invoked command in '/home/maneesh/dev_ws/build/web_video_server' returned '0': CMAKE_PREFIX_PATH=${CMAKE_PREFIX_PATH}:/opt/ros/foxy /usr/bin/cmake --install /home/maneesh/dev_ws/build/web_video_server
[0.783s] Level 1:colcon.colcon_core.environment:checking '/home/maneesh/dev_ws/install/web_video_server' for CMake config files
[0.784s] Level 1:colcon.colcon_core.shell:create_environment_hook('web_video_server', 'cmake_prefix_path')
[0.785s] INFO:colcon.colcon_core.shell:Creating environment hook '/home/maneesh/dev_ws/install/web_video_server/share/web_video_server/hook/cmake_prefix_path.ps1'
[0.785s] INFO:colcon.colcon_core.shell:Creating environment descriptor '/home/maneesh/dev_ws/install/web_video_server/share/web_video_server/hook/cmake_prefix_path.dsv'
[0.786s] INFO:colcon.colcon_core.shell:Creating environment hook '/home/maneesh/dev_ws/install/web_video_server/share/web_video_server/hook/cmake_prefix_path.sh'
[0.787s] Level 1:colcon.colcon_core.environment:checking '/home/maneesh/dev_ws/install/web_video_server/lib'
[0.787s] Level 1:colcon.colcon_core.environment:checking '/home/maneesh/dev_ws/install/web_video_server/bin'
[0.787s] Level 1:colcon.colcon_core.environment:checking '/home/maneesh/dev_ws/install/web_video_server/lib/pkgconfig/web_video_server.pc'
[0.787s] Level 1:colcon.colcon_core.environment:checking '/home/maneesh/dev_ws/install/web_video_server/lib/python3.8/site-packages'
[0.787s] Level 1:colcon.colcon_core.environment:checking '/home/maneesh/dev_ws/install/web_video_server/bin'
[0.789s] INFO:colcon.colcon_core.shell:Creating package script '/home/maneesh/dev_ws/install/web_video_server/share/web_video_server/package.ps1'
[0.789s] INFO:colcon.colcon_core.shell:Creating package descriptor '/home/maneesh/dev_ws/install/web_video_server/share/web_video_server/package.dsv'
[0.790s] INFO:colcon.colcon_core.shell:Creating package script '/home/maneesh/dev_ws/install/web_video_server/share/web_video_server/package.sh'
[0.790s] INFO:colcon.colcon_core.shell:Creating package script '/home/maneesh/dev_ws/install/web_video_server/share/web_video_server/package.bash'
[0.791s] INFO:colcon.colcon_core.shell:Creating package script '/home/maneesh/dev_ws/install/web_video_server/share/web_video_server/package.zsh'
[0.791s] Level 1:colcon.colcon_core.environment:create_file_with_runtime_dependencies(/home/maneesh/dev_ws/install/web_video_server/share/colcon-core/packages/web_video_server)
[0.807s] Level 1:colcon.colcon_core.environment:create_environment_scripts_only(gazebo_ros2_control)
[0.809s] Level 1:colcon.colcon_core.environment:checking '/home/maneesh/dev_ws/install/gazebo_ros2_control' for CMake module files
[0.810s] Level 1:colcon.colcon_core.environment:checking '/home/maneesh/dev_ws/install/gazebo_ros2_control' for CMake config files
[0.811s] Level 1:colcon.colcon_core.shell:create_environment_hook('gazebo_ros2_control', 'cmake_prefix_path')
[0.812s] INFO:colcon.colcon_core.shell:Creating environment hook '/home/maneesh/dev_ws/install/gazebo_ros2_control/share/gazebo_ros2_control/hook/cmake_prefix_path.ps1'
[0.813s] INFO:colcon.colcon_core.shell:Creating environment descriptor '/home/maneesh/dev_ws/install/gazebo_ros2_control/share/gazebo_ros2_control/hook/cmake_prefix_path.dsv'
[0.813s] INFO:colcon.colcon_core.shell:Creating environment hook '/home/maneesh/dev_ws/install/gazebo_ros2_control/share/gazebo_ros2_control/hook/cmake_prefix_path.sh'
[0.814s] Level 1:colcon.colcon_core.environment:checking '/home/maneesh/dev_ws/install/gazebo_ros2_control/lib'
[0.814s] Level 1:colcon.colcon_core.shell:create_environment_hook('gazebo_ros2_control', 'ld_library_path_lib')
[0.816s] INFO:colcon.colcon_core.shell:Creating environment hook '/home/maneesh/dev_ws/install/gazebo_ros2_control/share/gazebo_ros2_control/hook/ld_library_path_lib.ps1'
[0.816s] INFO:colcon.colcon_core.shell:Creating environment descriptor '/home/maneesh/dev_ws/install/gazebo_ros2_control/share/gazebo_ros2_control/hook/ld_library_path_lib.dsv'
[0.817s] INFO:colcon.colcon_core.shell:Creating environment hook '/home/maneesh/dev_ws/install/gazebo_ros2_control/share/gazebo_ros2_control/hook/ld_library_path_lib.sh'
[0.817s] Level 1:colcon.colcon_core.environment:checking '/home/maneesh/dev_ws/install/gazebo_ros2_control/bin'
[0.817s] Level 1:colcon.colcon_core.environment:checking '/home/maneesh/dev_ws/install/gazebo_ros2_control/lib/pkgconfig/gazebo_ros2_control.pc'
[0.818s] Level 1:colcon.colcon_core.environment:checking '/home/maneesh/dev_ws/install/gazebo_ros2_control/lib/python3.8/site-packages'
[0.818s] Level 1:colcon.colcon_core.environment:checking '/home/maneesh/dev_ws/install/gazebo_ros2_control/bin'
[0.819s] INFO:colcon.colcon_core.shell:Creating package script '/home/maneesh/dev_ws/install/gazebo_ros2_control/share/gazebo_ros2_control/package.ps1'
[0.820s] INFO:colcon.colcon_core.shell:Creating package descriptor '/home/maneesh/dev_ws/install/gazebo_ros2_control/share/gazebo_ros2_control/package.dsv'
[0.821s] INFO:colcon.colcon_core.shell:Creating package script '/home/maneesh/dev_ws/install/gazebo_ros2_control/share/gazebo_ros2_control/package.sh'
[0.822s] INFO:colcon.colcon_core.shell:Creating package script '/home/maneesh/dev_ws/install/gazebo_ros2_control/share/gazebo_ros2_control/package.bash'
[0.823s] INFO:colcon.colcon_core.shell:Creating package script '/home/maneesh/dev_ws/install/gazebo_ros2_control/share/gazebo_ros2_control/package.zsh'
[0.823s] Level 1:colcon.colcon_core.environment:create_file_with_runtime_dependencies(/home/maneesh/dev_ws/install/gazebo_ros2_control/share/colcon-core/packages/gazebo_ros2_control)
[0.824s] INFO:colcon.colcon_ros.task.ament_cmake.build:Building ROS package in '/home/maneesh/dev_ws/src/gazebo_ros2_control/gazebo_ros2_control_demos' with build type 'ament_cmake'
[0.824s] INFO:colcon.colcon_cmake.task.cmake.build:Building CMake package in '/home/maneesh/dev_ws/src/gazebo_ros2_control/gazebo_ros2_control_demos'
[0.826s] INFO:colcon.colcon_core.shell:Skip shell extension 'powershell' for command environment: Not usable outside of PowerShell
[0.826s] DEBUG:colcon.colcon_core.shell:Skip shell extension 'dsv' for command environment
[0.839s] Level 1:colcon.colcon_core.environment:create_environment_scripts_only(web_video_server)
[0.841s] Level 1:colcon.colcon_core.environment:checking '/home/maneesh/dev_ws/install/web_video_server' for CMake module files
[0.842s] Level 1:colcon.colcon_core.environment:checking '/home/maneesh/dev_ws/install/web_video_server' for CMake config files
[0.842s] Level 1:colcon.colcon_core.shell:create_environment_hook('web_video_server', 'cmake_prefix_path')
[0.843s] INFO:colcon.colcon_core.shell:Creating environment hook '/home/maneesh/dev_ws/install/web_video_server/share/web_video_server/hook/cmake_prefix_path.ps1'
[0.844s] INFO:colcon.colcon_core.shell:Creating environment descriptor '/home/maneesh/dev_ws/install/web_video_server/share/web_video_server/hook/cmake_prefix_path.dsv'
[0.844s] INFO:colcon.colcon_core.shell:Creating environment hook '/home/maneesh/dev_ws/install/web_video_server/share/web_video_server/hook/cmake_prefix_path.sh'
[0.845s] Level 1:colcon.colcon_core.environment:checking '/home/maneesh/dev_ws/install/web_video_server/lib'
[0.845s] Level 1:colcon.colcon_core.environment:checking '/home/maneesh/dev_ws/install/web_video_server/bin'
[0.845s] Level 1:colcon.colcon_core.environment:checking '/home/maneesh/dev_ws/install/web_video_server/lib/pkgconfig/web_video_server.pc'
[0.846s] Level 1:colcon.colcon_core.environment:checking '/home/maneesh/dev_ws/install/web_video_server/lib/python3.8/site-packages'
[0.846s] Level 1:colcon.colcon_core.environment:checking '/home/maneesh/dev_ws/install/web_video_server/bin'
[0.847s] INFO:colcon.colcon_core.shell:Creating package script '/home/maneesh/dev_ws/install/web_video_server/share/web_video_server/package.ps1'
[0.848s] INFO:colcon.colcon_core.shell:Creating package descriptor '/home/maneesh/dev_ws/install/web_video_server/share/web_video_server/package.dsv'
[0.848s] INFO:colcon.colcon_core.shell:Creating package script '/home/maneesh/dev_ws/install/web_video_server/share/web_video_server/package.sh'
[0.849s] INFO:colcon.colcon_core.shell:Creating package script '/home/maneesh/dev_ws/install/web_video_server/share/web_video_server/package.bash'
[0.849s] INFO:colcon.colcon_core.shell:Creating package script '/home/maneesh/dev_ws/install/web_video_server/share/web_video_server/package.zsh'
[0.850s] Level 1:colcon.colcon_core.environment:create_file_with_runtime_dependencies(/home/maneesh/dev_ws/install/web_video_server/share/colcon-core/packages/web_video_server)
[0.856s] DEBUG:colcon.colcon_core.event_handler.log_command:Invoking command in '/home/maneesh/dev_ws/build/gazebo_ros2_control_demos': CMAKE_PREFIX_PATH=/home/maneesh/dev_ws/install/gazebo_ros2_control:/home/maneesh/dev_ws/install/web_video_server:/home/maneesh/dev_ws/install/my_bot:/home/maneesh/dev_ws/install/gazebo_ros2_control_demos:/opt/ros/foxy /usr/bin/cmake --build /home/maneesh/dev_ws/build/gazebo_ros2_control_demos -- -j16 -l16
[0.937s] DEBUG:colcon.colcon_core.event_handler.log_command:Invoked command in '/home/maneesh/dev_ws/build/gazebo_ros2_control_demos' returned '0': CMAKE_PREFIX_PATH=/home/maneesh/dev_ws/install/gazebo_ros2_control:/home/maneesh/dev_ws/install/web_video_server:/home/maneesh/dev_ws/install/my_bot:/home/maneesh/dev_ws/install/gazebo_ros2_control_demos:/opt/ros/foxy /usr/bin/cmake --build /home/maneesh/dev_ws/build/gazebo_ros2_control_demos -- -j16 -l16
[0.972s] DEBUG:colcon.colcon_core.event_handler.log_command:Invoking command in '/home/maneesh/dev_ws/build/gazebo_ros2_control_demos': CMAKE_PREFIX_PATH=/home/maneesh/dev_ws/install/gazebo_ros2_control:/home/maneesh/dev_ws/install/web_video_server:/home/maneesh/dev_ws/install/my_bot:/home/maneesh/dev_ws/install/gazebo_ros2_control_demos:/opt/ros/foxy /usr/bin/cmake --install /home/maneesh/dev_ws/build/gazebo_ros2_control_demos
[1.001s] Level 1:colcon.colcon_core.environment:create_environment_scripts_only(gazebo_ros2_control_demos)
[1.003s] Level 1:colcon.colcon_core.environment:checking '/home/maneesh/dev_ws/install/gazebo_ros2_control_demos' for CMake module files
[1.004s] DEBUG:colcon.colcon_core.event_handler.log_command:Invoked command in '/home/maneesh/dev_ws/build/gazebo_ros2_control_demos' returned '0': CMAKE_PREFIX_PATH=/home/maneesh/dev_ws/install/gazebo_ros2_control:/home/maneesh/dev_ws/install/web_video_server:/home/maneesh/dev_ws/install/my_bot:/home/maneesh/dev_ws/install/gazebo_ros2_control_demos:/opt/ros/foxy /usr/bin/cmake --install /home/maneesh/dev_ws/build/gazebo_ros2_control_demos
[1.004s] Level 1:colcon.colcon_core.environment:checking '/home/maneesh/dev_ws/install/gazebo_ros2_control_demos' for CMake config files
[1.005s] Level 1:colcon.colcon_core.shell:create_environment_hook('gazebo_ros2_control_demos', 'cmake_prefix_path')
[1.006s] INFO:colcon.colcon_core.shell:Creating environment hook '/home/maneesh/dev_ws/install/gazebo_ros2_control_demos/share/gazebo_ros2_control_demos/hook/cmake_prefix_path.ps1'
[1.007s] INFO:colcon.colcon_core.shell:Creating environment descriptor '/home/maneesh/dev_ws/install/gazebo_ros2_control_demos/share/gazebo_ros2_control_demos/hook/cmake_prefix_path.dsv'
[1.007s] INFO:colcon.colcon_core.shell:Creating environment hook '/home/maneesh/dev_ws/install/gazebo_ros2_control_demos/share/gazebo_ros2_control_demos/hook/cmake_prefix_path.sh'
[1.008s] Level 1:colcon.colcon_core.environment:checking '/home/maneesh/dev_ws/install/gazebo_ros2_control_demos/lib'
[1.008s] Level 1:colcon.colcon_core.environment:checking '/home/maneesh/dev_ws/install/gazebo_ros2_control_demos/bin'
[1.008s] Level 1:colcon.colcon_core.environment:checking '/home/maneesh/dev_ws/install/gazebo_ros2_control_demos/lib/pkgconfig/gazebo_ros2_control_demos.pc'
[1.008s] Level 1:colcon.colcon_core.environment:checking '/home/maneesh/dev_ws/install/gazebo_ros2_control_demos/lib/python3.8/site-packages'
[1.009s] Level 1:colcon.colcon_core.environment:checking '/home/maneesh/dev_ws/install/gazebo_ros2_control_demos/bin'
[1.010s] INFO:colcon.colcon_core.shell:Creating package script '/home/maneesh/dev_ws/install/gazebo_ros2_control_demos/share/gazebo_ros2_control_demos/package.ps1'
[1.011s] INFO:colcon.colcon_core.shell:Creating package descriptor '/home/maneesh/dev_ws/install/gazebo_ros2_control_demos/share/gazebo_ros2_control_demos/package.dsv'
[1.011s] INFO:colcon.colcon_core.shell:Creating package script '/home/maneesh/dev_ws/install/gazebo_ros2_control_demos/share/gazebo_ros2_control_demos/package.sh'
[1.012s] INFO:colcon.colcon_core.shell:Creating package script '/home/maneesh/dev_ws/install/gazebo_ros2_control_demos/share/gazebo_ros2_control_demos/package.bash'
[1.012s] INFO:colcon.colcon_core.shell:Creating package script '/home/maneesh/dev_ws/install/gazebo_ros2_control_demos/share/gazebo_ros2_control_demos/package.zsh'
[1.012s] Level 1:colcon.colcon_core.environment:create_file_with_runtime_dependencies(/home/maneesh/dev_ws/install/gazebo_ros2_control_demos/share/colcon-core/packages/gazebo_ros2_control_demos)
[1.047s] Level 1:colcon.colcon_core.environment:create_environment_scripts_only(gazebo_ros2_control_demos)
[1.049s] Level 1:colcon.colcon_core.environment:checking '/home/maneesh/dev_ws/install/gazebo_ros2_control_demos' for CMake module files
[1.049s] Level 1:colcon.colcon_core.environment:checking '/home/maneesh/dev_ws/install/gazebo_ros2_control_demos' for CMake config files
[1.049s] Level 1:colcon.colcon_core.shell:create_environment_hook('gazebo_ros2_control_demos', 'cmake_prefix_path')
[1.051s] INFO:colcon.colcon_core.shell:Creating environment hook '/home/maneesh/dev_ws/install/gazebo_ros2_control_demos/share/gazebo_ros2_control_demos/hook/cmake_prefix_path.ps1'
[1.051s] INFO:colcon.colcon_core.shell:Creating environment descriptor '/home/maneesh/dev_ws/install/gazebo_ros2_control_demos/share/gazebo_ros2_control_demos/hook/cmake_prefix_path.dsv'
[1.052s] INFO:colcon.colcon_core.shell:Creating environment hook '/home/maneesh/dev_ws/install/gazebo_ros2_control_demos/share/gazebo_ros2_control_demos/hook/cmake_prefix_path.sh'
[1.052s] Level 1:colcon.colcon_core.environment:checking '/home/maneesh/dev_ws/install/gazebo_ros2_control_demos/lib'
[1.052s] Level 1:colcon.colcon_core.environment:checking '/home/maneesh/dev_ws/install/gazebo_ros2_control_demos/bin'
[1.052s] Level 1:colcon.colcon_core.environment:checking '/home/maneesh/dev_ws/install/gazebo_ros2_control_demos/lib/pkgconfig/gazebo_ros2_control_demos.pc'
[1.052s] Level 1:colcon.colcon_core.environment:checking '/home/maneesh/dev_ws/install/gazebo_ros2_control_demos/lib/python3.8/site-packages'
[1.053s] Level 1:colcon.colcon_core.environment:checking '/home/maneesh/dev_ws/install/gazebo_ros2_control_demos/bin'
[1.054s] INFO:colcon.colcon_core.shell:Creating package script '/home/maneesh/dev_ws/install/gazebo_ros2_control_demos/share/gazebo_ros2_control_demos/package.ps1'
[1.055s] INFO:colcon.colcon_core.shell:Creating package descriptor '/home/maneesh/dev_ws/install/gazebo_ros2_control_demos/share/gazebo_ros2_control_demos/package.dsv'
[1.055s] INFO:colcon.colcon_core.shell:Creating package script '/home/maneesh/dev_ws/install/gazebo_ros2_control_demos/share/gazebo_ros2_control_demos/package.sh'
[1.055s] INFO:colcon.colcon_core.shell:Creating package script '/home/maneesh/dev_ws/install/gazebo_ros2_control_demos/share/gazebo_ros2_control_demos/package.bash'
[1.056s] INFO:colcon.colcon_core.shell:Creating package script '/home/maneesh/dev_ws/install/gazebo_ros2_control_demos/share/gazebo_ros2_control_demos/package.zsh'
[1.056s] Level 1:colcon.colcon_core.environment:create_file_with_runtime_dependencies(/home/maneesh/dev_ws/install/gazebo_ros2_control_demos/share/colcon-core/packages/gazebo_ros2_control_demos)
[1.057s] DEBUG:colcon.colcon_parallel_executor.executor.parallel:closing loop
[1.057s] DEBUG:colcon.colcon_parallel_executor.executor.parallel:loop closed
[1.057s] DEBUG:colcon.colcon_parallel_executor.executor.parallel:run_until_complete finished with '0'
[1.057s] DEBUG:colcon.colcon_core.event_reactor:joining thread
[1.064s] INFO:colcon.colcon_core.plugin_system:Skipping extension 'colcon_notification.desktop_notification.terminal_notifier': Not used on non-Darwin systems
[1.064s] INFO:colcon.colcon_core.plugin_system:Skipping extension 'colcon_notification.desktop_notification.win32': Not used on non-Windows systems
[1.064s] INFO:colcon.colcon_notification.desktop_notification:Sending desktop notification using 'notify2'
[1.086s] DEBUG:colcon.colcon_core.event_reactor:joined thread
[1.088s] INFO:colcon.colcon_core.shell:Creating prefix script '/home/maneesh/dev_ws/install/local_setup.ps1'
[1.089s] INFO:colcon.colcon_core.shell:Creating prefix util module '/home/maneesh/dev_ws/install/_local_setup_util_ps1.py'
[1.091s] INFO:colcon.colcon_core.shell:Creating prefix chain script '/home/maneesh/dev_ws/install/setup.ps1'
[1.092s] INFO:colcon.colcon_core.shell:Creating prefix script '/home/maneesh/dev_ws/install/local_setup.sh'
[1.093s] INFO:colcon.colcon_core.shell:Creating prefix util module '/home/maneesh/dev_ws/install/_local_setup_util_sh.py'
[1.094s] INFO:colcon.colcon_core.shell:Creating prefix chain script '/home/maneesh/dev_ws/install/setup.sh'
[1.095s] INFO:colcon.colcon_core.shell:Creating prefix script '/home/maneesh/dev_ws/install/local_setup.bash'
[1.096s] INFO:colcon.colcon_core.shell:Creating prefix chain script '/home/maneesh/dev_ws/install/setup.bash'
[1.098s] INFO:colcon.colcon_core.shell:Creating prefix script '/home/maneesh/dev_ws/install/local_setup.zsh'
[1.099s] INFO:colcon.colcon_core.shell:Creating prefix chain script '/home/maneesh/dev_ws/install/setup.zsh'
