[0.027s] Invoking command in '/home/maneesh/dev_ws/build/gazebo_ros2_control_demos': CMAKE_PREFIX_PATH=/home/maneesh/dev_ws/install/gazebo_ros2_control:/home/maneesh/dev_ws/install/web_video_server:/home/maneesh/dev_ws/install/my_bot:/home/maneesh/dev_ws/install/gazebo_ros2_control_demos:/opt/ros/foxy /usr/bin/cmake --build /home/maneesh/dev_ws/build/gazebo_ros2_control_demos -- -j16 -l16
[0.095s] [ 20%] Built target example_effort
[0.097s] [ 60%] Built target example_diff_drive
[0.097s] [ 60%] Built target example_gripper
[0.099s] [ 80%] Built target example_velocity
[0.102s] [100%] Built target example_position
[0.114s] Invoked command in '/home/maneesh/dev_ws/build/gazebo_ros2_control_demos' returned '0': CMAKE_PREFIX_PATH=/home/maneesh/dev_ws/install/gazebo_ros2_control:/home/maneesh/dev_ws/install/web_video_server:/home/maneesh/dev_ws/install/my_bot:/home/maneesh/dev_ws/install/gazebo_ros2_control_demos:/opt/ros/foxy /usr/bin/cmake --build /home/maneesh/dev_ws/build/gazebo_ros2_control_demos -- -j16 -l16
[0.148s] Invoking command in '/home/maneesh/dev_ws/build/gazebo_ros2_control_demos': CMAKE_PREFIX_PATH=/home/maneesh/dev_ws/install/gazebo_ros2_control:/home/maneesh/dev_ws/install/web_video_server:/home/maneesh/dev_ws/install/my_bot:/home/maneesh/dev_ws/install/gazebo_ros2_control_demos:/opt/ros/foxy /usr/bin/cmake --install /home/maneesh/dev_ws/build/gazebo_ros2_control_demos
[0.157s] -- Install configuration: ""
[0.157s] -- Execute custom install script
[0.158s] -- Up-to-date symlink: /home/maneesh/dev_ws/install/gazebo_ros2_control_demos/share/gazebo_ros2_control_demos//launch/cart_example_effort.launch.py
[0.158s] -- Up-to-date symlink: /home/maneesh/dev_ws/install/gazebo_ros2_control_demos/share/gazebo_ros2_control_demos//launch/cart_example_position.launch.py
[0.158s] -- Up-to-date symlink: /home/maneesh/dev_ws/install/gazebo_ros2_control_demos/share/gazebo_ros2_control_demos//launch/cart_example_velocity.launch.py
[0.158s] -- Up-to-date symlink: /home/maneesh/dev_ws/install/gazebo_ros2_control_demos/share/gazebo_ros2_control_demos//launch/diff_drive.launch.py
[0.158s] -- Up-to-date symlink: /home/maneesh/dev_ws/install/gazebo_ros2_control_demos/share/gazebo_ros2_control_demos//launch/gripper_mimic_joint_example.launch.py
[0.158s] -- Up-to-date symlink: /home/maneesh/dev_ws/install/gazebo_ros2_control_demos/share/gazebo_ros2_control_demos//config/cartpole_controller.yaml
[0.159s] -- Up-to-date symlink: /home/maneesh/dev_ws/install/gazebo_ros2_control_demos/share/gazebo_ros2_control_demos//config/cartpole_controller_effort.yaml
[0.159s] -- Up-to-date symlink: /home/maneesh/dev_ws/install/gazebo_ros2_control_demos/share/gazebo_ros2_control_demos//config/cartpole_controller_velocity.yaml
[0.159s] -- Up-to-date symlink: /home/maneesh/dev_ws/install/gazebo_ros2_control_demos/share/gazebo_ros2_control_demos//config/diff_drive_controller.yaml
[0.159s] -- Up-to-date symlink: /home/maneesh/dev_ws/install/gazebo_ros2_control_demos/share/gazebo_ros2_control_demos//config/gripper_controller.yaml
[0.159s] -- Up-to-date symlink: /home/maneesh/dev_ws/install/gazebo_ros2_control_demos/share/gazebo_ros2_control_demos//urdf/test_cart_effort.xacro.urdf
[0.160s] -- Up-to-date symlink: /home/maneesh/dev_ws/install/gazebo_ros2_control_demos/share/gazebo_ros2_control_demos//urdf/test_cart_position.xacro.urdf
[0.160s] -- Up-to-date symlink: /home/maneesh/dev_ws/install/gazebo_ros2_control_demos/share/gazebo_ros2_control_demos//urdf/test_cart_velocity.xacro.urdf
[0.160s] -- Up-to-date symlink: /home/maneesh/dev_ws/install/gazebo_ros2_control_demos/share/gazebo_ros2_control_demos//urdf/test_diff_drive.xacro.urdf
[0.160s] -- Up-to-date symlink: /home/maneesh/dev_ws/install/gazebo_ros2_control_demos/share/gazebo_ros2_control_demos//urdf/test_gripper_mimic_joint.xacro.urdf
[0.160s] -- Up-to-date symlink: /home/maneesh/dev_ws/install/gazebo_ros2_control_demos/lib/gazebo_ros2_control_demos/example_position
[0.161s] -- Up-to-date symlink: /home/maneesh/dev_ws/install/gazebo_ros2_control_demos/lib/gazebo_ros2_control_demos/example_velocity
[0.161s] -- Up-to-date symlink: /home/maneesh/dev_ws/install/gazebo_ros2_control_demos/lib/gazebo_ros2_control_demos/example_effort
[0.161s] -- Up-to-date symlink: /home/maneesh/dev_ws/install/gazebo_ros2_control_demos/lib/gazebo_ros2_control_demos/example_gripper
[0.162s] -- Up-to-date symlink: /home/maneesh/dev_ws/install/gazebo_ros2_control_demos/lib/gazebo_ros2_control_demos/example_diff_drive
[0.162s] -- Up-to-date symlink: /home/maneesh/dev_ws/install/gazebo_ros2_control_demos/share/ament_index/resource_index/package_run_dependencies/gazebo_ros2_control_demos
[0.162s] -- Up-to-date symlink: /home/maneesh/dev_ws/install/gazebo_ros2_control_demos/share/ament_index/resource_index/parent_prefix_path/gazebo_ros2_control_demos
[0.162s] -- Up-to-date symlink: /home/maneesh/dev_ws/install/gazebo_ros2_control_demos/share/gazebo_ros2_control_demos/environment/ament_prefix_path.sh
[0.162s] -- Up-to-date symlink: /home/maneesh/dev_ws/install/gazebo_ros2_control_demos/share/gazebo_ros2_control_demos/environment/ament_prefix_path.dsv
[0.163s] -- Up-to-date symlink: /home/maneesh/dev_ws/install/gazebo_ros2_control_demos/share/gazebo_ros2_control_demos/environment/path.sh
[0.163s] -- Up-to-date symlink: /home/maneesh/dev_ws/install/gazebo_ros2_control_demos/share/gazebo_ros2_control_demos/environment/path.dsv
[0.163s] -- Up-to-date symlink: /home/maneesh/dev_ws/install/gazebo_ros2_control_demos/share/gazebo_ros2_control_demos/local_setup.bash
[0.163s] -- Up-to-date symlink: /home/maneesh/dev_ws/install/gazebo_ros2_control_demos/share/gazebo_ros2_control_demos/local_setup.sh
[0.164s] -- Up-to-date symlink: /home/maneesh/dev_ws/install/gazebo_ros2_control_demos/share/gazebo_ros2_control_demos/local_setup.zsh
[0.165s] -- Up-to-date symlink: /home/maneesh/dev_ws/install/gazebo_ros2_control_demos/share/gazebo_ros2_control_demos/local_setup.dsv
[0.165s] -- Symlinking: /home/maneesh/dev_ws/install/gazebo_ros2_control_demos/share/gazebo_ros2_control_demos/package.dsv
[0.174s] -- Up-to-date symlink: /home/maneesh/dev_ws/install/gazebo_ros2_control_demos/share/ament_index/resource_index/packages/gazebo_ros2_control_demos
[0.174s] -- Up-to-date symlink: /home/maneesh/dev_ws/install/gazebo_ros2_control_demos/share/gazebo_ros2_control_demos/cmake/gazebo_ros2_control_demosConfig.cmake
[0.174s] -- Up-to-date symlink: /home/maneesh/dev_ws/install/gazebo_ros2_control_demos/share/gazebo_ros2_control_demos/cmake/gazebo_ros2_control_demosConfig-version.cmake
[0.175s] -- Up-to-date symlink: /home/maneesh/dev_ws/install/gazebo_ros2_control_demos/share/gazebo_ros2_control_demos/package.xml
[0.180s] Invoked command in '/home/maneesh/dev_ws/build/gazebo_ros2_control_demos' returned '0': CMAKE_PREFIX_PATH=/home/maneesh/dev_ws/install/gazebo_ros2_control:/home/maneesh/dev_ws/install/web_video_server:/home/maneesh/dev_ws/install/my_bot:/home/maneesh/dev_ws/install/gazebo_ros2_control_demos:/opt/ros/foxy /usr/bin/cmake --install /home/maneesh/dev_ws/build/gazebo_ros2_control_demos
