[0.238s] DEBUG:colcon:Command line arguments: ['/usr/bin/colcon', 'build', '--symlink-install']
[0.239s] DEBUG:colcon:Parsed command line arguments: Namespace(allow_overriding=[], ament_cmake_args=None, base_paths=['.'], build_base='build', catkin_cmake_args=None, catkin_skip_building_tests=False, cmake_args=None, cmake_clean_cache=False, cmake_clean_first=False, cmake_force_configure=False, cmake_target=None, cmake_target_skip_unavailable=False, continue_on_error=False, event_handlers=None, executor='parallel', ignore_user_meta=False, install_base='install', log_base=None, log_level=None, main=<bound method BuildVerb.main of <colcon_core.verb.build.BuildVerb object at 0x7f6c57b40fd0>>, merge_install=False, metas=['./colcon.meta'], packages_above=None, packages_above_and_dependencies=None, packages_above_depth=None, packages_end=None, packages_ignore=None, packages_ignore_regex=None, packages_select=None, packages_select_build_failed=False, packages_select_by_dep=None, packages_select_regex=None, packages_select_test_failures=False, packages_skip=None, packages_skip_build_finished=False, packages_skip_by_dep=None, packages_skip_regex=None, packages_skip_test_passed=False, packages_skip_up_to=None, packages_start=None, packages_up_to=None, packages_up_to_regex=None, parallel_workers=16, paths=None, symlink_install=True, test_result_base=None, verb_extension=<colcon_core.verb.build.BuildVerb object at 0x7f6c57b40fd0>, verb_name='build', verb_parser=<colcon_defaults.argument_parser.defaults.DefaultArgumentsDecorator object at 0x7f6c57b4a520>)
[0.260s] Level 1:colcon.colcon_core.package_discovery:discover_packages(colcon_meta) check parameters
[0.260s] Level 1:colcon.colcon_core.package_discovery:discover_packages(recursive) check parameters
[0.260s] Level 1:colcon.colcon_core.package_discovery:discover_packages(ignore) check parameters
[0.260s] Level 1:colcon.colcon_core.package_discovery:discover_packages(path) check parameters
[0.260s] Level 1:colcon.colcon_core.package_discovery:discover_packages(colcon_meta) discover
[0.260s] Level 1:colcon.colcon_core.package_discovery:discover_packages(recursive) discover
[0.260s] INFO:colcon.colcon_core.package_discovery:Crawling recursively for packages in '/home/maneesh/dev_ws'
[0.260s] Level 1:colcon.colcon_core.package_identification:_identify(.) by extensions ['ignore', 'ignore_ament_install']
[0.260s] Level 1:colcon.colcon_core.package_identification:_identify(.) by extension 'ignore'
[0.260s] Level 1:colcon.colcon_core.package_identification:_identify(.) by extension 'ignore_ament_install'
[0.260s] Level 1:colcon.colcon_core.package_identification:_identify(.) by extensions ['colcon_pkg']
[0.260s] Level 1:colcon.colcon_core.package_identification:_identify(.) by extension 'colcon_pkg'
[0.260s] Level 1:colcon.colcon_core.package_identification:_identify(.) by extensions ['colcon_meta']
[0.260s] Level 1:colcon.colcon_core.package_identification:_identify(.) by extension 'colcon_meta'
[0.260s] Level 1:colcon.colcon_core.package_identification:_identify(.) by extensions ['ros']
[0.261s] Level 1:colcon.colcon_core.package_identification:_identify(.) by extension 'ros'
[0.285s] Level 1:colcon.colcon_core.package_identification:_identify(.) by extensions ['cmake', 'python']
[0.285s] Level 1:colcon.colcon_core.package_identification:_identify(.) by extension 'cmake'
[0.285s] Level 1:colcon.colcon_core.package_identification:_identify(.) by extension 'python'
[0.285s] Level 1:colcon.colcon_core.package_identification:_identify(.) by extensions ['python_setup_py']
[0.286s] Level 1:colcon.colcon_core.package_identification:_identify(.) by extension 'python_setup_py'
[0.286s] Level 1:colcon.colcon_core.package_identification:_identify(build) by extensions ['ignore', 'ignore_ament_install']
[0.286s] Level 1:colcon.colcon_core.package_identification:_identify(build) by extension 'ignore'
[0.286s] Level 1:colcon.colcon_core.package_identification:_identify(build) ignored
[0.286s] Level 1:colcon.colcon_core.package_identification:_identify(install) by extensions ['ignore', 'ignore_ament_install']
[0.286s] Level 1:colcon.colcon_core.package_identification:_identify(install) by extension 'ignore'
[0.286s] Level 1:colcon.colcon_core.package_identification:_identify(install) ignored
[0.286s] Level 1:colcon.colcon_core.package_identification:_identify(log) by extensions ['ignore', 'ignore_ament_install']
[0.286s] Level 1:colcon.colcon_core.package_identification:_identify(log) by extension 'ignore'
[0.286s] Level 1:colcon.colcon_core.package_identification:_identify(log) ignored
[0.286s] Level 1:colcon.colcon_core.package_identification:_identify(src) by extensions ['ignore', 'ignore_ament_install']
[0.286s] Level 1:colcon.colcon_core.package_identification:_identify(src) by extension 'ignore'
[0.286s] Level 1:colcon.colcon_core.package_identification:_identify(src) by extension 'ignore_ament_install'
[0.286s] Level 1:colcon.colcon_core.package_identification:_identify(src) by extensions ['colcon_pkg']
[0.286s] Level 1:colcon.colcon_core.package_identification:_identify(src) by extension 'colcon_pkg'
[0.287s] Level 1:colcon.colcon_core.package_identification:_identify(src) by extensions ['colcon_meta']
[0.287s] Level 1:colcon.colcon_core.package_identification:_identify(src) by extension 'colcon_meta'
[0.287s] Level 1:colcon.colcon_core.package_identification:_identify(src) by extensions ['ros']
[0.287s] Level 1:colcon.colcon_core.package_identification:_identify(src) by extension 'ros'
[0.287s] Level 1:colcon.colcon_core.package_identification:_identify(src) by extensions ['cmake', 'python']
[0.287s] Level 1:colcon.colcon_core.package_identification:_identify(src) by extension 'cmake'
[0.287s] Level 1:colcon.colcon_core.package_identification:_identify(src) by extension 'python'
[0.287s] Level 1:colcon.colcon_core.package_identification:_identify(src) by extensions ['python_setup_py']
[0.287s] Level 1:colcon.colcon_core.package_identification:_identify(src) by extension 'python_setup_py'
[0.287s] Level 1:colcon.colcon_core.package_identification:_identify(src/gazebo_ros2_control) by extensions ['ignore', 'ignore_ament_install']
[0.287s] Level 1:colcon.colcon_core.package_identification:_identify(src/gazebo_ros2_control) by extension 'ignore'
[0.287s] Level 1:colcon.colcon_core.package_identification:_identify(src/gazebo_ros2_control) by extension 'ignore_ament_install'
[0.287s] Level 1:colcon.colcon_core.package_identification:_identify(src/gazebo_ros2_control) by extensions ['colcon_pkg']
[0.287s] Level 1:colcon.colcon_core.package_identification:_identify(src/gazebo_ros2_control) by extension 'colcon_pkg'
[0.287s] Level 1:colcon.colcon_core.package_identification:_identify(src/gazebo_ros2_control) by extensions ['colcon_meta']
[0.287s] Level 1:colcon.colcon_core.package_identification:_identify(src/gazebo_ros2_control) by extension 'colcon_meta'
[0.287s] Level 1:colcon.colcon_core.package_identification:_identify(src/gazebo_ros2_control) by extensions ['ros']
[0.287s] Level 1:colcon.colcon_core.package_identification:_identify(src/gazebo_ros2_control) by extension 'ros'
[0.287s] Level 1:colcon.colcon_core.package_identification:_identify(src/gazebo_ros2_control) by extensions ['cmake', 'python']
[0.287s] Level 1:colcon.colcon_core.package_identification:_identify(src/gazebo_ros2_control) by extension 'cmake'
[0.287s] Level 1:colcon.colcon_core.package_identification:_identify(src/gazebo_ros2_control) by extension 'python'
[0.287s] Level 1:colcon.colcon_core.package_identification:_identify(src/gazebo_ros2_control) by extensions ['python_setup_py']
[0.287s] Level 1:colcon.colcon_core.package_identification:_identify(src/gazebo_ros2_control) by extension 'python_setup_py'
[0.287s] Level 1:colcon.colcon_core.package_identification:_identify(src/gazebo_ros2_control/Docker) by extensions ['ignore', 'ignore_ament_install']
[0.287s] Level 1:colcon.colcon_core.package_identification:_identify(src/gazebo_ros2_control/Docker) by extension 'ignore'
[0.287s] Level 1:colcon.colcon_core.package_identification:_identify(src/gazebo_ros2_control/Docker) by extension 'ignore_ament_install'
[0.287s] Level 1:colcon.colcon_core.package_identification:_identify(src/gazebo_ros2_control/Docker) by extensions ['colcon_pkg']
[0.287s] Level 1:colcon.colcon_core.package_identification:_identify(src/gazebo_ros2_control/Docker) by extension 'colcon_pkg'
[0.288s] Level 1:colcon.colcon_core.package_identification:_identify(src/gazebo_ros2_control/Docker) by extensions ['colcon_meta']
[0.288s] Level 1:colcon.colcon_core.package_identification:_identify(src/gazebo_ros2_control/Docker) by extension 'colcon_meta'
[0.288s] Level 1:colcon.colcon_core.package_identification:_identify(src/gazebo_ros2_control/Docker) by extensions ['ros']
[0.288s] Level 1:colcon.colcon_core.package_identification:_identify(src/gazebo_ros2_control/Docker) by extension 'ros'
[0.288s] Level 1:colcon.colcon_core.package_identification:_identify(src/gazebo_ros2_control/Docker) by extensions ['cmake', 'python']
[0.288s] Level 1:colcon.colcon_core.package_identification:_identify(src/gazebo_ros2_control/Docker) by extension 'cmake'
[0.288s] Level 1:colcon.colcon_core.package_identification:_identify(src/gazebo_ros2_control/Docker) by extension 'python'
[0.288s] Level 1:colcon.colcon_core.package_identification:_identify(src/gazebo_ros2_control/Docker) by extensions ['python_setup_py']
[0.288s] Level 1:colcon.colcon_core.package_identification:_identify(src/gazebo_ros2_control/Docker) by extension 'python_setup_py'
[0.288s] Level 1:colcon.colcon_core.package_identification:_identify(src/gazebo_ros2_control/gazebo_ros2_control) by extensions ['ignore', 'ignore_ament_install']
[0.288s] Level 1:colcon.colcon_core.package_identification:_identify(src/gazebo_ros2_control/gazebo_ros2_control) by extension 'ignore'
[0.288s] Level 1:colcon.colcon_core.package_identification:_identify(src/gazebo_ros2_control/gazebo_ros2_control) by extension 'ignore_ament_install'
[0.288s] Level 1:colcon.colcon_core.package_identification:_identify(src/gazebo_ros2_control/gazebo_ros2_control) by extensions ['colcon_pkg']
[0.288s] Level 1:colcon.colcon_core.package_identification:_identify(src/gazebo_ros2_control/gazebo_ros2_control) by extension 'colcon_pkg'
[0.288s] Level 1:colcon.colcon_core.package_identification:_identify(src/gazebo_ros2_control/gazebo_ros2_control) by extensions ['colcon_meta']
[0.288s] Level 1:colcon.colcon_core.package_identification:_identify(src/gazebo_ros2_control/gazebo_ros2_control) by extension 'colcon_meta'
[0.288s] Level 1:colcon.colcon_core.package_identification:_identify(src/gazebo_ros2_control/gazebo_ros2_control) by extensions ['ros']
[0.288s] Level 1:colcon.colcon_core.package_identification:_identify(src/gazebo_ros2_control/gazebo_ros2_control) by extension 'ros'
[0.291s] DEBUG:colcon.colcon_core.package_identification:Package 'src/gazebo_ros2_control/gazebo_ros2_control' with type 'ros.ament_cmake' and name 'gazebo_ros2_control'
[0.291s] Level 1:colcon.colcon_core.package_identification:_identify(src/gazebo_ros2_control/gazebo_ros2_control_demos) by extensions ['ignore', 'ignore_ament_install']
[0.291s] Level 1:colcon.colcon_core.package_identification:_identify(src/gazebo_ros2_control/gazebo_ros2_control_demos) by extension 'ignore'
[0.291s] Level 1:colcon.colcon_core.package_identification:_identify(src/gazebo_ros2_control/gazebo_ros2_control_demos) by extension 'ignore_ament_install'
[0.291s] Level 1:colcon.colcon_core.package_identification:_identify(src/gazebo_ros2_control/gazebo_ros2_control_demos) by extensions ['colcon_pkg']
[0.291s] Level 1:colcon.colcon_core.package_identification:_identify(src/gazebo_ros2_control/gazebo_ros2_control_demos) by extension 'colcon_pkg'
[0.291s] Level 1:colcon.colcon_core.package_identification:_identify(src/gazebo_ros2_control/gazebo_ros2_control_demos) by extensions ['colcon_meta']
[0.291s] Level 1:colcon.colcon_core.package_identification:_identify(src/gazebo_ros2_control/gazebo_ros2_control_demos) by extension 'colcon_meta'
[0.291s] Level 1:colcon.colcon_core.package_identification:_identify(src/gazebo_ros2_control/gazebo_ros2_control_demos) by extensions ['ros']
[0.291s] Level 1:colcon.colcon_core.package_identification:_identify(src/gazebo_ros2_control/gazebo_ros2_control_demos) by extension 'ros'
[0.292s] DEBUG:colcon.colcon_core.package_identification:Package 'src/gazebo_ros2_control/gazebo_ros2_control_demos' with type 'ros.ament_cmake' and name 'gazebo_ros2_control_demos'
[0.292s] Level 1:colcon.colcon_core.package_identification:_identify(src/gazebo_ros2_control/img) by extensions ['ignore', 'ignore_ament_install']
[0.292s] Level 1:colcon.colcon_core.package_identification:_identify(src/gazebo_ros2_control/img) by extension 'ignore'
[0.292s] Level 1:colcon.colcon_core.package_identification:_identify(src/gazebo_ros2_control/img) by extension 'ignore_ament_install'
[0.292s] Level 1:colcon.colcon_core.package_identification:_identify(src/gazebo_ros2_control/img) by extensions ['colcon_pkg']
[0.292s] Level 1:colcon.colcon_core.package_identification:_identify(src/gazebo_ros2_control/img) by extension 'colcon_pkg'
[0.292s] Level 1:colcon.colcon_core.package_identification:_identify(src/gazebo_ros2_control/img) by extensions ['colcon_meta']
[0.292s] Level 1:colcon.colcon_core.package_identification:_identify(src/gazebo_ros2_control/img) by extension 'colcon_meta'
[0.292s] Level 1:colcon.colcon_core.package_identification:_identify(src/gazebo_ros2_control/img) by extensions ['ros']
[0.292s] Level 1:colcon.colcon_core.package_identification:_identify(src/gazebo_ros2_control/img) by extension 'ros'
[0.292s] Level 1:colcon.colcon_core.package_identification:_identify(src/gazebo_ros2_control/img) by extensions ['cmake', 'python']
[0.292s] Level 1:colcon.colcon_core.package_identification:_identify(src/gazebo_ros2_control/img) by extension 'cmake'
[0.293s] Level 1:colcon.colcon_core.package_identification:_identify(src/gazebo_ros2_control/img) by extension 'python'
[0.293s] Level 1:colcon.colcon_core.package_identification:_identify(src/gazebo_ros2_control/img) by extensions ['python_setup_py']
[0.293s] Level 1:colcon.colcon_core.package_identification:_identify(src/gazebo_ros2_control/img) by extension 'python_setup_py'
[0.293s] Level 1:colcon.colcon_core.package_identification:_identify(src/my_bot) by extensions ['ignore', 'ignore_ament_install']
[0.293s] Level 1:colcon.colcon_core.package_identification:_identify(src/my_bot) by extension 'ignore'
[0.293s] Level 1:colcon.colcon_core.package_identification:_identify(src/my_bot) by extension 'ignore_ament_install'
[0.293s] Level 1:colcon.colcon_core.package_identification:_identify(src/my_bot) by extensions ['colcon_pkg']
[0.293s] Level 1:colcon.colcon_core.package_identification:_identify(src/my_bot) by extension 'colcon_pkg'
[0.293s] Level 1:colcon.colcon_core.package_identification:_identify(src/my_bot) by extensions ['colcon_meta']
[0.293s] Level 1:colcon.colcon_core.package_identification:_identify(src/my_bot) by extension 'colcon_meta'
[0.293s] Level 1:colcon.colcon_core.package_identification:_identify(src/my_bot) by extensions ['ros']
[0.293s] Level 1:colcon.colcon_core.package_identification:_identify(src/my_bot) by extension 'ros'
[0.293s] DEBUG:colcon.colcon_core.package_identification:Package 'src/my_bot' with type 'ros.ament_cmake' and name 'my_bot'
[0.293s] Level 1:colcon.colcon_core.package_identification:_identify(src/web_video_server) by extensions ['ignore', 'ignore_ament_install']
[0.293s] Level 1:colcon.colcon_core.package_identification:_identify(src/web_video_server) by extension 'ignore'
[0.293s] Level 1:colcon.colcon_core.package_identification:_identify(src/web_video_server) by extension 'ignore_ament_install'
[0.293s] Level 1:colcon.colcon_core.package_identification:_identify(src/web_video_server) by extensions ['colcon_pkg']
[0.293s] Level 1:colcon.colcon_core.package_identification:_identify(src/web_video_server) by extension 'colcon_pkg'
[0.293s] Level 1:colcon.colcon_core.package_identification:_identify(src/web_video_server) by extensions ['colcon_meta']
[0.294s] Level 1:colcon.colcon_core.package_identification:_identify(src/web_video_server) by extension 'colcon_meta'
[0.294s] Level 1:colcon.colcon_core.package_identification:_identify(src/web_video_server) by extensions ['ros']
[0.294s] Level 1:colcon.colcon_core.package_identification:_identify(src/web_video_server) by extension 'ros'
[0.294s] DEBUG:colcon.colcon_core.package_identification:Package 'src/web_video_server' with type 'ros.ament_cmake' and name 'web_video_server'
[0.294s] Level 1:colcon.colcon_core.package_discovery:discover_packages(recursive) using defaults
[0.294s] Level 1:colcon.colcon_core.package_discovery:discover_packages(ignore) discover
[0.294s] Level 1:colcon.colcon_core.package_discovery:discover_packages(ignore) using defaults
[0.294s] Level 1:colcon.colcon_core.package_discovery:discover_packages(path) discover
[0.294s] Level 1:colcon.colcon_core.package_discovery:discover_packages(path) using defaults
[0.311s] Level 1:colcon.colcon_core.package_discovery:discover_packages(prefix_path) check parameters
[0.311s] Level 1:colcon.colcon_core.package_discovery:discover_packages(prefix_path) discover
[0.313s] DEBUG:colcon.colcon_installed_package_information.package_discovery:Found 4 installed packages in /home/maneesh/dev_ws/install
[0.315s] DEBUG:colcon.colcon_installed_package_information.package_discovery:Found 347 installed packages in /opt/ros/foxy
[0.317s] Level 1:colcon.colcon_core.package_discovery:discover_packages(prefix_path) using defaults
[0.377s] Level 5:colcon.colcon_core.verb:set package 'my_bot' build argument 'cmake_args' from command line to 'None'
[0.377s] Level 5:colcon.colcon_core.verb:set package 'my_bot' build argument 'cmake_target' from command line to 'None'
[0.377s] Level 5:colcon.colcon_core.verb:set package 'my_bot' build argument 'cmake_target_skip_unavailable' from command line to 'False'
[0.377s] Level 5:colcon.colcon_core.verb:set package 'my_bot' build argument 'cmake_clean_cache' from command line to 'False'
[0.377s] Level 5:colcon.colcon_core.verb:set package 'my_bot' build argument 'cmake_clean_first' from command line to 'False'
[0.377s] Level 5:colcon.colcon_core.verb:set package 'my_bot' build argument 'cmake_force_configure' from command line to 'False'
[0.377s] Level 5:colcon.colcon_core.verb:set package 'my_bot' build argument 'ament_cmake_args' from command line to 'None'
[0.377s] Level 5:colcon.colcon_core.verb:set package 'my_bot' build argument 'catkin_cmake_args' from command line to 'None'
[0.377s] Level 5:colcon.colcon_core.verb:set package 'my_bot' build argument 'catkin_skip_building_tests' from command line to 'False'
[0.377s] DEBUG:colcon.colcon_core.verb:Building package 'my_bot' with the following arguments: {'ament_cmake_args': None, 'build_base': '/home/maneesh/dev_ws/build/my_bot', 'catkin_cmake_args': None, 'catkin_skip_building_tests': False, 'cmake_args': None, 'cmake_clean_cache': False, 'cmake_clean_first': False, 'cmake_force_configure': False, 'cmake_target': None, 'cmake_target_skip_unavailable': False, 'install_base': '/home/maneesh/dev_ws/install/my_bot', 'merge_install': False, 'path': '/home/maneesh/dev_ws/src/my_bot', 'symlink_install': True, 'test_result_base': None}
[0.378s] Level 5:colcon.colcon_core.verb:set package 'gazebo_ros2_control' build argument 'cmake_args' from command line to 'None'
[0.378s] Level 5:colcon.colcon_core.verb:set package 'gazebo_ros2_control' build argument 'cmake_target' from command line to 'None'
[0.378s] Level 5:colcon.colcon_core.verb:set package 'gazebo_ros2_control' build argument 'cmake_target_skip_unavailable' from command line to 'False'
[0.378s] Level 5:colcon.colcon_core.verb:set package 'gazebo_ros2_control' build argument 'cmake_clean_cache' from command line to 'False'
[0.378s] Level 5:colcon.colcon_core.verb:set package 'gazebo_ros2_control' build argument 'cmake_clean_first' from command line to 'False'
[0.378s] Level 5:colcon.colcon_core.verb:set package 'gazebo_ros2_control' build argument 'cmake_force_configure' from command line to 'False'
[0.378s] Level 5:colcon.colcon_core.verb:set package 'gazebo_ros2_control' build argument 'ament_cmake_args' from command line to 'None'
[0.378s] Level 5:colcon.colcon_core.verb:set package 'gazebo_ros2_control' build argument 'catkin_cmake_args' from command line to 'None'
[0.378s] Level 5:colcon.colcon_core.verb:set package 'gazebo_ros2_control' build argument 'catkin_skip_building_tests' from command line to 'False'
[0.378s] DEBUG:colcon.colcon_core.verb:Building package 'gazebo_ros2_control' with the following arguments: {'ament_cmake_args': None, 'build_base': '/home/maneesh/dev_ws/build/gazebo_ros2_control', 'catkin_cmake_args': None, 'catkin_skip_building_tests': False, 'cmake_args': None, 'cmake_clean_cache': False, 'cmake_clean_first': False, 'cmake_force_configure': False, 'cmake_target': None, 'cmake_target_skip_unavailable': False, 'install_base': '/home/maneesh/dev_ws/install/gazebo_ros2_control', 'merge_install': False, 'path': '/home/maneesh/dev_ws/src/gazebo_ros2_control/gazebo_ros2_control', 'symlink_install': True, 'test_result_base': None}
[0.380s] Level 5:colcon.colcon_core.verb:set package 'web_video_server' build argument 'cmake_args' from command line to 'None'
[0.380s] Level 5:colcon.colcon_core.verb:set package 'web_video_server' build argument 'cmake_target' from command line to 'None'
[0.380s] Level 5:colcon.colcon_core.verb:set package 'web_video_server' build argument 'cmake_target_skip_unavailable' from command line to 'False'
[0.380s] Level 5:colcon.colcon_core.verb:set package 'web_video_server' build argument 'cmake_clean_cache' from command line to 'False'
[0.380s] Level 5:colcon.colcon_core.verb:set package 'web_video_server' build argument 'cmake_clean_first' from command line to 'False'
[0.380s] Level 5:colcon.colcon_core.verb:set package 'web_video_server' build argument 'cmake_force_configure' from command line to 'False'
[0.380s] Level 5:colcon.colcon_core.verb:set package 'web_video_server' build argument 'ament_cmake_args' from command line to 'None'
[0.380s] Level 5:colcon.colcon_core.verb:set package 'web_video_server' build argument 'catkin_cmake_args' from command line to 'None'
[0.380s] Level 5:colcon.colcon_core.verb:set package 'web_video_server' build argument 'catkin_skip_building_tests' from command line to 'False'
[0.380s] DEBUG:colcon.colcon_core.verb:Building package 'web_video_server' with the following arguments: {'ament_cmake_args': None, 'build_base': '/home/maneesh/dev_ws/build/web_video_server', 'catkin_cmake_args': None, 'catkin_skip_building_tests': False, 'cmake_args': None, 'cmake_clean_cache': False, 'cmake_clean_first': False, 'cmake_force_configure': False, 'cmake_target': None, 'cmake_target_skip_unavailable': False, 'install_base': '/home/maneesh/dev_ws/install/web_video_server', 'merge_install': False, 'path': '/home/maneesh/dev_ws/src/web_video_server', 'symlink_install': True, 'test_result_base': None}
[0.381s] Level 5:colcon.colcon_core.verb:set package 'gazebo_ros2_control_demos' build argument 'cmake_args' from command line to 'None'
[0.381s] Level 5:colcon.colcon_core.verb:set package 'gazebo_ros2_control_demos' build argument 'cmake_target' from command line to 'None'
[0.381s] Level 5:colcon.colcon_core.verb:set package 'gazebo_ros2_control_demos' build argument 'cmake_target_skip_unavailable' from command line to 'False'
[0.381s] Level 5:colcon.colcon_core.verb:set package 'gazebo_ros2_control_demos' build argument 'cmake_clean_cache' from command line to 'False'
[0.381s] Level 5:colcon.colcon_core.verb:set package 'gazebo_ros2_control_demos' build argument 'cmake_clean_first' from command line to 'False'
[0.381s] Level 5:colcon.colcon_core.verb:set package 'gazebo_ros2_control_demos' build argument 'cmake_force_configure' from command line to 'False'
[0.381s] Level 5:colcon.colcon_core.verb:set package 'gazebo_ros2_control_demos' build argument 'ament_cmake_args' from command line to 'None'
[0.381s] Level 5:colcon.colcon_core.verb:set package 'gazebo_ros2_control_demos' build argument 'catkin_cmake_args' from command line to 'None'
[0.381s] Level 5:colcon.colcon_core.verb:set package 'gazebo_ros2_control_demos' build argument 'catkin_skip_building_tests' from command line to 'False'
[0.381s] DEBUG:colcon.colcon_core.verb:Building package 'gazebo_ros2_control_demos' with the following arguments: {'ament_cmake_args': None, 'build_base': '/home/maneesh/dev_ws/build/gazebo_ros2_control_demos', 'catkin_cmake_args': None, 'catkin_skip_building_tests': False, 'cmake_args': None, 'cmake_clean_cache': False, 'cmake_clean_first': False, 'cmake_force_configure': False, 'cmake_target': None, 'cmake_target_skip_unavailable': False, 'install_base': '/home/maneesh/dev_ws/install/gazebo_ros2_control_demos', 'merge_install': False, 'path': '/home/maneesh/dev_ws/src/gazebo_ros2_control/gazebo_ros2_control_demos', 'symlink_install': True, 'test_result_base': None}
[0.382s] INFO:colcon.colcon_core.executor:Executing jobs using 'parallel' executor
[0.385s] DEBUG:colcon.colcon_parallel_executor.executor.parallel:run_until_complete
[0.385s] INFO:colcon.colcon_ros.task.ament_cmake.build:Building ROS package in '/home/maneesh/dev_ws/src/gazebo_ros2_control/gazebo_ros2_control' with build type 'ament_cmake'
[0.385s] INFO:colcon.colcon_cmake.task.cmake.build:Building CMake package in '/home/maneesh/dev_ws/src/gazebo_ros2_control/gazebo_ros2_control'
[0.389s] INFO:colcon.colcon_core.plugin_system:Skipping extension 'colcon_core.shell.bat': Not used on non-Windows systems
[0.389s] INFO:colcon.colcon_core.shell:Skip shell extension 'powershell' for command environment: Not usable outside of PowerShell
[0.389s] DEBUG:colcon.colcon_core.shell:Skip shell extension 'dsv' for command environment
[0.397s] INFO:colcon.colcon_ros.task.ament_cmake.build:Building ROS package in '/home/maneesh/dev_ws/src/my_bot' with build type 'ament_cmake'
[0.397s] INFO:colcon.colcon_cmake.task.cmake.build:Building CMake package in '/home/maneesh/dev_ws/src/my_bot'
[0.399s] INFO:colcon.colcon_core.shell:Skip shell extension 'powershell' for command environment: Not usable outside of PowerShell
[0.399s] DEBUG:colcon.colcon_core.shell:Skip shell extension 'dsv' for command environment
[0.407s] INFO:colcon.colcon_ros.task.ament_cmake.build:Building ROS package in '/home/maneesh/dev_ws/src/web_video_server' with build type 'ament_cmake'
[0.408s] INFO:colcon.colcon_cmake.task.cmake.build:Building CMake package in '/home/maneesh/dev_ws/src/web_video_server'
[0.411s] INFO:colcon.colcon_core.shell:Skip shell extension 'powershell' for command environment: Not usable outside of PowerShell
[0.411s] DEBUG:colcon.colcon_core.shell:Skip shell extension 'dsv' for command environment
[0.429s] DEBUG:colcon.colcon_core.event_handler.log_command:Invoking command in '/home/maneesh/dev_ws/build/gazebo_ros2_control': CMAKE_PREFIX_PATH=${CMAKE_PREFIX_PATH}:/opt/ros/foxy /usr/bin/cmake --build /home/maneesh/dev_ws/build/gazebo_ros2_control -- -j16 -l16
[0.435s] DEBUG:colcon.colcon_core.event_handler.log_command:Invoking command in '/home/maneesh/dev_ws/build/my_bot': CMAKE_PREFIX_PATH=${CMAKE_PREFIX_PATH}:/opt/ros/foxy /usr/bin/cmake /home/maneesh/dev_ws/src/my_bot -DAMENT_CMAKE_SYMLINK_INSTALL=1 -DCMAKE_INSTALL_PREFIX=/home/maneesh/dev_ws/install/my_bot
[0.444s] DEBUG:colcon.colcon_core.event_handler.log_command:Invoking command in '/home/maneesh/dev_ws/build/web_video_server': CMAKE_PREFIX_PATH=${CMAKE_PREFIX_PATH}:/opt/ros/foxy /usr/bin/cmake --build /home/maneesh/dev_ws/build/web_video_server -- -j16 -l16
[0.528s] DEBUG:colcon.colcon_core.event_handler.log_command:Invoked command in '/home/maneesh/dev_ws/build/gazebo_ros2_control' returned '0': CMAKE_PREFIX_PATH=${CMAKE_PREFIX_PATH}:/opt/ros/foxy /usr/bin/cmake --build /home/maneesh/dev_ws/build/gazebo_ros2_control -- -j16 -l16
[0.552s] DEBUG:colcon.colcon_core.event_handler.log_command:Invoked command in '/home/maneesh/dev_ws/build/web_video_server' returned '0': CMAKE_PREFIX_PATH=${CMAKE_PREFIX_PATH}:/opt/ros/foxy /usr/bin/cmake --build /home/maneesh/dev_ws/build/web_video_server -- -j16 -l16
[0.577s] DEBUG:colcon.colcon_core.event_handler.log_command:Invoking command in '/home/maneesh/dev_ws/build/gazebo_ros2_control': CMAKE_PREFIX_PATH=${CMAKE_PREFIX_PATH}:/opt/ros/foxy /usr/bin/cmake --install /home/maneesh/dev_ws/build/gazebo_ros2_control
[0.593s] DEBUG:colcon.colcon_core.event_handler.log_command:Invoking command in '/home/maneesh/dev_ws/build/web_video_server': CMAKE_PREFIX_PATH=${CMAKE_PREFIX_PATH}:/opt/ros/foxy /usr/bin/cmake --install /home/maneesh/dev_ws/build/web_video_server
[0.606s] Level 1:colcon.colcon_core.environment:create_environment_scripts_only(gazebo_ros2_control)
[0.607s] DEBUG:colcon.colcon_core.event_handler.log_command:Invoked command in '/home/maneesh/dev_ws/build/gazebo_ros2_control' returned '0': CMAKE_PREFIX_PATH=${CMAKE_PREFIX_PATH}:/opt/ros/foxy /usr/bin/cmake --install /home/maneesh/dev_ws/build/gazebo_ros2_control
[0.612s] Level 1:colcon.colcon_core.environment:checking '/home/maneesh/dev_ws/install/gazebo_ros2_control' for CMake module files
[0.612s] Level 1:colcon.colcon_core.environment:checking '/home/maneesh/dev_ws/install/gazebo_ros2_control' for CMake config files
[0.613s] Level 1:colcon.colcon_core.shell:create_environment_hook('gazebo_ros2_control', 'cmake_prefix_path')
[0.614s] INFO:colcon.colcon_core.shell:Creating environment hook '/home/maneesh/dev_ws/install/gazebo_ros2_control/share/gazebo_ros2_control/hook/cmake_prefix_path.ps1'
[0.615s] INFO:colcon.colcon_core.shell:Creating environment descriptor '/home/maneesh/dev_ws/install/gazebo_ros2_control/share/gazebo_ros2_control/hook/cmake_prefix_path.dsv'
[0.615s] INFO:colcon.colcon_core.shell:Creating environment hook '/home/maneesh/dev_ws/install/gazebo_ros2_control/share/gazebo_ros2_control/hook/cmake_prefix_path.sh'
[0.616s] Level 1:colcon.colcon_core.environment:checking '/home/maneesh/dev_ws/install/gazebo_ros2_control/lib'
[0.616s] Level 1:colcon.colcon_core.shell:create_environment_hook('gazebo_ros2_control', 'ld_library_path_lib')
[0.618s] INFO:colcon.colcon_core.shell:Creating environment hook '/home/maneesh/dev_ws/install/gazebo_ros2_control/share/gazebo_ros2_control/hook/ld_library_path_lib.ps1'
[0.619s] INFO:colcon.colcon_core.shell:Creating environment descriptor '/home/maneesh/dev_ws/install/gazebo_ros2_control/share/gazebo_ros2_control/hook/ld_library_path_lib.dsv'
[0.621s] INFO:colcon.colcon_core.shell:Creating environment hook '/home/maneesh/dev_ws/install/gazebo_ros2_control/share/gazebo_ros2_control/hook/ld_library_path_lib.sh'
[0.621s] Level 1:colcon.colcon_core.environment:checking '/home/maneesh/dev_ws/install/gazebo_ros2_control/bin'
[0.621s] Level 1:colcon.colcon_core.environment:checking '/home/maneesh/dev_ws/install/gazebo_ros2_control/lib/pkgconfig/gazebo_ros2_control.pc'
[0.622s] Level 1:colcon.colcon_core.environment:checking '/home/maneesh/dev_ws/install/gazebo_ros2_control/lib/python3.8/site-packages'
[0.622s] Level 1:colcon.colcon_core.environment:checking '/home/maneesh/dev_ws/install/gazebo_ros2_control/bin'
[0.623s] INFO:colcon.colcon_core.shell:Creating package script '/home/maneesh/dev_ws/install/gazebo_ros2_control/share/gazebo_ros2_control/package.ps1'
[0.624s] INFO:colcon.colcon_core.shell:Creating package descriptor '/home/maneesh/dev_ws/install/gazebo_ros2_control/share/gazebo_ros2_control/package.dsv'
[0.624s] INFO:colcon.colcon_core.shell:Creating package script '/home/maneesh/dev_ws/install/gazebo_ros2_control/share/gazebo_ros2_control/package.sh'
[0.625s] INFO:colcon.colcon_core.shell:Creating package script '/home/maneesh/dev_ws/install/gazebo_ros2_control/share/gazebo_ros2_control/package.bash'
[0.625s] INFO:colcon.colcon_core.shell:Creating package script '/home/maneesh/dev_ws/install/gazebo_ros2_control/share/gazebo_ros2_control/package.zsh'
[0.626s] Level 1:colcon.colcon_core.environment:create_file_with_runtime_dependencies(/home/maneesh/dev_ws/install/gazebo_ros2_control/share/colcon-core/packages/gazebo_ros2_control)
[0.631s] Level 1:colcon.colcon_core.environment:create_environment_scripts_only(web_video_server)
[0.633s] Level 1:colcon.colcon_core.environment:checking '/home/maneesh/dev_ws/install/web_video_server' for CMake module files
[0.634s] DEBUG:colcon.colcon_core.event_handler.log_command:Invoked command in '/home/maneesh/dev_ws/build/web_video_server' returned '0': CMAKE_PREFIX_PATH=${CMAKE_PREFIX_PATH}:/opt/ros/foxy /usr/bin/cmake --install /home/maneesh/dev_ws/build/web_video_server
[0.634s] Level 1:colcon.colcon_core.environment:checking '/home/maneesh/dev_ws/install/web_video_server' for CMake config files
[0.635s] Level 1:colcon.colcon_core.shell:create_environment_hook('web_video_server', 'cmake_prefix_path')
[0.636s] INFO:colcon.colcon_core.shell:Creating environment hook '/home/maneesh/dev_ws/install/web_video_server/share/web_video_server/hook/cmake_prefix_path.ps1'
[0.637s] INFO:colcon.colcon_core.shell:Creating environment descriptor '/home/maneesh/dev_ws/install/web_video_server/share/web_video_server/hook/cmake_prefix_path.dsv'
[0.637s] INFO:colcon.colcon_core.shell:Creating environment hook '/home/maneesh/dev_ws/install/web_video_server/share/web_video_server/hook/cmake_prefix_path.sh'
[0.637s] Level 1:colcon.colcon_core.environment:checking '/home/maneesh/dev_ws/install/web_video_server/lib'
[0.637s] Level 1:colcon.colcon_core.environment:checking '/home/maneesh/dev_ws/install/web_video_server/bin'
[0.637s] Level 1:colcon.colcon_core.environment:checking '/home/maneesh/dev_ws/install/web_video_server/lib/pkgconfig/web_video_server.pc'
[0.638s] Level 1:colcon.colcon_core.environment:checking '/home/maneesh/dev_ws/install/web_video_server/lib/python3.8/site-packages'
[0.638s] Level 1:colcon.colcon_core.environment:checking '/home/maneesh/dev_ws/install/web_video_server/bin'
[0.639s] INFO:colcon.colcon_core.shell:Creating package script '/home/maneesh/dev_ws/install/web_video_server/share/web_video_server/package.ps1'
[0.640s] INFO:colcon.colcon_core.shell:Creating package descriptor '/home/maneesh/dev_ws/install/web_video_server/share/web_video_server/package.dsv'
[0.641s] INFO:colcon.colcon_core.shell:Creating package script '/home/maneesh/dev_ws/install/web_video_server/share/web_video_server/package.sh'
[0.641s] INFO:colcon.colcon_core.shell:Creating package script '/home/maneesh/dev_ws/install/web_video_server/share/web_video_server/package.bash'
[0.642s] INFO:colcon.colcon_core.shell:Creating package script '/home/maneesh/dev_ws/install/web_video_server/share/web_video_server/package.zsh'
[0.642s] Level 1:colcon.colcon_core.environment:create_file_with_runtime_dependencies(/home/maneesh/dev_ws/install/web_video_server/share/colcon-core/packages/web_video_server)
[0.656s] Level 1:colcon.colcon_core.environment:create_environment_scripts_only(gazebo_ros2_control)
[0.657s] Level 1:colcon.colcon_core.environment:checking '/home/maneesh/dev_ws/install/gazebo_ros2_control' for CMake module files
[0.658s] Level 1:colcon.colcon_core.environment:checking '/home/maneesh/dev_ws/install/gazebo_ros2_control' for CMake config files
[0.658s] Level 1:colcon.colcon_core.shell:create_environment_hook('gazebo_ros2_control', 'cmake_prefix_path')
[0.659s] INFO:colcon.colcon_core.shell:Creating environment hook '/home/maneesh/dev_ws/install/gazebo_ros2_control/share/gazebo_ros2_control/hook/cmake_prefix_path.ps1'
[0.660s] INFO:colcon.colcon_core.shell:Creating environment descriptor '/home/maneesh/dev_ws/install/gazebo_ros2_control/share/gazebo_ros2_control/hook/cmake_prefix_path.dsv'
[0.660s] INFO:colcon.colcon_core.shell:Creating environment hook '/home/maneesh/dev_ws/install/gazebo_ros2_control/share/gazebo_ros2_control/hook/cmake_prefix_path.sh'
[0.661s] Level 1:colcon.colcon_core.environment:checking '/home/maneesh/dev_ws/install/gazebo_ros2_control/lib'
[0.661s] Level 1:colcon.colcon_core.shell:create_environment_hook('gazebo_ros2_control', 'ld_library_path_lib')
[0.662s] INFO:colcon.colcon_core.shell:Creating environment hook '/home/maneesh/dev_ws/install/gazebo_ros2_control/share/gazebo_ros2_control/hook/ld_library_path_lib.ps1'
[0.662s] INFO:colcon.colcon_core.shell:Creating environment descriptor '/home/maneesh/dev_ws/install/gazebo_ros2_control/share/gazebo_ros2_control/hook/ld_library_path_lib.dsv'
[0.663s] INFO:colcon.colcon_core.shell:Creating environment hook '/home/maneesh/dev_ws/install/gazebo_ros2_control/share/gazebo_ros2_control/hook/ld_library_path_lib.sh'
[0.663s] Level 1:colcon.colcon_core.environment:checking '/home/maneesh/dev_ws/install/gazebo_ros2_control/bin'
[0.663s] Level 1:colcon.colcon_core.environment:checking '/home/maneesh/dev_ws/install/gazebo_ros2_control/lib/pkgconfig/gazebo_ros2_control.pc'
[0.663s] Level 1:colcon.colcon_core.environment:checking '/home/maneesh/dev_ws/install/gazebo_ros2_control/lib/python3.8/site-packages'
[0.663s] Level 1:colcon.colcon_core.environment:checking '/home/maneesh/dev_ws/install/gazebo_ros2_control/bin'
[0.665s] INFO:colcon.colcon_core.shell:Creating package script '/home/maneesh/dev_ws/install/gazebo_ros2_control/share/gazebo_ros2_control/package.ps1'
[0.666s] INFO:colcon.colcon_core.shell:Creating package descriptor '/home/maneesh/dev_ws/install/gazebo_ros2_control/share/gazebo_ros2_control/package.dsv'
[0.666s] INFO:colcon.colcon_core.shell:Creating package script '/home/maneesh/dev_ws/install/gazebo_ros2_control/share/gazebo_ros2_control/package.sh'
[0.666s] INFO:colcon.colcon_core.shell:Creating package script '/home/maneesh/dev_ws/install/gazebo_ros2_control/share/gazebo_ros2_control/package.bash'
[0.668s] INFO:colcon.colcon_core.shell:Creating package script '/home/maneesh/dev_ws/install/gazebo_ros2_control/share/gazebo_ros2_control/package.zsh'
[0.668s] Level 1:colcon.colcon_core.environment:create_file_with_runtime_dependencies(/home/maneesh/dev_ws/install/gazebo_ros2_control/share/colcon-core/packages/gazebo_ros2_control)
[0.669s] INFO:colcon.colcon_ros.task.ament_cmake.build:Building ROS package in '/home/maneesh/dev_ws/src/gazebo_ros2_control/gazebo_ros2_control_demos' with build type 'ament_cmake'
[0.669s] INFO:colcon.colcon_cmake.task.cmake.build:Building CMake package in '/home/maneesh/dev_ws/src/gazebo_ros2_control/gazebo_ros2_control_demos'
[0.670s] INFO:colcon.colcon_core.shell:Skip shell extension 'powershell' for command environment: Not usable outside of PowerShell
[0.670s] DEBUG:colcon.colcon_core.shell:Skip shell extension 'dsv' for command environment
[0.680s] Level 1:colcon.colcon_core.environment:create_environment_scripts_only(web_video_server)
[0.682s] Level 1:colcon.colcon_core.environment:checking '/home/maneesh/dev_ws/install/web_video_server' for CMake module files
[0.682s] Level 1:colcon.colcon_core.environment:checking '/home/maneesh/dev_ws/install/web_video_server' for CMake config files
[0.682s] Level 1:colcon.colcon_core.shell:create_environment_hook('web_video_server', 'cmake_prefix_path')
[0.683s] INFO:colcon.colcon_core.shell:Creating environment hook '/home/maneesh/dev_ws/install/web_video_server/share/web_video_server/hook/cmake_prefix_path.ps1'
[0.684s] INFO:colcon.colcon_core.shell:Creating environment descriptor '/home/maneesh/dev_ws/install/web_video_server/share/web_video_server/hook/cmake_prefix_path.dsv'
[0.684s] INFO:colcon.colcon_core.shell:Creating environment hook '/home/maneesh/dev_ws/install/web_video_server/share/web_video_server/hook/cmake_prefix_path.sh'
[0.685s] Level 1:colcon.colcon_core.environment:checking '/home/maneesh/dev_ws/install/web_video_server/lib'
[0.685s] Level 1:colcon.colcon_core.environment:checking '/home/maneesh/dev_ws/install/web_video_server/bin'
[0.685s] Level 1:colcon.colcon_core.environment:checking '/home/maneesh/dev_ws/install/web_video_server/lib/pkgconfig/web_video_server.pc'
[0.685s] Level 1:colcon.colcon_core.environment:checking '/home/maneesh/dev_ws/install/web_video_server/lib/python3.8/site-packages'
[0.685s] Level 1:colcon.colcon_core.environment:checking '/home/maneesh/dev_ws/install/web_video_server/bin'
[0.687s] INFO:colcon.colcon_core.shell:Creating package script '/home/maneesh/dev_ws/install/web_video_server/share/web_video_server/package.ps1'
[0.687s] INFO:colcon.colcon_core.shell:Creating package descriptor '/home/maneesh/dev_ws/install/web_video_server/share/web_video_server/package.dsv'
[0.688s] INFO:colcon.colcon_core.shell:Creating package script '/home/maneesh/dev_ws/install/web_video_server/share/web_video_server/package.sh'
[0.688s] INFO:colcon.colcon_core.shell:Creating package script '/home/maneesh/dev_ws/install/web_video_server/share/web_video_server/package.bash'
[0.688s] INFO:colcon.colcon_core.shell:Creating package script '/home/maneesh/dev_ws/install/web_video_server/share/web_video_server/package.zsh'
[0.688s] Level 1:colcon.colcon_core.environment:create_file_with_runtime_dependencies(/home/maneesh/dev_ws/install/web_video_server/share/colcon-core/packages/web_video_server)
[0.694s] DEBUG:colcon.colcon_core.event_handler.log_command:Invoking command in '/home/maneesh/dev_ws/build/gazebo_ros2_control_demos': CMAKE_PREFIX_PATH=/home/maneesh/dev_ws/install/gazebo_ros2_control:/home/maneesh/dev_ws/install/web_video_server:/home/maneesh/dev_ws/install/my_bot:/home/maneesh/dev_ws/install/gazebo_ros2_control_demos:/opt/ros/foxy /usr/bin/cmake --build /home/maneesh/dev_ws/build/gazebo_ros2_control_demos -- -j16 -l16
[0.787s] DEBUG:colcon.colcon_core.event_handler.log_command:Invoked command in '/home/maneesh/dev_ws/build/gazebo_ros2_control_demos' returned '0': CMAKE_PREFIX_PATH=/home/maneesh/dev_ws/install/gazebo_ros2_control:/home/maneesh/dev_ws/install/web_video_server:/home/maneesh/dev_ws/install/my_bot:/home/maneesh/dev_ws/install/gazebo_ros2_control_demos:/opt/ros/foxy /usr/bin/cmake --build /home/maneesh/dev_ws/build/gazebo_ros2_control_demos -- -j16 -l16
[0.827s] DEBUG:colcon.colcon_core.event_handler.log_command:Invoking command in '/home/maneesh/dev_ws/build/gazebo_ros2_control_demos': CMAKE_PREFIX_PATH=/home/maneesh/dev_ws/install/gazebo_ros2_control:/home/maneesh/dev_ws/install/web_video_server:/home/maneesh/dev_ws/install/my_bot:/home/maneesh/dev_ws/install/gazebo_ros2_control_demos:/opt/ros/foxy /usr/bin/cmake --install /home/maneesh/dev_ws/build/gazebo_ros2_control_demos
[0.858s] Level 1:colcon.colcon_core.environment:create_environment_scripts_only(gazebo_ros2_control_demos)
[0.861s] Level 1:colcon.colcon_core.environment:checking '/home/maneesh/dev_ws/install/gazebo_ros2_control_demos' for CMake module files
[0.862s] DEBUG:colcon.colcon_core.event_handler.log_command:Invoked command in '/home/maneesh/dev_ws/build/gazebo_ros2_control_demos' returned '0': CMAKE_PREFIX_PATH=/home/maneesh/dev_ws/install/gazebo_ros2_control:/home/maneesh/dev_ws/install/web_video_server:/home/maneesh/dev_ws/install/my_bot:/home/maneesh/dev_ws/install/gazebo_ros2_control_demos:/opt/ros/foxy /usr/bin/cmake --install /home/maneesh/dev_ws/build/gazebo_ros2_control_demos
[0.862s] Level 1:colcon.colcon_core.environment:checking '/home/maneesh/dev_ws/install/gazebo_ros2_control_demos' for CMake config files
[0.862s] Level 1:colcon.colcon_core.shell:create_environment_hook('gazebo_ros2_control_demos', 'cmake_prefix_path')
[0.864s] INFO:colcon.colcon_core.shell:Creating environment hook '/home/maneesh/dev_ws/install/gazebo_ros2_control_demos/share/gazebo_ros2_control_demos/hook/cmake_prefix_path.ps1'
[0.865s] INFO:colcon.colcon_core.shell:Creating environment descriptor '/home/maneesh/dev_ws/install/gazebo_ros2_control_demos/share/gazebo_ros2_control_demos/hook/cmake_prefix_path.dsv'
[0.865s] INFO:colcon.colcon_core.shell:Creating environment hook '/home/maneesh/dev_ws/install/gazebo_ros2_control_demos/share/gazebo_ros2_control_demos/hook/cmake_prefix_path.sh'
[0.866s] Level 1:colcon.colcon_core.environment:checking '/home/maneesh/dev_ws/install/gazebo_ros2_control_demos/lib'
[0.866s] Level 1:colcon.colcon_core.environment:checking '/home/maneesh/dev_ws/install/gazebo_ros2_control_demos/bin'
[0.866s] Level 1:colcon.colcon_core.environment:checking '/home/maneesh/dev_ws/install/gazebo_ros2_control_demos/lib/pkgconfig/gazebo_ros2_control_demos.pc'
[0.866s] Level 1:colcon.colcon_core.environment:checking '/home/maneesh/dev_ws/install/gazebo_ros2_control_demos/lib/python3.8/site-packages'
[0.867s] Level 1:colcon.colcon_core.environment:checking '/home/maneesh/dev_ws/install/gazebo_ros2_control_demos/bin'
[0.868s] INFO:colcon.colcon_core.shell:Creating package script '/home/maneesh/dev_ws/install/gazebo_ros2_control_demos/share/gazebo_ros2_control_demos/package.ps1'
[0.869s] INFO:colcon.colcon_core.shell:Creating package descriptor '/home/maneesh/dev_ws/install/gazebo_ros2_control_demos/share/gazebo_ros2_control_demos/package.dsv'
[0.869s] INFO:colcon.colcon_core.shell:Creating package script '/home/maneesh/dev_ws/install/gazebo_ros2_control_demos/share/gazebo_ros2_control_demos/package.sh'
[0.870s] INFO:colcon.colcon_core.shell:Creating package script '/home/maneesh/dev_ws/install/gazebo_ros2_control_demos/share/gazebo_ros2_control_demos/package.bash'
[0.870s] INFO:colcon.colcon_core.shell:Creating package script '/home/maneesh/dev_ws/install/gazebo_ros2_control_demos/share/gazebo_ros2_control_demos/package.zsh'
[0.870s] Level 1:colcon.colcon_core.environment:create_file_with_runtime_dependencies(/home/maneesh/dev_ws/install/gazebo_ros2_control_demos/share/colcon-core/packages/gazebo_ros2_control_demos)
[0.904s] Level 1:colcon.colcon_core.environment:create_environment_scripts_only(gazebo_ros2_control_demos)
[0.906s] Level 1:colcon.colcon_core.environment:checking '/home/maneesh/dev_ws/install/gazebo_ros2_control_demos' for CMake module files
[0.906s] Level 1:colcon.colcon_core.environment:checking '/home/maneesh/dev_ws/install/gazebo_ros2_control_demos' for CMake config files
[0.906s] Level 1:colcon.colcon_core.shell:create_environment_hook('gazebo_ros2_control_demos', 'cmake_prefix_path')
[0.908s] INFO:colcon.colcon_core.shell:Creating environment hook '/home/maneesh/dev_ws/install/gazebo_ros2_control_demos/share/gazebo_ros2_control_demos/hook/cmake_prefix_path.ps1'
[0.908s] INFO:colcon.colcon_core.shell:Creating environment descriptor '/home/maneesh/dev_ws/install/gazebo_ros2_control_demos/share/gazebo_ros2_control_demos/hook/cmake_prefix_path.dsv'
[0.908s] INFO:colcon.colcon_core.shell:Creating environment hook '/home/maneesh/dev_ws/install/gazebo_ros2_control_demos/share/gazebo_ros2_control_demos/hook/cmake_prefix_path.sh'
[0.909s] Level 1:colcon.colcon_core.environment:checking '/home/maneesh/dev_ws/install/gazebo_ros2_control_demos/lib'
[0.909s] Level 1:colcon.colcon_core.environment:checking '/home/maneesh/dev_ws/install/gazebo_ros2_control_demos/bin'
[0.909s] Level 1:colcon.colcon_core.environment:checking '/home/maneesh/dev_ws/install/gazebo_ros2_control_demos/lib/pkgconfig/gazebo_ros2_control_demos.pc'
[0.909s] Level 1:colcon.colcon_core.environment:checking '/home/maneesh/dev_ws/install/gazebo_ros2_control_demos/lib/python3.8/site-packages'
[0.909s] Level 1:colcon.colcon_core.environment:checking '/home/maneesh/dev_ws/install/gazebo_ros2_control_demos/bin'
[0.911s] INFO:colcon.colcon_core.shell:Creating package script '/home/maneesh/dev_ws/install/gazebo_ros2_control_demos/share/gazebo_ros2_control_demos/package.ps1'
[0.912s] INFO:colcon.colcon_core.shell:Creating package descriptor '/home/maneesh/dev_ws/install/gazebo_ros2_control_demos/share/gazebo_ros2_control_demos/package.dsv'
[0.912s] INFO:colcon.colcon_core.shell:Creating package script '/home/maneesh/dev_ws/install/gazebo_ros2_control_demos/share/gazebo_ros2_control_demos/package.sh'
[0.912s] INFO:colcon.colcon_core.shell:Creating package script '/home/maneesh/dev_ws/install/gazebo_ros2_control_demos/share/gazebo_ros2_control_demos/package.bash'
[0.913s] INFO:colcon.colcon_core.shell:Creating package script '/home/maneesh/dev_ws/install/gazebo_ros2_control_demos/share/gazebo_ros2_control_demos/package.zsh'
[0.913s] Level 1:colcon.colcon_core.environment:create_file_with_runtime_dependencies(/home/maneesh/dev_ws/install/gazebo_ros2_control_demos/share/colcon-core/packages/gazebo_ros2_control_demos)
[1.240s] DEBUG:colcon.colcon_core.event_handler.log_command:Invoked command in '/home/maneesh/dev_ws/build/my_bot' returned '0': CMAKE_PREFIX_PATH=${CMAKE_PREFIX_PATH}:/opt/ros/foxy /usr/bin/cmake /home/maneesh/dev_ws/src/my_bot -DAMENT_CMAKE_SYMLINK_INSTALL=1 -DCMAKE_INSTALL_PREFIX=/home/maneesh/dev_ws/install/my_bot
[1.244s] DEBUG:colcon.colcon_core.event_handler.log_command:Invoking command in '/home/maneesh/dev_ws/build/my_bot': CMAKE_PREFIX_PATH=${CMAKE_PREFIX_PATH}:/opt/ros/foxy /usr/bin/cmake --build /home/maneesh/dev_ws/build/my_bot -- -j16 -l16
[1.290s] DEBUG:colcon.colcon_core.event_handler.log_command:Invoked command in '/home/maneesh/dev_ws/build/my_bot' returned '0': CMAKE_PREFIX_PATH=${CMAKE_PREFIX_PATH}:/opt/ros/foxy /usr/bin/cmake --build /home/maneesh/dev_ws/build/my_bot -- -j16 -l16
[1.317s] DEBUG:colcon.colcon_core.event_handler.log_command:Invoking command in '/home/maneesh/dev_ws/build/my_bot': CMAKE_PREFIX_PATH=${CMAKE_PREFIX_PATH}:/opt/ros/foxy /usr/bin/cmake --install /home/maneesh/dev_ws/build/my_bot
[1.797s] Level 1:colcon.colcon_core.environment:create_environment_scripts_only(my_bot)
[1.802s] Level 1:colcon.colcon_core.environment:checking '/home/maneesh/dev_ws/install/my_bot' for CMake module files
[1.803s] DEBUG:colcon.colcon_core.event_handler.log_command:Invoked command in '/home/maneesh/dev_ws/build/my_bot' returned '0': CMAKE_PREFIX_PATH=${CMAKE_PREFIX_PATH}:/opt/ros/foxy /usr/bin/cmake --install /home/maneesh/dev_ws/build/my_bot
[1.804s] Level 1:colcon.colcon_core.environment:checking '/home/maneesh/dev_ws/install/my_bot' for CMake config files
[1.804s] Level 1:colcon.colcon_core.shell:create_environment_hook('my_bot', 'cmake_prefix_path')
[1.805s] INFO:colcon.colcon_core.shell:Creating environment hook '/home/maneesh/dev_ws/install/my_bot/share/my_bot/hook/cmake_prefix_path.ps1'
[1.806s] INFO:colcon.colcon_core.shell:Creating environment descriptor '/home/maneesh/dev_ws/install/my_bot/share/my_bot/hook/cmake_prefix_path.dsv'
[1.806s] INFO:colcon.colcon_core.shell:Creating environment hook '/home/maneesh/dev_ws/install/my_bot/share/my_bot/hook/cmake_prefix_path.sh'
[1.806s] Level 1:colcon.colcon_core.environment:checking '/home/maneesh/dev_ws/install/my_bot/bin'
[1.806s] Level 1:colcon.colcon_core.environment:checking '/home/maneesh/dev_ws/install/my_bot/lib/pkgconfig/my_bot.pc'
[1.806s] Level 1:colcon.colcon_core.environment:checking '/home/maneesh/dev_ws/install/my_bot/lib/python3.8/site-packages'
[1.806s] Level 1:colcon.colcon_core.environment:checking '/home/maneesh/dev_ws/install/my_bot/bin'
[1.808s] INFO:colcon.colcon_core.shell:Creating package script '/home/maneesh/dev_ws/install/my_bot/share/my_bot/package.ps1'
[1.808s] INFO:colcon.colcon_core.shell:Creating package descriptor '/home/maneesh/dev_ws/install/my_bot/share/my_bot/package.dsv'
[1.808s] INFO:colcon.colcon_core.shell:Creating package script '/home/maneesh/dev_ws/install/my_bot/share/my_bot/package.sh'
[1.809s] INFO:colcon.colcon_core.shell:Creating package script '/home/maneesh/dev_ws/install/my_bot/share/my_bot/package.bash'
[1.809s] INFO:colcon.colcon_core.shell:Creating package script '/home/maneesh/dev_ws/install/my_bot/share/my_bot/package.zsh'
[1.809s] Level 1:colcon.colcon_core.environment:create_file_with_runtime_dependencies(/home/maneesh/dev_ws/install/my_bot/share/colcon-core/packages/my_bot)
[1.838s] Level 1:colcon.colcon_core.environment:create_environment_scripts_only(my_bot)
[1.840s] Level 1:colcon.colcon_core.environment:checking '/home/maneesh/dev_ws/install/my_bot' for CMake module files
[1.840s] Level 1:colcon.colcon_core.environment:checking '/home/maneesh/dev_ws/install/my_bot' for CMake config files
[1.841s] Level 1:colcon.colcon_core.shell:create_environment_hook('my_bot', 'cmake_prefix_path')
[1.841s] INFO:colcon.colcon_core.shell:Creating environment hook '/home/maneesh/dev_ws/install/my_bot/share/my_bot/hook/cmake_prefix_path.ps1'
[1.842s] INFO:colcon.colcon_core.shell:Creating environment descriptor '/home/maneesh/dev_ws/install/my_bot/share/my_bot/hook/cmake_prefix_path.dsv'
[1.842s] INFO:colcon.colcon_core.shell:Creating environment hook '/home/maneesh/dev_ws/install/my_bot/share/my_bot/hook/cmake_prefix_path.sh'
[1.843s] Level 1:colcon.colcon_core.environment:checking '/home/maneesh/dev_ws/install/my_bot/bin'
[1.843s] Level 1:colcon.colcon_core.environment:checking '/home/maneesh/dev_ws/install/my_bot/lib/pkgconfig/my_bot.pc'
[1.843s] Level 1:colcon.colcon_core.environment:checking '/home/maneesh/dev_ws/install/my_bot/lib/python3.8/site-packages'
[1.843s] Level 1:colcon.colcon_core.environment:checking '/home/maneesh/dev_ws/install/my_bot/bin'
[1.844s] INFO:colcon.colcon_core.shell:Creating package script '/home/maneesh/dev_ws/install/my_bot/share/my_bot/package.ps1'
[1.845s] INFO:colcon.colcon_core.shell:Creating package descriptor '/home/maneesh/dev_ws/install/my_bot/share/my_bot/package.dsv'
[1.845s] INFO:colcon.colcon_core.shell:Creating package script '/home/maneesh/dev_ws/install/my_bot/share/my_bot/package.sh'
[1.845s] INFO:colcon.colcon_core.shell:Creating package script '/home/maneesh/dev_ws/install/my_bot/share/my_bot/package.bash'
[1.846s] INFO:colcon.colcon_core.shell:Creating package script '/home/maneesh/dev_ws/install/my_bot/share/my_bot/package.zsh'
[1.846s] Level 1:colcon.colcon_core.environment:create_file_with_runtime_dependencies(/home/maneesh/dev_ws/install/my_bot/share/colcon-core/packages/my_bot)
[1.846s] DEBUG:colcon.colcon_parallel_executor.executor.parallel:closing loop
[1.847s] DEBUG:colcon.colcon_parallel_executor.executor.parallel:loop closed
[1.847s] DEBUG:colcon.colcon_parallel_executor.executor.parallel:run_until_complete finished with '0'
[1.847s] DEBUG:colcon.colcon_core.event_reactor:joining thread
[1.858s] INFO:colcon.colcon_core.plugin_system:Skipping extension 'colcon_notification.desktop_notification.terminal_notifier': Not used on non-Darwin systems
[1.858s] INFO:colcon.colcon_core.plugin_system:Skipping extension 'colcon_notification.desktop_notification.win32': Not used on non-Windows systems
[1.858s] INFO:colcon.colcon_notification.desktop_notification:Sending desktop notification using 'notify2'
[1.878s] DEBUG:colcon.colcon_core.event_reactor:joined thread
[1.880s] INFO:colcon.colcon_core.shell:Creating prefix script '/home/maneesh/dev_ws/install/local_setup.ps1'
[1.882s] INFO:colcon.colcon_core.shell:Creating prefix util module '/home/maneesh/dev_ws/install/_local_setup_util_ps1.py'
[1.883s] INFO:colcon.colcon_core.shell:Creating prefix chain script '/home/maneesh/dev_ws/install/setup.ps1'
[1.885s] INFO:colcon.colcon_core.shell:Creating prefix script '/home/maneesh/dev_ws/install/local_setup.sh'
[1.885s] INFO:colcon.colcon_core.shell:Creating prefix util module '/home/maneesh/dev_ws/install/_local_setup_util_sh.py'
[1.885s] INFO:colcon.colcon_core.shell:Creating prefix chain script '/home/maneesh/dev_ws/install/setup.sh'
[1.886s] INFO:colcon.colcon_core.shell:Creating prefix script '/home/maneesh/dev_ws/install/local_setup.bash'
[1.887s] INFO:colcon.colcon_core.shell:Creating prefix chain script '/home/maneesh/dev_ws/install/setup.bash'
[1.888s] INFO:colcon.colcon_core.shell:Creating prefix script '/home/maneesh/dev_ws/install/local_setup.zsh'
[1.888s] INFO:colcon.colcon_core.shell:Creating prefix chain script '/home/maneesh/dev_ws/install/setup.zsh'
