[0.038s] Invoking command in '/home/maneesh/dev_ws/build/my_bot': CMAKE_PREFIX_PATH=${CMAKE_PREFIX_PATH}:/opt/ros/foxy /usr/bin/cmake /home/maneesh/dev_ws/src/my_bot -DAMENT_CMAKE_SYMLINK_INSTALL=1 -DCMAKE_INSTALL_PREFIX=/home/maneesh/dev_ws/install/my_bot
[0.097s] -- The C compiler identification is GNU 9.4.0
[0.161s] -- The CXX compiler identification is GNU 9.4.0
[0.166s] -- Check for working C compiler: /usr/bin/cc
[0.243s] -- Check for working C compiler: /usr/bin/cc -- works
[0.244s] -- Detecting C compiler ABI info
[0.318s] -- Detecting C compiler ABI info - done
[0.327s] -- Detecting C compile features
[0.327s] -- Detecting C compile features - done
[0.329s] -- Check for working CXX compiler: /usr/bin/c++
[0.422s] -- Check for working CXX compiler: /usr/bin/c++ -- works
[0.424s] -- Detecting CXX compiler ABI info
[0.517s] -- Detecting CXX compiler ABI info - done
[0.527s] -- Detecting CXX compile features
[0.527s] -- Detecting CXX compile features - done
[0.530s] -- Found ament_cmake: 0.9.11 (/opt/ros/foxy/share/ament_cmake/cmake)
[0.561s] -- Found PythonInterp: /usr/bin/python3 (found suitable version "3.8.10", minimum required is "3") 
[0.561s] -- Using PYTHON_EXECUTABLE: /usr/bin/python3
[0.722s] -- Override CMake install command with custom implementation using symlinks instead of copying resources
[0.751s] -- Found ament_lint_auto: 0.9.7 (/opt/ros/foxy/share/ament_lint_auto/cmake)
[0.824s] -- Added test 'copyright' to check source files copyright and LICENSE
[0.830s] -- Added test 'flake8' to check Python code syntax and style conventions
[0.831s] -- Added test 'lint_cmake' to check CMake code style
[0.832s] -- Added test 'pep257' to check Python code against some of the style conventions in PEP 257
[0.835s] -- Added test 'xmllint' to check XML markup files
[0.837s] -- Configuring done
[0.838s] -- Generating done
[0.839s] -- Build files have been written to: /home/maneesh/dev_ws/build/my_bot
[0.843s] Invoked command in '/home/maneesh/dev_ws/build/my_bot' returned '0': CMAKE_PREFIX_PATH=${CMAKE_PREFIX_PATH}:/opt/ros/foxy /usr/bin/cmake /home/maneesh/dev_ws/src/my_bot -DAMENT_CMAKE_SYMLINK_INSTALL=1 -DCMAKE_INSTALL_PREFIX=/home/maneesh/dev_ws/install/my_bot
[0.846s] Invoking command in '/home/maneesh/dev_ws/build/my_bot': CMAKE_PREFIX_PATH=${CMAKE_PREFIX_PATH}:/opt/ros/foxy /usr/bin/cmake --build /home/maneesh/dev_ws/build/my_bot -- -j16 -l16
[0.893s] Invoked command in '/home/maneesh/dev_ws/build/my_bot' returned '0': CMAKE_PREFIX_PATH=${CMAKE_PREFIX_PATH}:/opt/ros/foxy /usr/bin/cmake --build /home/maneesh/dev_ws/build/my_bot -- -j16 -l16
[0.919s] Invoking command in '/home/maneesh/dev_ws/build/my_bot': CMAKE_PREFIX_PATH=${CMAKE_PREFIX_PATH}:/opt/ros/foxy /usr/bin/cmake --install /home/maneesh/dev_ws/build/my_bot
[0.929s] -- Install configuration: ""
[0.929s] -- Execute custom install script
[0.929s] -- Symlinking: /home/maneesh/dev_ws/install/my_bot/share/my_bot/config/drive_bot.rviz
[0.939s] -- Symlinking: /home/maneesh/dev_ws/install/my_bot/share/my_bot/config/empty.yaml
[0.953s] -- Symlinking: /home/maneesh/dev_ws/install/my_bot/share/my_bot/config/gaz_ros2_ctl_use_sim.yaml
[0.964s] -- Symlinking: /home/maneesh/dev_ws/install/my_bot/share/my_bot/config/gazebo_params.yaml
[0.974s] -- Symlinking: /home/maneesh/dev_ws/install/my_bot/share/my_bot/config/main.rviz
[0.986s] -- Symlinking: /home/maneesh/dev_ws/install/my_bot/share/my_bot/config/mapper_params_online_async.yaml
[0.995s] -- Symlinking: /home/maneesh/dev_ws/install/my_bot/share/my_bot/config/my_controllers.yaml
[1.010s] -- Symlinking: /home/maneesh/dev_ws/install/my_bot/share/my_bot/config/view_bot.rviz
[1.026s] -- Symlinking: /home/maneesh/dev_ws/install/my_bot/share/my_bot/description/camera.xacro
[1.041s] -- Symlinking: /home/maneesh/dev_ws/install/my_bot/share/my_bot/description/depth_camera.xacro
[1.051s] -- Symlinking: /home/maneesh/dev_ws/install/my_bot/share/my_bot/description/face.xacro
[1.066s] -- Symlinking: /home/maneesh/dev_ws/install/my_bot/share/my_bot/description/gazebo_control.xacro
[1.079s] -- Symlinking: /home/maneesh/dev_ws/install/my_bot/share/my_bot/description/inertial_macros.xacro
[1.091s] -- Symlinking: /home/maneesh/dev_ws/install/my_bot/share/my_bot/description/lidar.xacro
[1.105s] -- Symlinking: /home/maneesh/dev_ws/install/my_bot/share/my_bot/description/robot.urdf.xacro
[1.121s] -- Symlinking: /home/maneesh/dev_ws/install/my_bot/share/my_bot/description/robot_core.xacro
[1.130s] -- Symlinking: /home/maneesh/dev_ws/install/my_bot/share/my_bot/description/ros2_control.xacro
[1.142s] -- Symlinking: /home/maneesh/dev_ws/install/my_bot/share/my_bot/launch/camera.launch.py
[1.155s] -- Symlinking: /home/maneesh/dev_ws/install/my_bot/share/my_bot/launch/launch_robot.launch.py
[1.169s] -- Symlinking: /home/maneesh/dev_ws/install/my_bot/share/my_bot/launch/launch_sim.launch.py
[1.180s] -- Symlinking: /home/maneesh/dev_ws/install/my_bot/share/my_bot/launch/rplidar.launch.py
[1.191s] -- Symlinking: /home/maneesh/dev_ws/install/my_bot/share/my_bot/launch/rsp.launch.py
[1.204s] -- Symlinking: /home/maneesh/dev_ws/install/my_bot/share/my_bot/worlds/empty.world
[1.216s] -- Symlinking: /home/maneesh/dev_ws/install/my_bot/share/my_bot/worlds/house.world
[1.230s] -- Symlinking: /home/maneesh/dev_ws/install/my_bot/share/ament_index/resource_index/package_run_dependencies/my_bot
[1.244s] -- Symlinking: /home/maneesh/dev_ws/install/my_bot/share/ament_index/resource_index/parent_prefix_path/my_bot
[1.254s] -- Symlinking: /home/maneesh/dev_ws/install/my_bot/share/my_bot/environment/ament_prefix_path.sh
[1.264s] -- Symlinking: /home/maneesh/dev_ws/install/my_bot/share/my_bot/environment/ament_prefix_path.dsv
[1.274s] -- Symlinking: /home/maneesh/dev_ws/install/my_bot/share/my_bot/environment/path.sh
[1.284s] -- Symlinking: /home/maneesh/dev_ws/install/my_bot/share/my_bot/environment/path.dsv
[1.295s] -- Symlinking: /home/maneesh/dev_ws/install/my_bot/share/my_bot/local_setup.bash
[1.306s] -- Symlinking: /home/maneesh/dev_ws/install/my_bot/share/my_bot/local_setup.sh
[1.318s] -- Symlinking: /home/maneesh/dev_ws/install/my_bot/share/my_bot/local_setup.zsh
[1.329s] -- Symlinking: /home/maneesh/dev_ws/install/my_bot/share/my_bot/local_setup.dsv
[1.340s] -- Symlinking: /home/maneesh/dev_ws/install/my_bot/share/my_bot/package.dsv
[1.354s] -- Symlinking: /home/maneesh/dev_ws/install/my_bot/share/ament_index/resource_index/packages/my_bot
[1.363s] -- Symlinking: /home/maneesh/dev_ws/install/my_bot/share/my_bot/cmake/my_botConfig.cmake
[1.373s] -- Symlinking: /home/maneesh/dev_ws/install/my_bot/share/my_bot/cmake/my_botConfig-version.cmake
[1.383s] -- Symlinking: /home/maneesh/dev_ws/install/my_bot/share/my_bot/package.xml
[1.406s] Invoked command in '/home/maneesh/dev_ws/build/my_bot' returned '0': CMAKE_PREFIX_PATH=${CMAKE_PREFIX_PATH}:/opt/ros/foxy /usr/bin/cmake --install /home/maneesh/dev_ws/build/my_bot
