[0.237s] Invoking command in '/home/maneesh/dev_ws/build/web_video_server': CMAKE_PREFIX_PATH=${CMAKE_PREFIX_PATH}:/opt/ros/foxy /usr/bin/cmake --build /home/maneesh/dev_ws/build/web_video_server -- -j16 -l16
[0.384s] [100%] Built target web_video_server
[0.402s] Invoked command in '/home/maneesh/dev_ws/build/web_video_server' returned '0': CMAKE_PREFIX_PATH=${CMAKE_PREFIX_PATH}:/opt/ros/foxy /usr/bin/cmake --build /home/maneesh/dev_ws/build/web_video_server -- -j16 -l16
[0.461s] Invoking command in '/home/maneesh/dev_ws/build/web_video_server': CMAKE_PREFIX_PATH=${CMAKE_PREFIX_PATH}:/opt/ros/foxy /usr/bin/cmake --install /home/maneesh/dev_ws/build/web_video_server
[0.473s] -- Install configuration: ""
[0.473s] -- Execute custom install script
[0.473s] -- Up-to-date symlink: /home/maneesh/dev_ws/install/web_video_server/lib/web_video_server/web_video_server
[0.474s] -- Up-to-date symlink: /home/maneesh/dev_ws/install/web_video_server/share/ament_index/resource_index/package_run_dependencies/web_video_server
[0.474s] -- Up-to-date symlink: /home/maneesh/dev_ws/install/web_video_server/share/ament_index/resource_index/parent_prefix_path/web_video_server
[0.474s] -- Up-to-date symlink: /home/maneesh/dev_ws/install/web_video_server/share/web_video_server/environment/ament_prefix_path.sh
[0.474s] -- Up-to-date symlink: /home/maneesh/dev_ws/install/web_video_server/share/web_video_server/environment/ament_prefix_path.dsv
[0.474s] -- Up-to-date symlink: /home/maneesh/dev_ws/install/web_video_server/share/web_video_server/environment/path.sh
[0.475s] -- Up-to-date symlink: /home/maneesh/dev_ws/install/web_video_server/share/web_video_server/environment/path.dsv
[0.475s] -- Up-to-date symlink: /home/maneesh/dev_ws/install/web_video_server/share/web_video_server/local_setup.bash
[0.475s] -- Up-to-date symlink: /home/maneesh/dev_ws/install/web_video_server/share/web_video_server/local_setup.sh
[0.475s] -- Up-to-date symlink: /home/maneesh/dev_ws/install/web_video_server/share/web_video_server/local_setup.zsh
[0.475s] -- Up-to-date symlink: /home/maneesh/dev_ws/install/web_video_server/share/web_video_server/local_setup.dsv
[0.475s] -- Symlinking: /home/maneesh/dev_ws/install/web_video_server/share/web_video_server/package.dsv
[0.492s] -- Up-to-date symlink: /home/maneesh/dev_ws/install/web_video_server/share/ament_index/resource_index/packages/web_video_server
[0.492s] -- Up-to-date symlink: /home/maneesh/dev_ws/install/web_video_server/share/web_video_server/cmake/web_video_serverConfig.cmake
[0.492s] -- Up-to-date symlink: /home/maneesh/dev_ws/install/web_video_server/share/web_video_server/cmake/web_video_serverConfig-version.cmake
[0.492s] -- Up-to-date symlink: /home/maneesh/dev_ws/install/web_video_server/share/web_video_server/package.xml
[0.492s] -- Up-to-date: /home/maneesh/dev_ws/install/web_video_server/include/web_video_server
[0.493s] -- Up-to-date: /home/maneesh/dev_ws/install/web_video_server/include/web_video_server/libav_streamer.h
[0.493s] -- Up-to-date: /home/maneesh/dev_ws/install/web_video_server/include/web_video_server/jpeg_streamers.h
[0.493s] -- Up-to-date: /home/maneesh/dev_ws/install/web_video_server/include/web_video_server/ros_compressed_streamer.h
[0.493s] -- Up-to-date: /home/maneesh/dev_ws/install/web_video_server/include/web_video_server/image_streamer.h
[0.493s] -- Up-to-date: /home/maneesh/dev_ws/install/web_video_server/include/web_video_server/h264_streamer.h
[0.493s] -- Up-to-date: /home/maneesh/dev_ws/install/web_video_server/include/web_video_server/vp9_streamer.h
[0.493s] -- Up-to-date: /home/maneesh/dev_ws/install/web_video_server/include/web_video_server/multipart_stream.h
[0.494s] -- Up-to-date: /home/maneesh/dev_ws/install/web_video_server/include/web_video_server/png_streamers.h
[0.494s] -- Up-to-date: /home/maneesh/dev_ws/install/web_video_server/include/web_video_server/web_video_server.h
[0.495s] -- Up-to-date: /home/maneesh/dev_ws/install/web_video_server/include/web_video_server/vp8_streamer.h
[0.521s] Invoked command in '/home/maneesh/dev_ws/build/web_video_server' returned '0': CMAKE_PREFIX_PATH=${CMAKE_PREFIX_PATH}:/opt/ros/foxy /usr/bin/cmake --install /home/maneesh/dev_ws/build/web_video_server
