[0.040s] Invoking command in '/home/maneesh/dev_ws/build/my_bot': CMAKE_PREFIX_PATH=/opt/ros/foxy /usr/bin/cmake --build /home/maneesh/dev_ws/build/my_bot -- -j16 -l16
[0.068s] -- Found ament_cmake: 0.9.11 (/opt/ros/foxy/share/ament_cmake/cmake)
[0.091s] -- Using PYTHON_EXECUTABLE: /usr/bin/python3
[0.269s] -- Override CMake install command with custom implementation using symlinks instead of copying resources
[0.284s] -- Found ament_lint_auto: 0.9.7 (/opt/ros/foxy/share/ament_lint_auto/cmake)
[0.508s] -- Added test 'copyright' to check source files copyright and LICENSE
[0.519s] -- Added test 'flake8' to check Python code syntax and style conventions
[0.520s] -- Added test 'lint_cmake' to check CMake code style
[0.521s] -- Added test 'pep257' to check Python code against some of the style conventions in PEP 257
[0.525s] -- Added test 'xmllint' to check XML markup files
[0.526s] -- Configuring done
[0.530s] -- Generating done
[0.531s] -- Build files have been written to: /home/maneesh/dev_ws/build/my_bot
[0.557s] Invoked command in '/home/maneesh/dev_ws/build/my_bot' returned '0': CMAKE_PREFIX_PATH=/opt/ros/foxy /usr/bin/cmake --build /home/maneesh/dev_ws/build/my_bot -- -j16 -l16
[0.584s] Invoking command in '/home/maneesh/dev_ws/build/my_bot': CMAKE_PREFIX_PATH=/opt/ros/foxy /usr/bin/cmake --install /home/maneesh/dev_ws/build/my_bot
[0.597s] -- Install configuration: ""
[0.597s] -- Execute custom install script
[0.597s] -- Up-to-date symlink: /home/maneesh/dev_ws/install/my_bot/share/my_bot/config/drive_bot.rviz
[0.598s] -- Up-to-date symlink: /home/maneesh/dev_ws/install/my_bot/share/my_bot/config/empty.yaml
[0.598s] -- Up-to-date symlink: /home/maneesh/dev_ws/install/my_bot/share/my_bot/config/gaz_ros2_ctl_use_sim.yaml
[0.598s] -- Up-to-date symlink: /home/maneesh/dev_ws/install/my_bot/share/my_bot/config/gazebo_params.yaml
[0.598s] -- Up-to-date symlink: /home/maneesh/dev_ws/install/my_bot/share/my_bot/config/main.rviz
[0.598s] -- Up-to-date symlink: /home/maneesh/dev_ws/install/my_bot/share/my_bot/config/mapper_params_online_async.yaml
[0.598s] -- Up-to-date symlink: /home/maneesh/dev_ws/install/my_bot/share/my_bot/config/my_controllers.yaml
[0.598s] -- Up-to-date symlink: /home/maneesh/dev_ws/install/my_bot/share/my_bot/config/view_bot.rviz
[0.598s] -- Up-to-date symlink: /home/maneesh/dev_ws/install/my_bot/share/my_bot/description/camera.xacro
[0.598s] -- Symlinking: /home/maneesh/dev_ws/install/my_bot/share/my_bot/description/depth_camera.xacro
[0.607s] -- Up-to-date symlink: /home/maneesh/dev_ws/install/my_bot/share/my_bot/description/face.xacro
[0.608s] -- Up-to-date symlink: /home/maneesh/dev_ws/install/my_bot/share/my_bot/description/gazebo_control.xacro
[0.608s] -- Up-to-date symlink: /home/maneesh/dev_ws/install/my_bot/share/my_bot/description/inertial_macros.xacro
[0.608s] -- Up-to-date symlink: /home/maneesh/dev_ws/install/my_bot/share/my_bot/description/lidar.xacro
[0.608s] -- Up-to-date symlink: /home/maneesh/dev_ws/install/my_bot/share/my_bot/description/robot.urdf.xacro
[0.608s] -- Up-to-date symlink: /home/maneesh/dev_ws/install/my_bot/share/my_bot/description/robot_core.xacro
[0.609s] -- Up-to-date symlink: /home/maneesh/dev_ws/install/my_bot/share/my_bot/description/ros2_control.xacro
[0.609s] -- Up-to-date symlink: /home/maneesh/dev_ws/install/my_bot/share/my_bot/launch/camera.launch.py
[0.609s] -- Up-to-date symlink: /home/maneesh/dev_ws/install/my_bot/share/my_bot/launch/launch_robot.launch.py
[0.610s] -- Up-to-date symlink: /home/maneesh/dev_ws/install/my_bot/share/my_bot/launch/launch_sim.launch.py
[0.610s] -- Up-to-date symlink: /home/maneesh/dev_ws/install/my_bot/share/my_bot/launch/rplidar.launch.py
[0.610s] -- Up-to-date symlink: /home/maneesh/dev_ws/install/my_bot/share/my_bot/launch/rsp.launch.py
[0.610s] -- Up-to-date symlink: /home/maneesh/dev_ws/install/my_bot/share/my_bot/worlds/empty.world
[0.611s] -- Symlinking: /home/maneesh/dev_ws/install/my_bot/share/my_bot/worlds/house.world
[0.622s] -- Up-to-date symlink: /home/maneesh/dev_ws/install/my_bot/share/ament_index/resource_index/package_run_dependencies/my_bot
[0.622s] -- Up-to-date symlink: /home/maneesh/dev_ws/install/my_bot/share/ament_index/resource_index/parent_prefix_path/my_bot
[0.622s] -- Up-to-date symlink: /home/maneesh/dev_ws/install/my_bot/share/my_bot/environment/ament_prefix_path.sh
[0.622s] -- Up-to-date symlink: /home/maneesh/dev_ws/install/my_bot/share/my_bot/environment/ament_prefix_path.dsv
[0.623s] -- Up-to-date symlink: /home/maneesh/dev_ws/install/my_bot/share/my_bot/environment/path.sh
[0.623s] -- Up-to-date symlink: /home/maneesh/dev_ws/install/my_bot/share/my_bot/environment/path.dsv
[0.623s] -- Up-to-date symlink: /home/maneesh/dev_ws/install/my_bot/share/my_bot/local_setup.bash
[0.624s] -- Up-to-date symlink: /home/maneesh/dev_ws/install/my_bot/share/my_bot/local_setup.sh
[0.624s] -- Up-to-date symlink: /home/maneesh/dev_ws/install/my_bot/share/my_bot/local_setup.zsh
[0.624s] -- Up-to-date symlink: /home/maneesh/dev_ws/install/my_bot/share/my_bot/local_setup.dsv
[0.624s] -- Symlinking: /home/maneesh/dev_ws/install/my_bot/share/my_bot/package.dsv
[0.635s] -- Up-to-date symlink: /home/maneesh/dev_ws/install/my_bot/share/ament_index/resource_index/packages/my_bot
[0.635s] -- Up-to-date symlink: /home/maneesh/dev_ws/install/my_bot/share/my_bot/cmake/my_botConfig.cmake
[0.635s] -- Up-to-date symlink: /home/maneesh/dev_ws/install/my_bot/share/my_bot/cmake/my_botConfig-version.cmake
[0.635s] -- Up-to-date symlink: /home/maneesh/dev_ws/install/my_bot/share/my_bot/package.xml
[0.641s] Invoked command in '/home/maneesh/dev_ws/build/my_bot' returned '0': CMAKE_PREFIX_PATH=/opt/ros/foxy /usr/bin/cmake --install /home/maneesh/dev_ws/build/my_bot
